[INFO ] 2023-11-12 12:19:54.550 [main] DispatcherServlet - Initializing Servlet 'dispatcher'
[INFO ] 2023-11-12 12:19:56.299 [main] Version - HHH000412: Hibernate ORM core version 5.6.15.Final
[INFO ] 2023-11-12 12:19:56.809 [main] Version - HCANN000001: Hibernate Commons Annotations {5.1.2.Final}
[INFO ] 2023-11-12 12:19:59.757 [main] Dialect - HHH000400: Using dialect: org.hibernate.dialect.Oracle12cDialect
[INFO ] 2023-11-12 12:20:02.068 [main] JtaPlatformInitiator - HHH000490: Using JtaPlatform implementation: [org.hibernate.engine.transaction.jta.platform.internal.NoJtaPlatform]
[INFO ] 2023-11-12 12:20:03.597 [main] DefaultSecurityFilterChain - Creating filter chain: any request, [org.springframework.security.web.context.request.async.WebAsyncManagerIntegrationFilter@7fb2e8d3, org.springframework.security.web.context.SecurityContextPersistenceFilter@189283ae, org.springframework.security.web.header.HeaderWriterFilter@7882f2e2, org.springframework.security.web.authentication.logout.LogoutFilter@7a838036, org.springframework.security.web.authentication.UsernamePasswordAuthenticationFilter@51baea92, org.springframework.security.web.authentication.ui.DefaultLoginPageGeneratingFilter@414dc3ca, org.springframework.security.web.authentication.ui.DefaultLogoutPageGeneratingFilter@601f58a3, org.springframework.security.web.savedrequest.RequestCacheAwareFilter@508a1ef0, org.springframework.security.web.servletapi.SecurityContextHolderAwareRequestFilter@6c8057d1, org.springframework.security.web.authentication.AnonymousAuthenticationFilter@387d2104, org.springframework.security.web.session.SessionManagementFilter@1dafe1d2, org.springframework.security.web.access.ExceptionTranslationFilter@17051fb4, org.springframework.security.web.access.intercept.FilterSecurityInterceptor@156b69bc]
[INFO ] 2023-11-12 12:20:03.632 [main] DispatcherServlet - Completed initialization in 8947 ms
[WARN ] 2023-11-12 12:20:12.543 [http-nio-8080-exec-4] ResourceBundleMessageSource - ResourceBundle [message] not found for MessageSource: Can't find bundle for base name message, locale en_IN
[INFO ] 2023-11-12 12:39:47.982 [main] DispatcherServlet - Initializing Servlet 'dispatcher'
[INFO ] 2023-11-12 12:39:49.444 [main] Version - HHH000412: Hibernate ORM core version 5.6.15.Final
[INFO ] 2023-11-12 12:39:49.869 [main] Version - HCANN000001: Hibernate Commons Annotations {5.1.2.Final}
[INFO ] 2023-11-12 12:39:52.453 [main] Dialect - HHH000400: Using dialect: org.hibernate.dialect.Oracle12cDialect
[INFO ] 2023-11-12 12:39:54.577 [main] JtaPlatformInitiator - HHH000490: Using JtaPlatform implementation: [org.hibernate.engine.transaction.jta.platform.internal.NoJtaPlatform]
[INFO ] 2023-11-12 12:39:55.886 [main] DefaultSecurityFilterChain - Creating filter chain: any request, [org.springframework.security.web.context.request.async.WebAsyncManagerIntegrationFilter@30b9d1f0, org.springframework.security.web.context.SecurityContextPersistenceFilter@72bf66c7, org.springframework.security.web.header.HeaderWriterFilter@3338057a, org.springframework.security.web.authentication.logout.LogoutFilter@6a056d13, org.springframework.security.web.authentication.UsernamePasswordAuthenticationFilter@10b51115, org.springframework.security.web.authentication.ui.DefaultLoginPageGeneratingFilter@22b4ceb9, org.springframework.security.web.authentication.ui.DefaultLogoutPageGeneratingFilter@1c7294c, org.springframework.security.web.savedrequest.RequestCacheAwareFilter@119636bf, org.springframework.security.web.servletapi.SecurityContextHolderAwareRequestFilter@4d031311, org.springframework.security.web.authentication.AnonymousAuthenticationFilter@1b4d6eff, org.springframework.security.web.session.SessionManagementFilter@10b21a2b, org.springframework.security.web.access.ExceptionTranslationFilter@6da075fe, org.springframework.security.web.access.intercept.FilterSecurityInterceptor@31a45131]
[INFO ] 2023-11-12 12:39:55.913 [main] DispatcherServlet - Completed initialization in 7916 ms
[INFO ] 2023-11-12 13:59:50.773 [main] DispatcherServlet - Initializing Servlet 'dispatcher'
[INFO ] 2023-11-12 13:59:52.920 [main] Version - HHH000412: Hibernate ORM core version 5.6.15.Final
[INFO ] 2023-11-12 13:59:53.639 [main] Version - HCANN000001: Hibernate Commons Annotations {5.1.2.Final}
[INFO ] 2023-11-12 13:59:56.805 [main] Dialect - HHH000400: Using dialect: org.hibernate.dialect.Oracle12cDialect
[INFO ] 2023-11-12 13:59:59.805 [main] JtaPlatformInitiator - HHH000490: Using JtaPlatform implementation: [org.hibernate.engine.transaction.jta.platform.internal.NoJtaPlatform]
[INFO ] 2023-11-12 14:00:02.396 [main] DefaultSecurityFilterChain - Creating filter chain: any request, [org.springframework.security.web.context.request.async.WebAsyncManagerIntegrationFilter@7a838036, org.springframework.security.web.context.SecurityContextPersistenceFilter@73536bcc, org.springframework.security.web.header.HeaderWriterFilter@6a4899c, org.springframework.security.web.authentication.logout.LogoutFilter@74197f00, org.springframework.security.web.authentication.UsernamePasswordAuthenticationFilter@cb38d26, org.springframework.security.web.authentication.ui.DefaultLoginPageGeneratingFilter@44eb9af1, org.springframework.security.web.authentication.ui.DefaultLogoutPageGeneratingFilter@5d165dce, org.springframework.security.web.savedrequest.RequestCacheAwareFilter@5ca64b79, org.springframework.security.web.servletapi.SecurityContextHolderAwareRequestFilter@32e8c3c3, org.springframework.security.web.authentication.AnonymousAuthenticationFilter@98243dc, org.springframework.security.web.session.SessionManagementFilter@30d0e28e, org.springframework.security.web.access.ExceptionTranslationFilter@41fd7740, org.springframework.security.web.access.intercept.FilterSecurityInterceptor@b7e20f2]
[INFO ] 2023-11-12 14:00:02.453 [main] DispatcherServlet - Completed initialization in 11664 ms
[WARN ] 2023-11-12 14:00:08.821 [http-nio-8080-exec-3] ResourceBundleMessageSource - ResourceBundle [message] not found for MessageSource: Can't find bundle for base name message, locale en_IN
[INFO ] 2023-11-12 14:10:05.826 [main] DispatcherServlet - Initializing Servlet 'dispatcher'
[INFO ] 2023-11-12 14:10:08.564 [main] Version - HHH000412: Hibernate ORM core version 5.6.15.Final
[INFO ] 2023-11-12 14:10:09.220 [main] Version - HCANN000001: Hibernate Commons Annotations {5.1.2.Final}
[INFO ] 2023-11-12 14:10:12.452 [main] Dialect - HHH000400: Using dialect: org.hibernate.dialect.Oracle12cDialect
[INFO ] 2023-11-12 14:10:15.679 [main] JtaPlatformInitiator - HHH000490: Using JtaPlatform implementation: [org.hibernate.engine.transaction.jta.platform.internal.NoJtaPlatform]
[INFO ] 2023-11-12 14:10:17.552 [main] DefaultSecurityFilterChain - Creating filter chain: any request, [org.springframework.security.web.context.request.async.WebAsyncManagerIntegrationFilter@7a838036, org.springframework.security.web.context.SecurityContextPersistenceFilter@73536bcc, org.springframework.security.web.header.HeaderWriterFilter@6a4899c, org.springframework.security.web.authentication.logout.LogoutFilter@74197f00, org.springframework.security.web.authentication.UsernamePasswordAuthenticationFilter@cb38d26, org.springframework.security.web.authentication.ui.DefaultLoginPageGeneratingFilter@44eb9af1, org.springframework.security.web.authentication.ui.DefaultLogoutPageGeneratingFilter@5d165dce, org.springframework.security.web.savedrequest.RequestCacheAwareFilter@5ca64b79, org.springframework.security.web.servletapi.SecurityContextHolderAwareRequestFilter@32e8c3c3, org.springframework.security.web.authentication.AnonymousAuthenticationFilter@98243dc, org.springframework.security.web.session.SessionManagementFilter@30d0e28e, org.springframework.security.web.access.ExceptionTranslationFilter@41fd7740, org.springframework.security.web.access.intercept.FilterSecurityInterceptor@b7e20f2]
[INFO ] 2023-11-12 14:10:17.591 [main] DispatcherServlet - Completed initialization in 11744 ms
[ERROR] 2023-11-12 14:10:57.296 [http-nio-8080-exec-5] InputTag - Neither BindingResult nor plain target object for bean name 'command' available as request attribute
java.lang.IllegalStateException: Neither BindingResult nor plain target object for bean name 'command' available as request attribute
	at org.springframework.web.servlet.support.BindStatus.<init>(BindStatus.java:153) ~[spring-webmvc-5.3.26.jar:5.3.26]
	at org.springframework.web.servlet.tags.form.AbstractDataBoundFormElementTag.getBindStatus(AbstractDataBoundFormElementTag.java:178) ~[spring-webmvc-5.3.26.jar:5.3.26]
	at org.springframework.web.servlet.tags.form.AbstractDataBoundFormElementTag.getPropertyPath(AbstractDataBoundFormElementTag.java:199) ~[spring-webmvc-5.3.26.jar:5.3.26]
	at org.springframework.web.servlet.tags.form.AbstractDataBoundFormElementTag.getName(AbstractDataBoundFormElementTag.java:164) ~[spring-webmvc-5.3.26.jar:5.3.26]
	at org.springframework.web.servlet.tags.form.AbstractDataBoundFormElementTag.writeDefaultAttributes(AbstractDataBoundFormElementTag.java:123) ~[spring-webmvc-5.3.26.jar:5.3.26]
	at org.springframework.web.servlet.tags.form.AbstractHtmlElementTag.writeDefaultAttributes(AbstractHtmlElementTag.java:460) ~[spring-webmvc-5.3.26.jar:5.3.26]
	at org.springframework.web.servlet.tags.form.InputTag.writeTagContent(InputTag.java:357) ~[spring-webmvc-5.3.26.jar:5.3.26]
	at org.springframework.web.servlet.tags.form.AbstractFormTag.doStartTagInternal(AbstractFormTag.java:87) ~[spring-webmvc-5.3.26.jar:5.3.26]
	at org.springframework.web.servlet.tags.RequestContextAwareTag.doStartTag(RequestContextAwareTag.java:83) ~[spring-webmvc-5.3.26.jar:5.3.26]
	at org.apache.jsp.WEB_002dINF.views.registerTrainee_jsp._jspx_meth_form_005finput_005f0(registerTrainee_jsp.java:699) ~[?:?]
	at org.apache.jsp.WEB_002dINF.views.registerTrainee_jsp._jspService(registerTrainee_jsp.java:293) ~[?:?]
	at org.apache.jasper.runtime.HttpJspBase.service(HttpJspBase.java:70) ~[jasper.jar:9.0.80]
	at javax.servlet.http.HttpServlet.service(HttpServlet.java:623) ~[servlet-api.jar:4.0.FR]
	at org.apache.jasper.servlet.JspServletWrapper.service(JspServletWrapper.java:466) ~[jasper.jar:9.0.80]
	at org.apache.jasper.servlet.JspServlet.serviceJspFile(JspServlet.java:379) ~[jasper.jar:9.0.80]
	at org.apache.jasper.servlet.JspServlet.service(JspServlet.java:327) ~[jasper.jar:9.0.80]
	at javax.servlet.http.HttpServlet.service(HttpServlet.java:623) ~[servlet-api.jar:4.0.FR]
	at org.apache.catalina.core.ApplicationFilterChain.internalDoFilter(ApplicationFilterChain.java:209) ~[catalina.jar:9.0.80]
	at org.apache.catalina.core.ApplicationFilterChain.doFilter(ApplicationFilterChain.java:153) ~[catalina.jar:9.0.80]
	at org.apache.tomcat.websocket.server.WsFilter.doFilter(WsFilter.java:51) ~[tomcat-websocket.jar:9.0.80]
	at org.apache.catalina.core.ApplicationFilterChain.internalDoFilter(ApplicationFilterChain.java:178) ~[catalina.jar:9.0.80]
	at org.apache.catalina.core.ApplicationFilterChain.doFilter(ApplicationFilterChain.java:153) ~[catalina.jar:9.0.80]
	at org.apache.catalina.core.ApplicationDispatcher.invoke(ApplicationDispatcher.java:661) ~[catalina.jar:9.0.80]
	at org.apache.catalina.core.ApplicationDispatcher.processRequest(ApplicationDispatcher.java:425) ~[catalina.jar:9.0.80]
	at org.apache.catalina.core.ApplicationDispatcher.doForward(ApplicationDispatcher.java:357) ~[catalina.jar:9.0.80]
	at org.apache.catalina.core.ApplicationDispatcher.forward(ApplicationDispatcher.java:294) ~[catalina.jar:9.0.80]
	at org.springframework.security.web.header.HeaderWriterFilter$HeaderWriterRequestDispatcher.forward(HeaderWriterFilter.java:172) ~[spring-security-web-5.3.4.RELEASE.jar:5.3.4.RELEASE]
	at org.springframework.web.servlet.view.InternalResourceView.renderMergedOutputModel(InternalResourceView.java:171) ~[spring-webmvc-5.3.26.jar:5.3.26]
	at org.springframework.web.servlet.view.AbstractView.render(AbstractView.java:316) ~[spring-webmvc-5.3.26.jar:5.3.26]
	at org.springframework.web.servlet.DispatcherServlet.render(DispatcherServlet.java:1406) ~[spring-webmvc-5.3.26.jar:5.3.26]
	at org.springframework.web.servlet.DispatcherServlet.processDispatchResult(DispatcherServlet.java:1150) ~[spring-webmvc-5.3.26.jar:5.3.26]
	at org.springframework.web.servlet.DispatcherServlet.doDispatch(DispatcherServlet.java:1089) ~[spring-webmvc-5.3.26.jar:5.3.26]
	at org.springframework.web.servlet.DispatcherServlet.doService(DispatcherServlet.java:965) ~[spring-webmvc-5.3.26.jar:5.3.26]
	at org.springframework.web.servlet.FrameworkServlet.processRequest(FrameworkServlet.java:1006) ~[spring-webmvc-5.3.26.jar:5.3.26]
	at org.springframework.web.servlet.FrameworkServlet.doGet(FrameworkServlet.java:898) ~[spring-webmvc-5.3.26.jar:5.3.26]
	at javax.servlet.http.HttpServlet.service(HttpServlet.java:529) ~[servlet-api.jar:4.0.FR]
	at org.springframework.web.servlet.FrameworkServlet.service(FrameworkServlet.java:883) ~[spring-webmvc-5.3.26.jar:5.3.26]
	at javax.servlet.http.HttpServlet.service(HttpServlet.java:623) ~[servlet-api.jar:4.0.FR]
	at org.apache.catalina.core.ApplicationFilterChain.internalDoFilter(ApplicationFilterChain.java:209) ~[catalina.jar:9.0.80]
	at org.apache.catalina.core.ApplicationFilterChain.doFilter(ApplicationFilterChain.java:153) ~[catalina.jar:9.0.80]
	at org.apache.tomcat.websocket.server.WsFilter.doFilter(WsFilter.java:51) ~[tomcat-websocket.jar:9.0.80]
	at org.apache.catalina.core.ApplicationFilterChain.internalDoFilter(ApplicationFilterChain.java:178) ~[catalina.jar:9.0.80]
	at org.apache.catalina.core.ApplicationFilterChain.doFilter(ApplicationFilterChain.java:153) ~[catalina.jar:9.0.80]
	at org.springframework.security.web.FilterChainProxy$VirtualFilterChain.doFilter(FilterChainProxy.java:320) ~[spring-security-web-5.3.4.RELEASE.jar:5.3.4.RELEASE]
	at org.springframework.security.web.access.intercept.FilterSecurityInterceptor.invoke(FilterSecurityInterceptor.java:126) ~[spring-security-web-5.3.4.RELEASE.jar:5.3.4.RELEASE]
	at org.springframework.security.web.access.intercept.FilterSecurityInterceptor.doFilter(FilterSecurityInterceptor.java:90) ~[spring-security-web-5.3.4.RELEASE.jar:5.3.4.RELEASE]
	at org.springframework.security.web.FilterChainProxy$VirtualFilterChain.doFilter(FilterChainProxy.java:334) ~[spring-security-web-5.3.4.RELEASE.jar:5.3.4.RELEASE]
	at org.springframework.security.web.access.ExceptionTranslationFilter.doFilter(ExceptionTranslationFilter.java:118) ~[spring-security-web-5.3.4.RELEASE.jar:5.3.4.RELEASE]
	at org.springframework.security.web.FilterChainProxy$VirtualFilterChain.doFilter(FilterChainProxy.java:334) ~[spring-security-web-5.3.4.RELEASE.jar:5.3.4.RELEASE]
	at org.springframework.security.web.session.SessionManagementFilter.doFilter(SessionManagementFilter.java:137) ~[spring-security-web-5.3.4.RELEASE.jar:5.3.4.RELEASE]
	at org.springframework.security.web.FilterChainProxy$VirtualFilterChain.doFilter(FilterChainProxy.java:334) ~[spring-security-web-5.3.4.RELEASE.jar:5.3.4.RELEASE]
	at org.springframework.security.web.authentication.AnonymousAuthenticationFilter.doFilter(AnonymousAuthenticationFilter.java:111) ~[spring-security-web-5.3.4.RELEASE.jar:5.3.4.RELEASE]
	at org.springframework.security.web.FilterChainProxy$VirtualFilterChain.doFilter(FilterChainProxy.java:334) ~[spring-security-web-5.3.4.RELEASE.jar:5.3.4.RELEASE]
	at org.springframework.security.web.servletapi.SecurityContextHolderAwareRequestFilter.doFilter(SecurityContextHolderAwareRequestFilter.java:158) ~[spring-security-web-5.3.4.RELEASE.jar:5.3.4.RELEASE]
	at org.springframework.security.web.FilterChainProxy$VirtualFilterChain.doFilter(FilterChainProxy.java:334) ~[spring-security-web-5.3.4.RELEASE.jar:5.3.4.RELEASE]
	at org.springframework.security.web.savedrequest.RequestCacheAwareFilter.doFilter(RequestCacheAwareFilter.java:63) ~[spring-security-web-5.3.4.RELEASE.jar:5.3.4.RELEASE]
	at org.springframework.security.web.FilterChainProxy$VirtualFilterChain.doFilter(FilterChainProxy.java:334) ~[spring-security-web-5.3.4.RELEASE.jar:5.3.4.RELEASE]
	at org.springframework.security.web.authentication.ui.DefaultLogoutPageGeneratingFilter.doFilterInternal(DefaultLogoutPageGeneratingFilter.java:52) ~[spring-security-web-5.3.4.RELEASE.jar:5.3.4.RELEASE]
	at org.springframework.web.filter.OncePerRequestFilter.doFilter(OncePerRequestFilter.java:117) ~[spring-web-5.3.26.jar:5.3.26]
	at org.springframework.security.web.FilterChainProxy$VirtualFilterChain.doFilter(FilterChainProxy.java:334) ~[spring-security-web-5.3.4.RELEASE.jar:5.3.4.RELEASE]
	at org.springframework.security.web.authentication.ui.DefaultLoginPageGeneratingFilter.doFilter(DefaultLoginPageGeneratingFilter.java:216) ~[spring-security-web-5.3.4.RELEASE.jar:5.3.4.RELEASE]
	at org.springframework.security.web.FilterChainProxy$VirtualFilterChain.doFilter(FilterChainProxy.java:334) ~[spring-security-web-5.3.4.RELEASE.jar:5.3.4.RELEASE]
	at org.springframework.security.web.authentication.AbstractAuthenticationProcessingFilter.doFilter(AbstractAuthenticationProcessingFilter.java:200) ~[spring-security-web-5.3.4.RELEASE.jar:5.3.4.RELEASE]
	at org.springframework.security.web.FilterChainProxy$VirtualFilterChain.doFilter(FilterChainProxy.java:334) ~[spring-security-web-5.3.4.RELEASE.jar:5.3.4.RELEASE]
	at org.springframework.security.web.authentication.logout.LogoutFilter.doFilter(LogoutFilter.java:116) ~[spring-security-web-5.3.4.RELEASE.jar:5.3.4.RELEASE]
	at org.springframework.security.web.FilterChainProxy$VirtualFilterChain.doFilter(FilterChainProxy.java:334) ~[spring-security-web-5.3.4.RELEASE.jar:5.3.4.RELEASE]
	at org.springframework.security.web.header.HeaderWriterFilter.doHeadersAfter(HeaderWriterFilter.java:92) ~[spring-security-web-5.3.4.RELEASE.jar:5.3.4.RELEASE]
	at org.springframework.security.web.header.HeaderWriterFilter.doFilterInternal(HeaderWriterFilter.java:77) ~[spring-security-web-5.3.4.RELEASE.jar:5.3.4.RELEASE]
	at org.springframework.web.filter.OncePerRequestFilter.doFilter(OncePerRequestFilter.java:117) ~[spring-web-5.3.26.jar:5.3.26]
	at org.springframework.security.web.FilterChainProxy$VirtualFilterChain.doFilter(FilterChainProxy.java:334) ~[spring-security-web-5.3.4.RELEASE.jar:5.3.4.RELEASE]
	at org.springframework.security.web.context.SecurityContextPersistenceFilter.doFilter(SecurityContextPersistenceFilter.java:105) ~[spring-security-web-5.3.4.RELEASE.jar:5.3.4.RELEASE]
	at org.springframework.security.web.FilterChainProxy$VirtualFilterChain.doFilter(FilterChainProxy.java:334) ~[spring-security-web-5.3.4.RELEASE.jar:5.3.4.RELEASE]
	at org.springframework.security.web.context.request.async.WebAsyncManagerIntegrationFilter.doFilterInternal(WebAsyncManagerIntegrationFilter.java:56) ~[spring-security-web-5.3.4.RELEASE.jar:5.3.4.RELEASE]
	at org.springframework.web.filter.OncePerRequestFilter.doFilter(OncePerRequestFilter.java:117) ~[spring-web-5.3.26.jar:5.3.26]
	at org.springframework.security.web.FilterChainProxy$VirtualFilterChain.doFilter(FilterChainProxy.java:334) ~[spring-security-web-5.3.4.RELEASE.jar:5.3.4.RELEASE]
	at org.springframework.security.web.FilterChainProxy.doFilterInternal(FilterChainProxy.java:215) ~[spring-security-web-5.3.4.RELEASE.jar:5.3.4.RELEASE]
	at org.springframework.security.web.FilterChainProxy.doFilter(FilterChainProxy.java:178) ~[spring-security-web-5.3.4.RELEASE.jar:5.3.4.RELEASE]
	at org.springframework.web.filter.DelegatingFilterProxy.invokeDelegate(DelegatingFilterProxy.java:354) ~[spring-web-5.3.26.jar:5.3.26]
	at org.springframework.web.filter.DelegatingFilterProxy.doFilter(DelegatingFilterProxy.java:267) ~[spring-web-5.3.26.jar:5.3.26]
	at org.apache.catalina.core.ApplicationFilterChain.internalDoFilter(ApplicationFilterChain.java:178) ~[catalina.jar:9.0.80]
	at org.apache.catalina.core.ApplicationFilterChain.doFilter(ApplicationFilterChain.java:153) ~[catalina.jar:9.0.80]
	at org.apache.catalina.core.StandardWrapperValve.invoke(StandardWrapperValve.java:168) ~[catalina.jar:9.0.80]
	at org.apache.catalina.core.StandardContextValve.invoke(StandardContextValve.java:90) ~[catalina.jar:9.0.80]
	at org.apache.catalina.authenticator.AuthenticatorBase.invoke(AuthenticatorBase.java:481) ~[catalina.jar:9.0.80]
	at org.apache.catalina.core.StandardHostValve.invoke(StandardHostValve.java:130) ~[catalina.jar:9.0.80]
	at org.apache.catalina.valves.ErrorReportValve.invoke(ErrorReportValve.java:93) ~[catalina.jar:9.0.80]
	at org.apache.catalina.valves.AbstractAccessLogValve.invoke(AbstractAccessLogValve.java:670) ~[catalina.jar:9.0.80]
	at org.apache.catalina.core.StandardEngineValve.invoke(StandardEngineValve.java:74) ~[catalina.jar:9.0.80]
	at org.apache.catalina.connector.CoyoteAdapter.service(CoyoteAdapter.java:343) ~[catalina.jar:9.0.80]
	at org.apache.coyote.http11.Http11Processor.service(Http11Processor.java:390) ~[tomcat-coyote.jar:9.0.80]
	at org.apache.coyote.AbstractProcessorLight.process(AbstractProcessorLight.java:63) ~[tomcat-coyote.jar:9.0.80]
	at org.apache.coyote.AbstractProtocol$ConnectionHandler.process(AbstractProtocol.java:926) ~[tomcat-coyote.jar:9.0.80]
	at org.apache.tomcat.util.net.NioEndpoint$SocketProcessor.doRun(NioEndpoint.java:1790) ~[tomcat-coyote.jar:9.0.80]
	at org.apache.tomcat.util.net.SocketProcessorBase.run(SocketProcessorBase.java:52) ~[tomcat-coyote.jar:9.0.80]
	at org.apache.tomcat.util.threads.ThreadPoolExecutor.runWorker(ThreadPoolExecutor.java:1191) ~[tomcat-util.jar:9.0.80]
	at org.apache.tomcat.util.threads.ThreadPoolExecutor$Worker.run(ThreadPoolExecutor.java:659) ~[tomcat-util.jar:9.0.80]
	at org.apache.tomcat.util.threads.TaskThread$WrappingRunnable.run(TaskThread.java:61) ~[tomcat-util.jar:9.0.80]
	at java.lang.Thread.run(Thread.java:834) ~[?:?]
[WARN ] 2023-11-12 14:26:22.074 [http-nio-8080-exec-8] DefaultHandlerExceptionResolver - Resolved [org.springframework.http.converter.HttpMessageNotReadableException: JSON parse error: Unexpected character ('a' (code 97)): was expecting double-quote to start field name; nested exception is com.fasterxml.jackson.core.JsonParseException: Unexpected character ('a' (code 97)): was expecting double-quote to start field name<EOL> at [Source: (org.springframework.util.StreamUtils$NonClosingInputStream); line: 2, column: 2]]
[WARN ] 2023-11-12 14:26:34.540 [http-nio-8080-exec-10] DefaultHandlerExceptionResolver - Resolved [org.springframework.http.converter.HttpMessageNotReadableException: JSON parse error: Unexpected character ('a' (code 97)): was expecting double-quote to start field name; nested exception is com.fasterxml.jackson.core.JsonParseException: Unexpected character ('a' (code 97)): was expecting double-quote to start field name<EOL> at [Source: (org.springframework.util.StreamUtils$NonClosingInputStream); line: 2, column: 2]]
[INFO ] 2023-11-12 14:31:46.838 [main] DispatcherServlet - Initializing Servlet 'dispatcher'
[INFO ] 2023-11-12 14:31:49.596 [main] Version - HHH000412: Hibernate ORM core version 5.6.15.Final
[INFO ] 2023-11-12 14:31:50.457 [main] Version - HCANN000001: Hibernate Commons Annotations {5.1.2.Final}
[INFO ] 2023-11-12 14:31:54.133 [main] Dialect - HHH000400: Using dialect: org.hibernate.dialect.Oracle12cDialect
[INFO ] 2023-11-12 14:31:57.121 [main] JtaPlatformInitiator - HHH000490: Using JtaPlatform implementation: [org.hibernate.engine.transaction.jta.platform.internal.NoJtaPlatform]
[INFO ] 2023-11-12 14:31:58.944 [main] DefaultSecurityFilterChain - Creating filter chain: any request, [org.springframework.security.web.context.request.async.WebAsyncManagerIntegrationFilter@1ad1a318, org.springframework.security.web.context.SecurityContextPersistenceFilter@aea96b0, org.springframework.security.web.header.HeaderWriterFilter@7e14627b, org.springframework.security.web.authentication.logout.LogoutFilter@1472308f, org.springframework.security.web.authentication.UsernamePasswordAuthenticationFilter@4b6a7362, org.springframework.security.web.authentication.ui.DefaultLoginPageGeneratingFilter@313ac50e, org.springframework.security.web.authentication.ui.DefaultLogoutPageGeneratingFilter@8381edd, org.springframework.security.web.savedrequest.RequestCacheAwareFilter@21c09e90, org.springframework.security.web.servletapi.SecurityContextHolderAwareRequestFilter@6d6a20f7, org.springframework.security.web.authentication.AnonymousAuthenticationFilter@611f774a, org.springframework.security.web.session.SessionManagementFilter@2fae65df, org.springframework.security.web.access.ExceptionTranslationFilter@4d031311, org.springframework.security.web.access.intercept.FilterSecurityInterceptor@30cf6802]
[INFO ] 2023-11-12 14:31:58.984 [main] DispatcherServlet - Completed initialization in 12133 ms
[INFO ] 2023-11-12 14:51:18.568 [main] DispatcherServlet - Initializing Servlet 'dispatcher'
[INFO ] 2023-11-12 14:51:21.149 [main] Version - HHH000412: Hibernate ORM core version 5.6.15.Final
[INFO ] 2023-11-12 14:51:21.814 [main] Version - HCANN000001: Hibernate Commons Annotations {5.1.2.Final}
[INFO ] 2023-11-12 14:51:25.058 [main] Dialect - HHH000400: Using dialect: org.hibernate.dialect.Oracle12cDialect
[INFO ] 2023-11-12 14:51:28.090 [main] JtaPlatformInitiator - HHH000490: Using JtaPlatform implementation: [org.hibernate.engine.transaction.jta.platform.internal.NoJtaPlatform]
[INFO ] 2023-11-12 14:51:29.990 [main] DefaultSecurityFilterChain - Creating filter chain: any request, [org.springframework.security.web.context.request.async.WebAsyncManagerIntegrationFilter@611f774a, org.springframework.security.web.context.SecurityContextPersistenceFilter@21c09e90, org.springframework.security.web.header.HeaderWriterFilter@2fae65df, org.springframework.security.web.authentication.logout.LogoutFilter@52afe9f2, org.springframework.security.web.authentication.UsernamePasswordAuthenticationFilter@66557a82, org.springframework.security.web.authentication.ui.DefaultLoginPageGeneratingFilter@4b11a972, org.springframework.security.web.authentication.ui.DefaultLogoutPageGeneratingFilter@229050ef, org.springframework.security.web.savedrequest.RequestCacheAwareFilter@292be875, org.springframework.security.web.servletapi.SecurityContextHolderAwareRequestFilter@6a056d13, org.springframework.security.web.authentication.AnonymousAuthenticationFilter@35cefec6, org.springframework.security.web.session.SessionManagementFilter@aea96b0, org.springframework.security.web.access.ExceptionTranslationFilter@18b9b269, org.springframework.security.web.access.intercept.FilterSecurityInterceptor@d8194cc]
[INFO ] 2023-11-12 14:51:30.028 [main] DispatcherServlet - Completed initialization in 11436 ms
[INFO ] 2023-11-12 15:49:48.523 [main] DispatcherServlet - Initializing Servlet 'dispatcher'
[INFO ] 2023-11-12 15:49:51.502 [main] Version - HHH000412: Hibernate ORM core version 5.6.15.Final
[INFO ] 2023-11-12 15:49:52.347 [main] Version - HCANN000001: Hibernate Commons Annotations {5.1.2.Final}
[INFO ] 2023-11-12 15:49:55.912 [main] Dialect - HHH000400: Using dialect: org.hibernate.dialect.Oracle12cDialect
[INFO ] 2023-11-12 15:49:58.761 [main] JtaPlatformInitiator - HHH000490: Using JtaPlatform implementation: [org.hibernate.engine.transaction.jta.platform.internal.NoJtaPlatform]
[INFO ] 2023-11-12 15:50:00.723 [main] DefaultSecurityFilterChain - Creating filter chain: any request, [org.springframework.security.web.context.request.async.WebAsyncManagerIntegrationFilter@53a8059, org.springframework.security.web.context.SecurityContextPersistenceFilter@41334af0, org.springframework.security.web.header.HeaderWriterFilter@292be875, org.springframework.security.web.authentication.logout.LogoutFilter@5953465a, org.springframework.security.web.authentication.UsernamePasswordAuthenticationFilter@8381edd, org.springframework.security.web.authentication.ui.DefaultLoginPageGeneratingFilter@5df01ff5, org.springframework.security.web.authentication.ui.DefaultLogoutPageGeneratingFilter@3e4bbada, org.springframework.security.web.savedrequest.RequestCacheAwareFilter@6d6a20f7, org.springframework.security.web.servletapi.SecurityContextHolderAwareRequestFilter@629b5b96, org.springframework.security.web.authentication.AnonymousAuthenticationFilter@630d7bce, org.springframework.security.web.session.SessionManagementFilter@15dcaa32, org.springframework.security.web.access.ExceptionTranslationFilter@aea96b0, org.springframework.security.web.access.intercept.FilterSecurityInterceptor@26bc130c]
[INFO ] 2023-11-12 15:50:00.771 [main] DispatcherServlet - Completed initialization in 12226 ms
[INFO ] 2023-11-12 15:51:11.883 [main] DispatcherServlet - Initializing Servlet 'dispatcher'
[INFO ] 2023-11-12 15:51:14.807 [main] Version - HHH000412: Hibernate ORM core version 5.6.15.Final
[INFO ] 2023-11-12 15:51:15.539 [main] Version - HCANN000001: Hibernate Commons Annotations {5.1.2.Final}
[INFO ] 2023-11-12 15:51:18.927 [main] Dialect - HHH000400: Using dialect: org.hibernate.dialect.Oracle12cDialect
[INFO ] 2023-11-12 15:51:21.906 [main] JtaPlatformInitiator - HHH000490: Using JtaPlatform implementation: [org.hibernate.engine.transaction.jta.platform.internal.NoJtaPlatform]
[INFO ] 2023-11-12 15:51:24.009 [main] DefaultSecurityFilterChain - Creating filter chain: any request, [org.springframework.security.web.context.request.async.WebAsyncManagerIntegrationFilter@7bde4c65, org.springframework.security.web.context.SecurityContextPersistenceFilter@4aa0b026, org.springframework.security.web.header.HeaderWriterFilter@5ac1ba35, org.springframework.security.web.authentication.logout.LogoutFilter@2288342c, org.springframework.security.web.authentication.UsernamePasswordAuthenticationFilter@6084d56b, org.springframework.security.web.authentication.ui.DefaultLoginPageGeneratingFilter@228a6823, org.springframework.security.web.authentication.ui.DefaultLogoutPageGeneratingFilter@6537ab7d, org.springframework.security.web.savedrequest.RequestCacheAwareFilter@1a35041, org.springframework.security.web.servletapi.SecurityContextHolderAwareRequestFilter@1dbef39d, org.springframework.security.web.authentication.AnonymousAuthenticationFilter@208c08d2, org.springframework.security.web.session.SessionManagementFilter@2f815a12, org.springframework.security.web.access.ExceptionTranslationFilter@32e8c3c3, org.springframework.security.web.access.intercept.FilterSecurityInterceptor@2a542f65]
[INFO ] 2023-11-12 15:51:24.050 [main] DispatcherServlet - Completed initialization in 12149 ms
[INFO ] 2023-11-12 16:00:55.037 [main] DispatcherServlet - Initializing Servlet 'dispatcher'
[INFO ] 2023-11-12 16:00:57.232 [main] Version - HHH000412: Hibernate ORM core version 5.6.15.Final
[INFO ] 2023-11-12 16:00:57.927 [main] Version - HCANN000001: Hibernate Commons Annotations {5.1.2.Final}
[INFO ] 2023-11-12 16:01:01.113 [main] Dialect - HHH000400: Using dialect: org.hibernate.dialect.Oracle12cDialect
[INFO ] 2023-11-12 16:01:04.182 [main] JtaPlatformInitiator - HHH000490: Using JtaPlatform implementation: [org.hibernate.engine.transaction.jta.platform.internal.NoJtaPlatform]
[INFO ] 2023-11-12 16:01:06.143 [main] DefaultSecurityFilterChain - Creating filter chain: any request, [org.springframework.security.web.context.request.async.WebAsyncManagerIntegrationFilter@52ac57e7, org.springframework.security.web.context.SecurityContextPersistenceFilter@43bc1d67, org.springframework.security.web.header.HeaderWriterFilter@633c9699, org.springframework.security.web.authentication.logout.LogoutFilter@1081906a, org.springframework.security.web.authentication.UsernamePasswordAuthenticationFilter@7432a39e, org.springframework.security.web.authentication.ui.DefaultLoginPageGeneratingFilter@4a5c29dc, org.springframework.security.web.authentication.ui.DefaultLogoutPageGeneratingFilter@2396e6e1, org.springframework.security.web.savedrequest.RequestCacheAwareFilter@7e4d93e7, org.springframework.security.web.servletapi.SecurityContextHolderAwareRequestFilter@1145eb60, org.springframework.security.web.authentication.AnonymousAuthenticationFilter@1c486cec, org.springframework.security.web.session.SessionManagementFilter@31373fc1, org.springframework.security.web.access.ExceptionTranslationFilter@7c269f21, org.springframework.security.web.access.intercept.FilterSecurityInterceptor@4aa0b026]
[INFO ] 2023-11-12 16:01:06.198 [main] DispatcherServlet - Completed initialization in 11147 ms
[WARN ] 2023-11-12 16:01:30.049 [http-nio-8080-exec-3] ResourceBundleMessageSource - ResourceBundle [message] not found for MessageSource: Can't find bundle for base name message, locale en_IN
[WARN ] 2023-11-12 21:36:58.215 [http-nio-8080-exec-4] ResourceBundleMessageSource - ResourceBundle [message] not found for MessageSource: Can't find bundle for base name message, locale en_IN
[INFO ] 2023-11-12 21:40:00.273 [main] DispatcherServlet - Initializing Servlet 'dispatcher'
[INFO ] 2023-11-12 21:40:01.787 [main] Version - HHH000412: Hibernate ORM core version 5.6.15.Final
[INFO ] 2023-11-12 21:40:02.274 [main] Version - HCANN000001: Hibernate Commons Annotations {5.1.2.Final}
[INFO ] 2023-11-12 21:40:04.987 [main] Dialect - HHH000400: Using dialect: org.hibernate.dialect.Oracle12cDialect
[INFO ] 2023-11-12 21:40:07.123 [main] JtaPlatformInitiator - HHH000490: Using JtaPlatform implementation: [org.hibernate.engine.transaction.jta.platform.internal.NoJtaPlatform]
[INFO ] 2023-11-12 21:40:08.381 [main] DefaultSecurityFilterChain - Creating filter chain: any request, [org.springframework.security.web.context.request.async.WebAsyncManagerIntegrationFilter@1b4d6eff, org.springframework.security.web.context.SecurityContextPersistenceFilter@119636bf, org.springframework.security.web.header.HeaderWriterFilter@10b21a2b, org.springframework.security.web.authentication.logout.LogoutFilter@77c0457f, org.springframework.security.web.authentication.UsernamePasswordAuthenticationFilter@5c04d23e, org.springframework.security.web.authentication.ui.DefaultLoginPageGeneratingFilter@2bda778a, org.springframework.security.web.authentication.ui.DefaultLogoutPageGeneratingFilter@6786016, org.springframework.security.web.savedrequest.RequestCacheAwareFilter@64b71b49, org.springframework.security.web.servletapi.SecurityContextHolderAwareRequestFilter@18b9b269, org.springframework.security.web.authentication.AnonymousAuthenticationFilter@78b00778, org.springframework.security.web.session.SessionManagementFilter@72bf66c7, org.springframework.security.web.access.ExceptionTranslationFilter@4a9f02f4, org.springframework.security.web.access.intercept.FilterSecurityInterceptor@3a8f9d53]
[INFO ] 2023-11-12 21:40:08.404 [main] DispatcherServlet - Completed initialization in 8119 ms
[INFO ] 2023-11-12 21:40:33.350 [main] DispatcherServlet - Initializing Servlet 'dispatcher'
[INFO ] 2023-11-12 21:40:34.768 [main] Version - HHH000412: Hibernate ORM core version 5.6.15.Final
[INFO ] 2023-11-12 21:40:35.234 [main] Version - HCANN000001: Hibernate Commons Annotations {5.1.2.Final}
[INFO ] 2023-11-12 21:40:37.862 [main] Dialect - HHH000400: Using dialect: org.hibernate.dialect.Oracle12cDialect
[INFO ] 2023-11-12 21:40:40.022 [main] JtaPlatformInitiator - HHH000490: Using JtaPlatform implementation: [org.hibernate.engine.transaction.jta.platform.internal.NoJtaPlatform]
[INFO ] 2023-11-12 21:40:41.347 [main] DefaultSecurityFilterChain - Creating filter chain: any request, [org.springframework.security.web.context.request.async.WebAsyncManagerIntegrationFilter@6d1e558b, org.springframework.security.web.context.SecurityContextPersistenceFilter@40fd518f, org.springframework.security.web.header.HeaderWriterFilter@629b5b96, org.springframework.security.web.authentication.logout.LogoutFilter@6b420c8, org.springframework.security.web.authentication.UsernamePasswordAuthenticationFilter@5d2d89a6, org.springframework.security.web.authentication.ui.DefaultLoginPageGeneratingFilter@39d547e, org.springframework.security.web.authentication.ui.DefaultLogoutPageGeneratingFilter@5401976b, org.springframework.security.web.savedrequest.RequestCacheAwareFilter@77e86a53, org.springframework.security.web.servletapi.SecurityContextHolderAwareRequestFilter@52afe9f2, org.springframework.security.web.authentication.AnonymousAuthenticationFilter@22f9cea5, org.springframework.security.web.session.SessionManagementFilter@47c5ad11, org.springframework.security.web.access.ExceptionTranslationFilter@77c0457f, org.springframework.security.web.access.intercept.FilterSecurityInterceptor@630d7bce]
[INFO ] 2023-11-12 21:40:41.388 [main] DispatcherServlet - Completed initialization in 8028 ms
[INFO ] 2023-11-12 22:12:22.600 [main] DispatcherServlet - Initializing Servlet 'dispatcher'
[INFO ] 2023-11-12 22:12:23.996 [main] Version - HHH000412: Hibernate ORM core version 5.6.15.Final
[INFO ] 2023-11-12 22:12:24.428 [main] Version - HCANN000001: Hibernate Commons Annotations {5.1.2.Final}
[INFO ] 2023-11-12 22:12:27.235 [main] Dialect - HHH000400: Using dialect: org.hibernate.dialect.Oracle12cDialect
[INFO ] 2023-11-12 22:12:29.650 [main] JtaPlatformInitiator - HHH000490: Using JtaPlatform implementation: [org.hibernate.engine.transaction.jta.platform.internal.NoJtaPlatform]
[INFO ] 2023-11-12 22:12:30.928 [main] DefaultSecurityFilterChain - Creating filter chain: any request, [org.springframework.security.web.context.request.async.WebAsyncManagerIntegrationFilter@6d1e558b, org.springframework.security.web.context.SecurityContextPersistenceFilter@40fd518f, org.springframework.security.web.header.HeaderWriterFilter@629b5b96, org.springframework.security.web.authentication.logout.LogoutFilter@6b420c8, org.springframework.security.web.authentication.UsernamePasswordAuthenticationFilter@5d2d89a6, org.springframework.security.web.authentication.ui.DefaultLoginPageGeneratingFilter@39d547e, org.springframework.security.web.authentication.ui.DefaultLogoutPageGeneratingFilter@5401976b, org.springframework.security.web.savedrequest.RequestCacheAwareFilter@77e86a53, org.springframework.security.web.servletapi.SecurityContextHolderAwareRequestFilter@52afe9f2, org.springframework.security.web.authentication.AnonymousAuthenticationFilter@22f9cea5, org.springframework.security.web.session.SessionManagementFilter@47c5ad11, org.springframework.security.web.access.ExceptionTranslationFilter@77c0457f, org.springframework.security.web.access.intercept.FilterSecurityInterceptor@630d7bce]
[INFO ] 2023-11-12 22:12:30.971 [main] DispatcherServlet - Completed initialization in 8361 ms
[INFO ] 2023-11-12 22:15:16.102 [main] DispatcherServlet - Initializing Servlet 'dispatcher'
[INFO ] 2023-11-12 22:15:17.545 [main] Version - HHH000412: Hibernate ORM core version 5.6.15.Final
[INFO ] 2023-11-12 22:15:17.982 [main] Version - HCANN000001: Hibernate Commons Annotations {5.1.2.Final}
[INFO ] 2023-11-12 22:15:20.740 [main] Dialect - HHH000400: Using dialect: org.hibernate.dialect.Oracle12cDialect
[INFO ] 2023-11-12 22:15:22.773 [main] JtaPlatformInitiator - HHH000490: Using JtaPlatform implementation: [org.hibernate.engine.transaction.jta.platform.internal.NoJtaPlatform]
[INFO ] 2023-11-12 22:15:24.042 [main] DefaultSecurityFilterChain - Creating filter chain: any request, [org.springframework.security.web.context.request.async.WebAsyncManagerIntegrationFilter@4847fe15, org.springframework.security.web.context.SecurityContextPersistenceFilter@187f6ac7, org.springframework.security.web.header.HeaderWriterFilter@414dc3ca, org.springframework.security.web.authentication.logout.LogoutFilter@3f851ccf, org.springframework.security.web.authentication.UsernamePasswordAuthenticationFilter@7b04dba0, org.springframework.security.web.authentication.ui.DefaultLoginPageGeneratingFilter@167e559c, org.springframework.security.web.authentication.ui.DefaultLogoutPageGeneratingFilter@30c6a810, org.springframework.security.web.savedrequest.RequestCacheAwareFilter@213488e6, org.springframework.security.web.servletapi.SecurityContextHolderAwareRequestFilter@3f1543ca, org.springframework.security.web.authentication.AnonymousAuthenticationFilter@4a8b4dd0, org.springframework.security.web.session.SessionManagementFilter@5953465a, org.springframework.security.web.access.ExceptionTranslationFilter@52afe9f2, org.springframework.security.web.access.intercept.FilterSecurityInterceptor@541d5c48]
[INFO ] 2023-11-12 22:15:24.066 [main] DispatcherServlet - Completed initialization in 7954 ms
[INFO ] 2023-11-12 22:17:17.557 [main] DispatcherServlet - Initializing Servlet 'dispatcher'
[INFO ] 2023-11-12 22:17:18.989 [main] Version - HHH000412: Hibernate ORM core version 5.6.15.Final
[INFO ] 2023-11-12 22:17:19.430 [main] Version - HCANN000001: Hibernate Commons Annotations {5.1.2.Final}
[INFO ] 2023-11-12 22:17:22.085 [main] Dialect - HHH000400: Using dialect: org.hibernate.dialect.Oracle12cDialect
[INFO ] 2023-11-12 22:17:24.143 [main] JtaPlatformInitiator - HHH000490: Using JtaPlatform implementation: [org.hibernate.engine.transaction.jta.platform.internal.NoJtaPlatform]
[INFO ] 2023-11-12 22:17:25.401 [main] DefaultSecurityFilterChain - Creating filter chain: any request, [org.springframework.security.web.context.request.async.WebAsyncManagerIntegrationFilter@3aba9252, org.springframework.security.web.context.SecurityContextPersistenceFilter@6da075fe, org.springframework.security.web.header.HeaderWriterFilter@198fb504, org.springframework.security.web.authentication.logout.LogoutFilter@292be875, org.springframework.security.web.authentication.UsernamePasswordAuthenticationFilter@7ad4085c, org.springframework.security.web.authentication.ui.DefaultLoginPageGeneratingFilter@6d37c176, org.springframework.security.web.authentication.ui.DefaultLogoutPageGeneratingFilter@10b51115, org.springframework.security.web.savedrequest.RequestCacheAwareFilter@4a9f02f4, org.springframework.security.web.servletapi.SecurityContextHolderAwareRequestFilter@119636bf, org.springframework.security.web.authentication.AnonymousAuthenticationFilter@56967355, org.springframework.security.web.session.SessionManagementFilter@274b3fc6, org.springframework.security.web.access.ExceptionTranslationFilter@7fc5199, org.springframework.security.web.access.intercept.FilterSecurityInterceptor@57e86d0c]
[INFO ] 2023-11-12 22:17:25.431 [main] DispatcherServlet - Completed initialization in 7861 ms
[INFO ] 2023-11-12 22:18:49.830 [main] DispatcherServlet - Initializing Servlet 'dispatcher'
[INFO ] 2023-11-12 22:18:51.245 [main] Version - HHH000412: Hibernate ORM core version 5.6.15.Final
[INFO ] 2023-11-12 22:18:51.671 [main] Version - HCANN000001: Hibernate Commons Annotations {5.1.2.Final}
[INFO ] 2023-11-12 22:18:54.506 [main] Dialect - HHH000400: Using dialect: org.hibernate.dialect.Oracle12cDialect
[INFO ] 2023-11-12 22:18:56.553 [main] JtaPlatformInitiator - HHH000490: Using JtaPlatform implementation: [org.hibernate.engine.transaction.jta.platform.internal.NoJtaPlatform]
[INFO ] 2023-11-12 22:18:57.815 [main] DefaultSecurityFilterChain - Creating filter chain: any request, [org.springframework.security.web.context.request.async.WebAsyncManagerIntegrationFilter@6d1e558b, org.springframework.security.web.context.SecurityContextPersistenceFilter@40fd518f, org.springframework.security.web.header.HeaderWriterFilter@629b5b96, org.springframework.security.web.authentication.logout.LogoutFilter@6b420c8, org.springframework.security.web.authentication.UsernamePasswordAuthenticationFilter@5d2d89a6, org.springframework.security.web.authentication.ui.DefaultLoginPageGeneratingFilter@39d547e, org.springframework.security.web.authentication.ui.DefaultLogoutPageGeneratingFilter@5401976b, org.springframework.security.web.savedrequest.RequestCacheAwareFilter@77e86a53, org.springframework.security.web.servletapi.SecurityContextHolderAwareRequestFilter@52afe9f2, org.springframework.security.web.authentication.AnonymousAuthenticationFilter@22f9cea5, org.springframework.security.web.session.SessionManagementFilter@47c5ad11, org.springframework.security.web.access.ExceptionTranslationFilter@77c0457f, org.springframework.security.web.access.intercept.FilterSecurityInterceptor@630d7bce]
[INFO ] 2023-11-12 22:18:57.841 [main] DispatcherServlet - Completed initialization in 8000 ms
[INFO ] 2023-11-12 22:19:56.561 [main] DispatcherServlet - Initializing Servlet 'dispatcher'
[INFO ] 2023-11-12 22:19:58.046 [main] Version - HHH000412: Hibernate ORM core version 5.6.15.Final
[INFO ] 2023-11-12 22:19:58.463 [main] Version - HCANN000001: Hibernate Commons Annotations {5.1.2.Final}
[INFO ] 2023-11-12 22:20:01.095 [main] Dialect - HHH000400: Using dialect: org.hibernate.dialect.Oracle12cDialect
[INFO ] 2023-11-12 22:20:03.232 [main] JtaPlatformInitiator - HHH000490: Using JtaPlatform implementation: [org.hibernate.engine.transaction.jta.platform.internal.NoJtaPlatform]
[INFO ] 2023-11-12 22:20:04.592 [main] DefaultSecurityFilterChain - Creating filter chain: any request, [org.springframework.security.web.context.request.async.WebAsyncManagerIntegrationFilter@6d1e558b, org.springframework.security.web.context.SecurityContextPersistenceFilter@40fd518f, org.springframework.security.web.header.HeaderWriterFilter@629b5b96, org.springframework.security.web.authentication.logout.LogoutFilter@6b420c8, org.springframework.security.web.authentication.UsernamePasswordAuthenticationFilter@5d2d89a6, org.springframework.security.web.authentication.ui.DefaultLoginPageGeneratingFilter@39d547e, org.springframework.security.web.authentication.ui.DefaultLogoutPageGeneratingFilter@5401976b, org.springframework.security.web.savedrequest.RequestCacheAwareFilter@77e86a53, org.springframework.security.web.servletapi.SecurityContextHolderAwareRequestFilter@52afe9f2, org.springframework.security.web.authentication.AnonymousAuthenticationFilter@22f9cea5, org.springframework.security.web.session.SessionManagementFilter@47c5ad11, org.springframework.security.web.access.ExceptionTranslationFilter@77c0457f, org.springframework.security.web.access.intercept.FilterSecurityInterceptor@630d7bce]
[INFO ] 2023-11-12 22:20:04.622 [main] DispatcherServlet - Completed initialization in 8049 ms
[INFO ] 2023-11-12 22:22:41.198 [main] DispatcherServlet - Initializing Servlet 'dispatcher'
[INFO ] 2023-11-12 22:22:42.631 [main] Version - HHH000412: Hibernate ORM core version 5.6.15.Final
[INFO ] 2023-11-12 22:22:43.084 [main] Version - HCANN000001: Hibernate Commons Annotations {5.1.2.Final}
[INFO ] 2023-11-12 22:22:45.751 [main] Dialect - HHH000400: Using dialect: org.hibernate.dialect.Oracle12cDialect
[INFO ] 2023-11-12 22:22:47.812 [main] JtaPlatformInitiator - HHH000490: Using JtaPlatform implementation: [org.hibernate.engine.transaction.jta.platform.internal.NoJtaPlatform]
[INFO ] 2023-11-12 22:22:49.161 [main] DefaultSecurityFilterChain - Creating filter chain: any request, [org.springframework.security.web.context.request.async.WebAsyncManagerIntegrationFilter@4bb408d1, org.springframework.security.web.context.SecurityContextPersistenceFilter@32e8c3c3, org.springframework.security.web.header.HeaderWriterFilter@7c1ac3b, org.springframework.security.web.authentication.logout.LogoutFilter@57f1cb96, org.springframework.security.web.authentication.UsernamePasswordAuthenticationFilter@38207d19, org.springframework.security.web.authentication.ui.DefaultLoginPageGeneratingFilter@2169e311, org.springframework.security.web.authentication.ui.DefaultLogoutPageGeneratingFilter@6084d56b, org.springframework.security.web.savedrequest.RequestCacheAwareFilter@6ad6484, org.springframework.security.web.servletapi.SecurityContextHolderAwareRequestFilter@1a35041, org.springframework.security.web.authentication.AnonymousAuthenticationFilter@53e1be66, org.springframework.security.web.session.SessionManagementFilter@4790a29a, org.springframework.security.web.access.ExceptionTranslationFilter@5ca64b79, org.springframework.security.web.access.intercept.FilterSecurityInterceptor@b2bfd65]
[INFO ] 2023-11-12 22:22:49.186 [main] DispatcherServlet - Completed initialization in 7978 ms
[INFO ] 2023-11-12 23:43:41.846 [main] DispatcherServlet - Initializing Servlet 'dispatcher'
[INFO ] 2023-11-12 23:43:44.465 [main] Version - HHH000412: Hibernate ORM core version 5.6.15.Final
[INFO ] 2023-11-12 23:43:45.365 [main] Version - HCANN000001: Hibernate Commons Annotations {5.1.2.Final}
[INFO ] 2023-11-12 23:44:46.062 [main] Dialect - HHH000400: Using dialect: org.hibernate.dialect.Oracle12cDialect
[INFO ] 2023-11-12 23:44:50.151 [main] JtaPlatformInitiator - HHH000490: Using JtaPlatform implementation: [org.hibernate.engine.transaction.jta.platform.internal.NoJtaPlatform]
[INFO ] 2023-11-12 23:44:51.947 [main] DefaultSecurityFilterChain - Creating filter chain: any request, [org.springframework.security.web.context.request.async.WebAsyncManagerIntegrationFilter@6084d56b, org.springframework.security.web.context.SecurityContextPersistenceFilter@38421084, org.springframework.security.web.header.HeaderWriterFilter@69d2cffb, org.springframework.security.web.authentication.logout.LogoutFilter@198fb504, org.springframework.security.web.authentication.UsernamePasswordAuthenticationFilter@98243dc, org.springframework.security.web.authentication.ui.DefaultLoginPageGeneratingFilter@1a35041, org.springframework.security.web.authentication.ui.DefaultLogoutPageGeneratingFilter@53e1be66, org.springframework.security.web.savedrequest.RequestCacheAwareFilter@44eb9af1, org.springframework.security.web.servletapi.SecurityContextHolderAwareRequestFilter@24d7df03, org.springframework.security.web.authentication.AnonymousAuthenticationFilter@1275d11b, org.springframework.security.web.session.SessionManagementFilter@4e670245, org.springframework.security.web.access.ExceptionTranslationFilter@6bd5101f, org.springframework.security.web.access.intercept.FilterSecurityInterceptor@6b420c8]
[INFO ] 2023-11-12 23:44:51.985 [main] DispatcherServlet - Completed initialization in 70127 ms
[WARN ] 2023-11-12 23:48:56.359 [http-nio-8080-exec-5] ResourceBundleMessageSource - ResourceBundle [message] not found for MessageSource: Can't find bundle for base name message, locale en_IN
[INFO ] 2023-11-12 23:51:10.656 [main] DispatcherServlet - Initializing Servlet 'dispatcher'
[INFO ] 2023-11-12 23:51:13.293 [main] Version - HHH000412: Hibernate ORM core version 5.6.15.Final
[INFO ] 2023-11-12 23:51:14.012 [main] Version - HCANN000001: Hibernate Commons Annotations {5.1.2.Final}
[INFO ] 2023-11-12 23:52:11.287 [main] Dialect - HHH000400: Using dialect: org.hibernate.dialect.Oracle12cDialect
[INFO ] 2023-11-12 23:52:15.191 [main] JtaPlatformInitiator - HHH000490: Using JtaPlatform implementation: [org.hibernate.engine.transaction.jta.platform.internal.NoJtaPlatform]
[INFO ] 2023-11-12 23:52:16.909 [main] DefaultSecurityFilterChain - Creating filter chain: any request, [org.springframework.security.web.context.request.async.WebAsyncManagerIntegrationFilter@3e71f228, org.springframework.security.web.context.SecurityContextPersistenceFilter@b2bfd65, org.springframework.security.web.header.HeaderWriterFilter@72efffa4, org.springframework.security.web.authentication.logout.LogoutFilter@6c83c686, org.springframework.security.web.authentication.UsernamePasswordAuthenticationFilter@35d472c1, org.springframework.security.web.authentication.ui.DefaultLoginPageGeneratingFilter@401038b1, org.springframework.security.web.authentication.ui.DefaultLogoutPageGeneratingFilter@42b479e7, org.springframework.security.web.savedrequest.RequestCacheAwareFilter@7a838036, org.springframework.security.web.servletapi.SecurityContextHolderAwareRequestFilter@69db41bc, org.springframework.security.web.authentication.AnonymousAuthenticationFilter@6678411e, org.springframework.security.web.session.SessionManagementFilter@167e559c, org.springframework.security.web.access.ExceptionTranslationFilter@3968e955, org.springframework.security.web.access.intercept.FilterSecurityInterceptor@30c6a810]
[INFO ] 2023-11-12 23:52:16.942 [main] DispatcherServlet - Completed initialization in 66267 ms
