[WARN ] 2023-11-16 00:15:22.164 [http-nio-8080-exec-8] PageNotFound - No mapping for GET /brdMaker_Checker/batchDetails
[WARN ] 2023-11-16 00:40:29.976 [http-nio-8080-exec-5] ResourceBundleMessageSource - ResourceBundle [message] not found for MessageSource: Can't find bundle for base name message, locale en_IN
[WARN ] 2023-11-16 00:41:16.304 [http-nio-8080-exec-6] ResourceBundleMessageSource - ResourceBundle [message] not found for MessageSource: Can't find bundle for base name message, locale en_IN
[WARN ] 2023-11-16 00:45:17.053 [http-nio-8080-exec-8] ResourceBundleMessageSource - ResourceBundle [message] not found for MessageSource: Can't find bundle for base name message, locale en_IN
[INFO ] 2023-11-16 11:06:05.637 [main] DispatcherServlet - Initializing Servlet 'dispatcher'
[INFO ] 2023-11-16 11:06:08.904 [main] Version - HHH000412: Hibernate ORM core version 5.6.15.Final
[INFO ] 2023-11-16 11:06:09.627 [main] Version - HCANN000001: Hibernate Commons Annotations {5.1.2.Final}
[INFO ] 2023-11-16 11:06:12.351 [main] Dialect - HHH000400: Using dialect: org.hibernate.dialect.Oracle12cDialect
[INFO ] 2023-11-16 11:06:20.312 [main] JtaPlatformInitiator - HHH000490: Using JtaPlatform implementation: [org.hibernate.engine.transaction.jta.platform.internal.NoJtaPlatform]
[INFO ] 2023-11-16 11:06:22.374 [main] DefaultSecurityFilterChain - Creating filter chain: any request, [org.springframework.security.web.context.request.async.WebAsyncManagerIntegrationFilter@1f652362, org.springframework.security.web.context.SecurityContextPersistenceFilter@8381edd, org.springframework.security.web.header.HeaderWriterFilter@3e5595da, org.springframework.security.web.authentication.logout.LogoutFilter@77652fc6, org.springframework.security.web.authentication.UsernamePasswordAuthenticationFilter@2f397395, org.springframework.security.web.authentication.ui.DefaultLoginPageGeneratingFilter@769580de, org.springframework.security.web.authentication.ui.DefaultLogoutPageGeneratingFilter@3de9a4f4, org.springframework.security.web.savedrequest.RequestCacheAwareFilter@229050ef, org.springframework.security.web.servletapi.SecurityContextHolderAwareRequestFilter@277cf420, org.springframework.security.web.authentication.AnonymousAuthenticationFilter@78513ad9, org.springframework.security.web.session.SessionManagementFilter@5cb3fff1, org.springframework.security.web.access.ExceptionTranslationFilter@4b6a7362, org.springframework.security.web.access.intercept.FilterSecurityInterceptor@82bbbdc]
[INFO ] 2023-11-16 11:06:22.418 [main] DispatcherServlet - Completed initialization in 16736 ms
[WARN ] 2023-11-16 11:06:27.933 [http-nio-8080-exec-4] ResourceBundleMessageSource - ResourceBundle [message] not found for MessageSource: Can't find bundle for base name message, locale en_IN
[INFO ] 2023-11-16 11:46:55.084 [main] DispatcherServlet - Initializing Servlet 'dispatcher'
[INFO ] 2023-11-16 11:46:57.986 [main] Version - HHH000412: Hibernate ORM core version 5.6.15.Final
[INFO ] 2023-11-16 11:46:58.811 [main] Version - HCANN000001: Hibernate Commons Annotations {5.1.2.Final}
[INFO ] 2023-11-16 11:47:01.519 [main] Dialect - HHH000400: Using dialect: org.hibernate.dialect.Oracle12cDialect
[INFO ] 2023-11-16 11:47:09.394 [main] JtaPlatformInitiator - HHH000490: Using JtaPlatform implementation: [org.hibernate.engine.transaction.jta.platform.internal.NoJtaPlatform]
[INFO ] 2023-11-16 11:47:11.387 [main] DefaultSecurityFilterChain - Creating filter chain: any request, [org.springframework.security.web.context.request.async.WebAsyncManagerIntegrationFilter@6faeb7dc, org.springframework.security.web.context.SecurityContextPersistenceFilter@3338057a, org.springframework.security.web.header.HeaderWriterFilter@6da075fe, org.springframework.security.web.authentication.logout.LogoutFilter@41334af0, org.springframework.security.web.authentication.UsernamePasswordAuthenticationFilter@6b6829b1, org.springframework.security.web.authentication.ui.DefaultLoginPageGeneratingFilter@2eb82c04, org.springframework.security.web.authentication.ui.DefaultLogoutPageGeneratingFilter@15411d35, org.springframework.security.web.savedrequest.RequestCacheAwareFilter@10b21a2b, org.springframework.security.web.servletapi.SecurityContextHolderAwareRequestFilter@7d576ea9, org.springframework.security.web.authentication.AnonymousAuthenticationFilter@30b9d1f0, org.springframework.security.web.session.SessionManagementFilter@4a9f02f4, org.springframework.security.web.access.ExceptionTranslationFilter@198fb504, org.springframework.security.web.access.intercept.FilterSecurityInterceptor@36813933]
[INFO ] 2023-11-16 11:47:11.424 [main] DispatcherServlet - Completed initialization in 16321 ms
[WARN ] 2023-11-16 11:47:16.808 [http-nio-8080-exec-3] ResourceBundleMessageSource - ResourceBundle [message] not found for MessageSource: Can't find bundle for base name message, locale en_IN
[WARN ] 2023-11-16 11:48:32.959 [http-nio-8080-exec-2] ResourceBundleMessageSource - ResourceBundle [message] not found for MessageSource: Can't find bundle for base name message, locale en_IN
[WARN ] 2023-11-16 11:48:46.520 [http-nio-8080-exec-7] DefaultHandlerExceptionResolver - Resolved [org.springframework.web.HttpRequestMethodNotSupportedException: Request method 'POST' not supported]
[WARN ] 2023-11-16 11:49:05.002 [http-nio-8080-exec-8] DefaultHandlerExceptionResolver - Resolved [org.springframework.web.HttpRequestMethodNotSupportedException: Request method 'POST' not supported]
[WARN ] 2023-11-16 12:03:28.975 [http-nio-8080-exec-4] ResourceBundleMessageSource - ResourceBundle [message] not found for MessageSource: Can't find bundle for base name message, locale en_IN
[WARN ] 2023-11-16 12:10:09.183 [http-nio-8080-exec-10] ResourceBundleMessageSource - ResourceBundle [message] not found for MessageSource: Can't find bundle for base name message, locale en_IN
[WARN ] 2023-11-16 12:10:28.491 [http-nio-8080-exec-7] DefaultHandlerExceptionResolver - Resolved [org.springframework.web.bind.MissingServletRequestParameterException: Required request parameter 'traineeId' for method parameter type int is not present]
[INFO ] 2023-11-16 12:22:33.065 [main] DispatcherServlet - Initializing Servlet 'dispatcher'
[INFO ] 2023-11-16 12:22:36.112 [main] Version - HHH000412: Hibernate ORM core version 5.6.15.Final
[INFO ] 2023-11-16 12:22:36.980 [main] Version - HCANN000001: Hibernate Commons Annotations {5.1.2.Final}
[INFO ] 2023-11-16 12:22:40.033 [main] Dialect - HHH000400: Using dialect: org.hibernate.dialect.Oracle12cDialect
[INFO ] 2023-11-16 12:22:48.126 [main] JtaPlatformInitiator - HHH000490: Using JtaPlatform implementation: [org.hibernate.engine.transaction.jta.platform.internal.NoJtaPlatform]
[INFO ] 2023-11-16 12:22:50.099 [main] DefaultSecurityFilterChain - Creating filter chain: any request, [org.springframework.security.web.context.request.async.WebAsyncManagerIntegrationFilter@d12009f, org.springframework.security.web.context.SecurityContextPersistenceFilter@7dc8d054, org.springframework.security.web.header.HeaderWriterFilter@8381edd, org.springframework.security.web.authentication.logout.LogoutFilter@9d464e7, org.springframework.security.web.authentication.UsernamePasswordAuthenticationFilter@63782ad0, org.springframework.security.web.authentication.ui.DefaultLoginPageGeneratingFilter@7e471ad, org.springframework.security.web.authentication.ui.DefaultLogoutPageGeneratingFilter@7d2ccbcd, org.springframework.security.web.savedrequest.RequestCacheAwareFilter@47c06ea9, org.springframework.security.web.servletapi.SecurityContextHolderAwareRequestFilter@5d2d89a6, org.springframework.security.web.authentication.AnonymousAuthenticationFilter@c5aa143, org.springframework.security.web.session.SessionManagementFilter@229050ef, org.springframework.security.web.access.ExceptionTranslationFilter@3e5595da, org.springframework.security.web.access.intercept.FilterSecurityInterceptor@786f4b15]
[INFO ] 2023-11-16 12:22:50.135 [main] DispatcherServlet - Completed initialization in 17047 ms
[WARN ] 2023-11-16 12:24:55.156 [http-nio-8080-exec-6] ResourceBundleMessageSource - ResourceBundle [message] not found for MessageSource: Can't find bundle for base name message, locale en_IN
[WARN ] 2023-11-16 12:26:21.839 [http-nio-8080-exec-5] ResourceBundleMessageSource - ResourceBundle [message] not found for MessageSource: Can't find bundle for base name message, locale en_IN
[INFO ] 2023-11-16 13:06:28.081 [main] DispatcherServlet - Initializing Servlet 'dispatcher'
[INFO ] 2023-11-16 13:06:29.561 [main] Version - HHH000412: Hibernate ORM core version 5.6.15.Final
[INFO ] 2023-11-16 13:06:30.012 [main] Version - HCANN000001: Hibernate Commons Annotations {5.1.2.Final}
[INFO ] 2023-11-16 13:06:31.989 [main] Dialect - HHH000400: Using dialect: org.hibernate.dialect.Oracle12cDialect
[INFO ] 2023-11-16 13:06:33.948 [main] JtaPlatformInitiator - HHH000490: Using JtaPlatform implementation: [org.hibernate.engine.transaction.jta.platform.internal.NoJtaPlatform]
[INFO ] 2023-11-16 13:06:35.416 [main] DefaultSecurityFilterChain - Creating filter chain: any request, [org.springframework.security.web.context.request.async.WebAsyncManagerIntegrationFilter@6b420c8, org.springframework.security.web.context.SecurityContextPersistenceFilter@2c49bc22, org.springframework.security.web.header.HeaderWriterFilter@c56ea7b, org.springframework.security.web.authentication.logout.LogoutFilter@197d38a, org.springframework.security.web.authentication.UsernamePasswordAuthenticationFilter@b7e20f2, org.springframework.security.web.authentication.ui.DefaultLoginPageGeneratingFilter@7c1ac3b, org.springframework.security.web.authentication.ui.DefaultLogoutPageGeneratingFilter@b2bfd65, org.springframework.security.web.savedrequest.RequestCacheAwareFilter@1b406bc2, org.springframework.security.web.servletapi.SecurityContextHolderAwareRequestFilter@69d2cffb, org.springframework.security.web.authentication.AnonymousAuthenticationFilter@1e35e4d9, org.springframework.security.web.session.SessionManagementFilter@35e50381, org.springframework.security.web.access.ExceptionTranslationFilter@7e9e125f, org.springframework.security.web.access.intercept.FilterSecurityInterceptor@5953465a]
[INFO ] 2023-11-16 13:06:35.449 [main] DispatcherServlet - Completed initialization in 7356 ms
[WARN ] 2023-11-16 13:06:44.878 [http-nio-8080-exec-3] ResourceBundleMessageSource - ResourceBundle [message] not found for MessageSource: Can't find bundle for base name message, locale en_IN
[WARN ] 2023-11-16 13:08:05.913 [http-nio-8080-exec-2] ResourceBundleMessageSource - ResourceBundle [message] not found for MessageSource: Can't find bundle for base name message, locale en_IN
[INFO ] 2023-11-16 13:08:21.381 [http-nio-8080-exec-8] AopImpl - Exception while retrieving batch details for 1
[INFO ] 2023-11-16 13:08:29.192 [http-nio-8080-exec-1] AopImpl - Exception while retrieving batch details for 1
[INFO ] 2023-11-16 13:10:30.699 [main] DispatcherServlet - Initializing Servlet 'dispatcher'
[INFO ] 2023-11-16 13:10:32.348 [main] Version - HHH000412: Hibernate ORM core version 5.6.15.Final
[INFO ] 2023-11-16 13:10:32.826 [main] Version - HCANN000001: Hibernate Commons Annotations {5.1.2.Final}
[INFO ] 2023-11-16 13:10:34.994 [main] Dialect - HHH000400: Using dialect: org.hibernate.dialect.Oracle12cDialect
[INFO ] 2023-11-16 13:10:37.039 [main] JtaPlatformInitiator - HHH000490: Using JtaPlatform implementation: [org.hibernate.engine.transaction.jta.platform.internal.NoJtaPlatform]
[INFO ] 2023-11-16 13:10:38.443 [main] DefaultSecurityFilterChain - Creating filter chain: any request, [org.springframework.security.web.context.request.async.WebAsyncManagerIntegrationFilter@6084d56b, org.springframework.security.web.context.SecurityContextPersistenceFilter@44eb9af1, org.springframework.security.web.header.HeaderWriterFilter@4e670245, org.springframework.security.web.authentication.logout.LogoutFilter@274b3fc6, org.springframework.security.web.authentication.UsernamePasswordAuthenticationFilter@5ec4d81b, org.springframework.security.web.authentication.ui.DefaultLoginPageGeneratingFilter@6e07469a, org.springframework.security.web.authentication.ui.DefaultLogoutPageGeneratingFilter@53e1be66, org.springframework.security.web.savedrequest.RequestCacheAwareFilter@2e4382e5, org.springframework.security.web.servletapi.SecurityContextHolderAwareRequestFilter@2169e311, org.springframework.security.web.authentication.AnonymousAuthenticationFilter@1275d11b, org.springframework.security.web.session.SessionManagementFilter@38421084, org.springframework.security.web.access.ExceptionTranslationFilter@422179c7, org.springframework.security.web.access.intercept.FilterSecurityInterceptor@1e35e4d9]
[INFO ] 2023-11-16 13:10:38.479 [main] DispatcherServlet - Completed initialization in 7764 ms
[INFO ] 2023-11-16 13:10:45.218 [http-nio-8080-exec-5] AopImpl - Exception while retrieving batch details for 1
[INFO ] 2023-11-16 13:12:26.093 [main] DispatcherServlet - Initializing Servlet 'dispatcher'
[INFO ] 2023-11-16 13:12:27.585 [main] Version - HHH000412: Hibernate ORM core version 5.6.15.Final
[INFO ] 2023-11-16 13:12:28.038 [main] Version - HCANN000001: Hibernate Commons Annotations {5.1.2.Final}
[INFO ] 2023-11-16 13:12:30.108 [main] Dialect - HHH000400: Using dialect: org.hibernate.dialect.Oracle12cDialect
[INFO ] 2023-11-16 13:12:32.061 [main] JtaPlatformInitiator - HHH000490: Using JtaPlatform implementation: [org.hibernate.engine.transaction.jta.platform.internal.NoJtaPlatform]
[INFO ] 2023-11-16 13:12:33.442 [main] DefaultSecurityFilterChain - Creating filter chain: any request, [org.springframework.security.web.context.request.async.WebAsyncManagerIntegrationFilter@2984638a, org.springframework.security.web.context.SecurityContextPersistenceFilter@9e3c653, org.springframework.security.web.header.HeaderWriterFilter@7c9a5397, org.springframework.security.web.authentication.logout.LogoutFilter@77aabf26, org.springframework.security.web.authentication.UsernamePasswordAuthenticationFilter@36813933, org.springframework.security.web.authentication.ui.DefaultLoginPageGeneratingFilter@119636bf, org.springframework.security.web.authentication.ui.DefaultLogoutPageGeneratingFilter@3aba9252, org.springframework.security.web.savedrequest.RequestCacheAwareFilter@34d4aea7, org.springframework.security.web.servletapi.SecurityContextHolderAwareRequestFilter@11f505e8, org.springframework.security.web.authentication.AnonymousAuthenticationFilter@10b51115, org.springframework.security.web.session.SessionManagementFilter@57f1cb96, org.springframework.security.web.access.ExceptionTranslationFilter@1c486cec, org.springframework.security.web.access.intercept.FilterSecurityInterceptor@7e0adf35]
[INFO ] 2023-11-16 13:12:33.477 [main] DispatcherServlet - Completed initialization in 7374 ms
[WARN ] 2023-11-16 13:14:09.407 [http-nio-8080-exec-7] ResourceBundleMessageSource - ResourceBundle [message] not found for MessageSource: Can't find bundle for base name message, locale en_IN
[WARN ] 2023-11-16 13:15:46.049 [http-nio-8080-exec-1] ResourceBundleMessageSource - ResourceBundle [message] not found for MessageSource: Can't find bundle for base name message, locale en_IN
[INFO ] 2023-11-16 20:47:24.040 [main] DispatcherServlet - Initializing Servlet 'dispatcher'
[INFO ] 2023-11-16 20:47:31.832 [main] Version - HHH000412: Hibernate ORM core version 5.6.15.Final
[INFO ] 2023-11-16 20:47:34.195 [main] Version - HCANN000001: Hibernate Commons Annotations {5.1.2.Final}
[INFO ] 2023-11-16 20:47:39.922 [main] Dialect - HHH000400: Using dialect: org.hibernate.dialect.Oracle12cDialect
[INFO ] 2023-11-16 20:47:49.293 [main] JtaPlatformInitiator - HHH000490: Using JtaPlatform implementation: [org.hibernate.engine.transaction.jta.platform.internal.NoJtaPlatform]
[INFO ] 2023-11-16 20:47:55.787 [main] DefaultSecurityFilterChain - Creating filter chain: any request, [org.springframework.security.web.context.request.async.WebAsyncManagerIntegrationFilter@1dbef39d, org.springframework.security.web.context.SecurityContextPersistenceFilter@633c9699, org.springframework.security.web.header.HeaderWriterFilter@7c269f21, org.springframework.security.web.authentication.logout.LogoutFilter@5b0ea41, org.springframework.security.web.authentication.UsernamePasswordAuthenticationFilter@24d7df03, org.springframework.security.web.authentication.ui.DefaultLoginPageGeneratingFilter@4ad23216, org.springframework.security.web.authentication.ui.DefaultLogoutPageGeneratingFilter@228a6823, org.springframework.security.web.savedrequest.RequestCacheAwareFilter@31373fc1, org.springframework.security.web.servletapi.SecurityContextHolderAwareRequestFilter@8e2961, org.springframework.security.web.authentication.AnonymousAuthenticationFilter@74197f00, org.springframework.security.web.session.SessionManagementFilter@1fdf1a6b, org.springframework.security.web.access.ExceptionTranslationFilter@5930e350, org.springframework.security.web.access.intercept.FilterSecurityInterceptor@5ac1ba35]
[INFO ] 2023-11-16 20:47:55.893 [main] DispatcherServlet - Completed initialization in 31775 ms
[WARN ] 2023-11-16 20:48:02.058 [http-nio-8080-exec-4] ResourceBundleMessageSource - ResourceBundle [message] not found for MessageSource: Can't find bundle for base name message, locale en_IN
[WARN ] 2023-11-16 20:56:50.415 [http-nio-8080-exec-6] SqlExceptionHelper - SQL Error: 17002, SQLState: 08006
[ERROR] 2023-11-16 20:56:50.415 [http-nio-8080-exec-6] SqlExceptionHelper - IO Error: The Network Adapter could not establish the connection
[WARN ] 2023-11-16 20:58:27.672 [http-nio-8080-exec-1] ResourceBundleMessageSource - ResourceBundle [message] not found for MessageSource: Can't find bundle for base name message, locale en_IN
[INFO ] 2023-11-16 21:15:12.423 [main] DispatcherServlet - Initializing Servlet 'dispatcher'
[INFO ] 2023-11-16 21:15:15.386 [main] Version - HHH000412: Hibernate ORM core version 5.6.15.Final
[INFO ] 2023-11-16 21:15:16.327 [main] Version - HCANN000001: Hibernate Commons Annotations {5.1.2.Final}
[INFO ] 2023-11-16 21:15:19.121 [main] Dialect - HHH000400: Using dialect: org.hibernate.dialect.Oracle12cDialect
[INFO ] 2023-11-16 21:15:22.117 [main] JtaPlatformInitiator - HHH000490: Using JtaPlatform implementation: [org.hibernate.engine.transaction.jta.platform.internal.NoJtaPlatform]
[INFO ] 2023-11-16 21:15:24.172 [main] DefaultSecurityFilterChain - Creating filter chain: any request, [org.springframework.security.web.context.request.async.WebAsyncManagerIntegrationFilter@284d1c98, org.springframework.security.web.context.SecurityContextPersistenceFilter@4d031311, org.springframework.security.web.header.HeaderWriterFilter@7d576ea9, org.springframework.security.web.authentication.logout.LogoutFilter@40fd518f, org.springframework.security.web.authentication.UsernamePasswordAuthenticationFilter@6786016, org.springframework.security.web.authentication.ui.DefaultLoginPageGeneratingFilter@77aabf26, org.springframework.security.web.authentication.ui.DefaultLogoutPageGeneratingFilter@4b6a7362, org.springframework.security.web.savedrequest.RequestCacheAwareFilter@18b9b269, org.springframework.security.web.servletapi.SecurityContextHolderAwareRequestFilter@21c09e90, org.springframework.security.web.authentication.AnonymousAuthenticationFilter@4acca937, org.springframework.security.web.session.SessionManagementFilter@720907c9, org.springframework.security.web.access.ExceptionTranslationFilter@119636bf, org.springframework.security.web.access.intercept.FilterSecurityInterceptor@6faeb7dc]
[INFO ] 2023-11-16 21:15:24.208 [main] DispatcherServlet - Completed initialization in 11764 ms
[INFO ] 2023-11-16 21:35:59.789 [main] DispatcherServlet - Initializing Servlet 'dispatcher'
[INFO ] 2023-11-16 21:36:01.465 [main] Version - HHH000412: Hibernate ORM core version 5.6.15.Final
[INFO ] 2023-11-16 21:36:01.963 [main] Version - HCANN000001: Hibernate Commons Annotations {5.1.2.Final}
[INFO ] 2023-11-16 21:36:04.235 [main] Dialect - HHH000400: Using dialect: org.hibernate.dialect.Oracle12cDialect
[INFO ] 2023-11-16 21:36:06.284 [main] JtaPlatformInitiator - HHH000490: Using JtaPlatform implementation: [org.hibernate.engine.transaction.jta.platform.internal.NoJtaPlatform]
[INFO ] 2023-11-16 21:36:07.892 [main] DefaultSecurityFilterChain - Creating filter chain: any request, [org.springframework.security.web.context.request.async.WebAsyncManagerIntegrationFilter@21c09e90, org.springframework.security.web.context.SecurityContextPersistenceFilter@5b64bc02, org.springframework.security.web.header.HeaderWriterFilter@182711f5, org.springframework.security.web.authentication.logout.LogoutFilter@38f183e9, org.springframework.security.web.authentication.UsernamePasswordAuthenticationFilter@2bda778a, org.springframework.security.web.authentication.ui.DefaultLoginPageGeneratingFilter@b625b00, org.springframework.security.web.authentication.ui.DefaultLogoutPageGeneratingFilter@77aabf26, org.springframework.security.web.savedrequest.RequestCacheAwareFilter@6814fe0e, org.springframework.security.web.servletapi.SecurityContextHolderAwareRequestFilter@4ff10cfa, org.springframework.security.web.authentication.AnonymousAuthenticationFilter@292be875, org.springframework.security.web.session.SessionManagementFilter@5e02753c, org.springframework.security.web.access.ExceptionTranslationFilter@27129ef5, org.springframework.security.web.access.intercept.FilterSecurityInterceptor@720907c9]
[INFO ] 2023-11-16 21:36:07.944 [main] DispatcherServlet - Completed initialization in 8142 ms
[INFO ] 2023-11-16 21:36:32.896 [http-nio-8080-exec-6] AopImpl - Exception while retrieving assessment of 1
[INFO ] 2023-11-16 21:36:34.310 [http-nio-8080-exec-6] AopImpl - Exception while retrieving assessment of 2
[INFO ] 2023-11-16 21:36:59.197 [http-nio-8080-exec-1] AopImpl - Exception while retrieving assessment of 1
[INFO ] 2023-11-16 21:37:00.531 [http-nio-8080-exec-1] AopImpl - Exception while retrieving assessment of 2
[INFO ] 2023-11-16 21:40:30.675 [main] DispatcherServlet - Initializing Servlet 'dispatcher'
[INFO ] 2023-11-16 21:40:32.146 [main] Version - HHH000412: Hibernate ORM core version 5.6.15.Final
[INFO ] 2023-11-16 21:40:32.632 [main] Version - HCANN000001: Hibernate Commons Annotations {5.1.2.Final}
[INFO ] 2023-11-16 21:40:34.802 [main] Dialect - HHH000400: Using dialect: org.hibernate.dialect.Oracle12cDialect
[INFO ] 2023-11-16 21:40:36.740 [main] JtaPlatformInitiator - HHH000490: Using JtaPlatform implementation: [org.hibernate.engine.transaction.jta.platform.internal.NoJtaPlatform]
[INFO ] 2023-11-16 21:40:38.105 [main] DefaultSecurityFilterChain - Creating filter chain: any request, [org.springframework.security.web.context.request.async.WebAsyncManagerIntegrationFilter@51baea92, org.springframework.security.web.context.SecurityContextPersistenceFilter@629b5b96, org.springframework.security.web.header.HeaderWriterFilter@77c0457f, org.springframework.security.web.authentication.logout.LogoutFilter@cb38d26, org.springframework.security.web.authentication.UsernamePasswordAuthenticationFilter@277cf420, org.springframework.security.web.authentication.ui.DefaultLoginPageGeneratingFilter@68073c8d, org.springframework.security.web.authentication.ui.DefaultLogoutPageGeneratingFilter@606b29ba, org.springframework.security.web.savedrequest.RequestCacheAwareFilter@47c5ad11, org.springframework.security.web.servletapi.SecurityContextHolderAwareRequestFilter@64845c40, org.springframework.security.web.authentication.AnonymousAuthenticationFilter@44a65503, org.springframework.security.web.session.SessionManagementFilter@511966dc, org.springframework.security.web.access.ExceptionTranslationFilter@6d6a20f7, org.springframework.security.web.access.intercept.FilterSecurityInterceptor@67775d80]
[INFO ] 2023-11-16 21:40:38.152 [main] DispatcherServlet - Completed initialization in 7465 ms
[INFO ] 2023-11-16 21:41:07.142 [http-nio-8080-exec-7] AopImpl - Exception while retrieving assessment of 1
[INFO ] 2023-11-16 21:41:08.476 [http-nio-8080-exec-7] AopImpl - Exception while retrieving assessment of 2
[INFO ] 2023-11-16 22:20:11.033 [main] DispatcherServlet - Initializing Servlet 'dispatcher'
[INFO ] 2023-11-16 22:20:12.617 [main] Version - HHH000412: Hibernate ORM core version 5.6.15.Final
[INFO ] 2023-11-16 22:20:13.126 [main] Version - HCANN000001: Hibernate Commons Annotations {5.1.2.Final}
[INFO ] 2023-11-16 22:20:15.238 [main] Dialect - HHH000400: Using dialect: org.hibernate.dialect.Oracle12cDialect
[INFO ] 2023-11-16 22:20:17.279 [main] JtaPlatformInitiator - HHH000490: Using JtaPlatform implementation: [org.hibernate.engine.transaction.jta.platform.internal.NoJtaPlatform]
[INFO ] 2023-11-16 22:20:18.725 [main] DefaultSecurityFilterChain - Creating filter chain: any request, [org.springframework.security.web.context.request.async.WebAsyncManagerIntegrationFilter@3c01d268, org.springframework.security.web.context.SecurityContextPersistenceFilter@68073c8d, org.springframework.security.web.header.HeaderWriterFilter@189283ae, org.springframework.security.web.authentication.logout.LogoutFilter@5ec4d81b, org.springframework.security.web.authentication.UsernamePasswordAuthenticationFilter@6d1e558b, org.springframework.security.web.authentication.ui.DefaultLoginPageGeneratingFilter@187f6ac7, org.springframework.security.web.authentication.ui.DefaultLogoutPageGeneratingFilter@26415f0b, org.springframework.security.web.savedrequest.RequestCacheAwareFilter@140fc16f, org.springframework.security.web.servletapi.SecurityContextHolderAwareRequestFilter@3703bc7e, org.springframework.security.web.authentication.AnonymousAuthenticationFilter@77652fc6, org.springframework.security.web.session.SessionManagementFilter@508a1ef0, org.springframework.security.web.access.ExceptionTranslationFilter@7882f2e2, org.springframework.security.web.access.intercept.FilterSecurityInterceptor@490cce64]
[INFO ] 2023-11-16 22:20:18.769 [main] DispatcherServlet - Completed initialization in 7724 ms
[WARN ] 2023-11-16 22:20:25.334 [http-nio-8080-exec-4] ResourceBundleMessageSource - ResourceBundle [message] not found for MessageSource: Can't find bundle for base name message, locale en_IN
[INFO ] 2023-11-16 22:22:44.175 [main] DispatcherServlet - Initializing Servlet 'dispatcher'
[INFO ] 2023-11-16 22:22:45.665 [main] Version - HHH000412: Hibernate ORM core version 5.6.15.Final
[INFO ] 2023-11-16 22:22:46.135 [main] Version - HCANN000001: Hibernate Commons Annotations {5.1.2.Final}
[INFO ] 2023-11-16 22:22:48.158 [main] Dialect - HHH000400: Using dialect: org.hibernate.dialect.Oracle12cDialect
[INFO ] 2023-11-16 22:22:50.155 [main] JtaPlatformInitiator - HHH000490: Using JtaPlatform implementation: [org.hibernate.engine.transaction.jta.platform.internal.NoJtaPlatform]
[INFO ] 2023-11-16 22:22:51.472 [main] DefaultSecurityFilterChain - Creating filter chain: any request, [org.springframework.security.web.context.request.async.WebAsyncManagerIntegrationFilter@3c01d268, org.springframework.security.web.context.SecurityContextPersistenceFilter@68073c8d, org.springframework.security.web.header.HeaderWriterFilter@189283ae, org.springframework.security.web.authentication.logout.LogoutFilter@5ec4d81b, org.springframework.security.web.authentication.UsernamePasswordAuthenticationFilter@6d1e558b, org.springframework.security.web.authentication.ui.DefaultLoginPageGeneratingFilter@187f6ac7, org.springframework.security.web.authentication.ui.DefaultLogoutPageGeneratingFilter@26415f0b, org.springframework.security.web.savedrequest.RequestCacheAwareFilter@140fc16f, org.springframework.security.web.servletapi.SecurityContextHolderAwareRequestFilter@3703bc7e, org.springframework.security.web.authentication.AnonymousAuthenticationFilter@77652fc6, org.springframework.security.web.session.SessionManagementFilter@508a1ef0, org.springframework.security.web.access.ExceptionTranslationFilter@7882f2e2, org.springframework.security.web.access.intercept.FilterSecurityInterceptor@490cce64]
[INFO ] 2023-11-16 22:22:51.500 [main] DispatcherServlet - Completed initialization in 7313 ms
[INFO ] 2023-11-16 22:33:12.640 [main] DispatcherServlet - Initializing Servlet 'dispatcher'
[INFO ] 2023-11-16 22:33:14.123 [main] Version - HHH000412: Hibernate ORM core version 5.6.15.Final
[INFO ] 2023-11-16 22:33:14.591 [main] Version - HCANN000001: Hibernate Commons Annotations {5.1.2.Final}
[INFO ] 2023-11-16 22:33:16.500 [main] Dialect - HHH000400: Using dialect: org.hibernate.dialect.Oracle12cDialect
[INFO ] 2023-11-16 22:33:18.452 [main] JtaPlatformInitiator - HHH000490: Using JtaPlatform implementation: [org.hibernate.engine.transaction.jta.platform.internal.NoJtaPlatform]
[INFO ] 2023-11-16 22:33:19.796 [main] DefaultSecurityFilterChain - Creating filter chain: any request, [org.springframework.security.web.context.request.async.WebAsyncManagerIntegrationFilter@3c01d268, org.springframework.security.web.context.SecurityContextPersistenceFilter@68073c8d, org.springframework.security.web.header.HeaderWriterFilter@189283ae, org.springframework.security.web.authentication.logout.LogoutFilter@5ec4d81b, org.springframework.security.web.authentication.UsernamePasswordAuthenticationFilter@6d1e558b, org.springframework.security.web.authentication.ui.DefaultLoginPageGeneratingFilter@187f6ac7, org.springframework.security.web.authentication.ui.DefaultLogoutPageGeneratingFilter@26415f0b, org.springframework.security.web.savedrequest.RequestCacheAwareFilter@140fc16f, org.springframework.security.web.servletapi.SecurityContextHolderAwareRequestFilter@3703bc7e, org.springframework.security.web.authentication.AnonymousAuthenticationFilter@77652fc6, org.springframework.security.web.session.SessionManagementFilter@508a1ef0, org.springframework.security.web.access.ExceptionTranslationFilter@7882f2e2, org.springframework.security.web.access.intercept.FilterSecurityInterceptor@490cce64]
[INFO ] 2023-11-16 22:33:19.822 [main] DispatcherServlet - Completed initialization in 7171 ms
[INFO ] 2023-11-16 22:34:24.904 [main] DispatcherServlet - Initializing Servlet 'dispatcher'
[INFO ] 2023-11-16 22:34:26.392 [main] Version - HHH000412: Hibernate ORM core version 5.6.15.Final
[INFO ] 2023-11-16 22:34:26.858 [main] Version - HCANN000001: Hibernate Commons Annotations {5.1.2.Final}
[INFO ] 2023-11-16 22:34:28.907 [main] Dialect - HHH000400: Using dialect: org.hibernate.dialect.Oracle12cDialect
[INFO ] 2023-11-16 22:34:30.905 [main] JtaPlatformInitiator - HHH000490: Using JtaPlatform implementation: [org.hibernate.engine.transaction.jta.platform.internal.NoJtaPlatform]
[INFO ] 2023-11-16 22:34:32.271 [main] DefaultSecurityFilterChain - Creating filter chain: any request, [org.springframework.security.web.context.request.async.WebAsyncManagerIntegrationFilter@61c987d7, org.springframework.security.web.context.SecurityContextPersistenceFilter@2f815a12, org.springframework.security.web.header.HeaderWriterFilter@6ad6484, org.springframework.security.web.authentication.logout.LogoutFilter@5d5984aa, org.springframework.security.web.authentication.UsernamePasswordAuthenticationFilter@401038b1, org.springframework.security.web.authentication.ui.DefaultLoginPageGeneratingFilter@343f01c7, org.springframework.security.web.authentication.ui.DefaultLogoutPageGeneratingFilter@5d887ffc, org.springframework.security.web.savedrequest.RequestCacheAwareFilter@4aa0b026, org.springframework.security.web.servletapi.SecurityContextHolderAwareRequestFilter@55f066b4, org.springframework.security.web.authentication.AnonymousAuthenticationFilter@417081c8, org.springframework.security.web.session.SessionManagementFilter@5ac1ba35, org.springframework.security.web.access.ExceptionTranslationFilter@4790a29a, org.springframework.security.web.access.intercept.FilterSecurityInterceptor@5ec4d81b]
[INFO ] 2023-11-16 22:34:32.321 [main] DispatcherServlet - Completed initialization in 7406 ms
[INFO ] 2023-11-16 22:45:28.087 [main] DispatcherServlet - Initializing Servlet 'dispatcher'
[INFO ] 2023-11-16 22:45:29.621 [main] Version - HHH000412: Hibernate ORM core version 5.6.15.Final
[INFO ] 2023-11-16 22:45:30.124 [main] Version - HCANN000001: Hibernate Commons Annotations {5.1.2.Final}
[INFO ] 2023-11-16 22:45:32.488 [main] Dialect - HHH000400: Using dialect: org.hibernate.dialect.Oracle12cDialect
[INFO ] 2023-11-16 22:45:34.531 [main] JtaPlatformInitiator - HHH000490: Using JtaPlatform implementation: [org.hibernate.engine.transaction.jta.platform.internal.NoJtaPlatform]
[INFO ] 2023-11-16 22:45:35.927 [main] DefaultSecurityFilterChain - Creating filter chain: any request, [org.springframework.security.web.context.request.async.WebAsyncManagerIntegrationFilter@3c01d268, org.springframework.security.web.context.SecurityContextPersistenceFilter@68073c8d, org.springframework.security.web.header.HeaderWriterFilter@189283ae, org.springframework.security.web.authentication.logout.LogoutFilter@5ec4d81b, org.springframework.security.web.authentication.UsernamePasswordAuthenticationFilter@6d1e558b, org.springframework.security.web.authentication.ui.DefaultLoginPageGeneratingFilter@187f6ac7, org.springframework.security.web.authentication.ui.DefaultLogoutPageGeneratingFilter@26415f0b, org.springframework.security.web.savedrequest.RequestCacheAwareFilter@140fc16f, org.springframework.security.web.servletapi.SecurityContextHolderAwareRequestFilter@3703bc7e, org.springframework.security.web.authentication.AnonymousAuthenticationFilter@77652fc6, org.springframework.security.web.session.SessionManagementFilter@508a1ef0, org.springframework.security.web.access.ExceptionTranslationFilter@7882f2e2, org.springframework.security.web.access.intercept.FilterSecurityInterceptor@490cce64]
[INFO ] 2023-11-16 22:45:35.955 [main] DispatcherServlet - Completed initialization in 7856 ms
[INFO ] 2023-11-16 22:47:29.542 [main] DispatcherServlet - Initializing Servlet 'dispatcher'
[INFO ] 2023-11-16 22:47:31.046 [main] Version - HHH000412: Hibernate ORM core version 5.6.15.Final
[INFO ] 2023-11-16 22:47:31.638 [main] Version - HCANN000001: Hibernate Commons Annotations {5.1.2.Final}
[INFO ] 2023-11-16 22:47:34.009 [main] Dialect - HHH000400: Using dialect: org.hibernate.dialect.Oracle12cDialect
[INFO ] 2023-11-16 22:47:41.640 [main] JtaPlatformInitiator - HHH000490: Using JtaPlatform implementation: [org.hibernate.engine.transaction.jta.platform.internal.NoJtaPlatform]
[INFO ] 2023-11-16 22:47:43.214 [main] DefaultSecurityFilterChain - Creating filter chain: any request, [org.springframework.security.web.context.request.async.WebAsyncManagerIntegrationFilter@41a6a728, org.springframework.security.web.context.SecurityContextPersistenceFilter@9d464e7, org.springframework.security.web.header.HeaderWriterFilter@77652fc6, org.springframework.security.web.authentication.logout.LogoutFilter@64c94e8c, org.springframework.security.web.authentication.UsernamePasswordAuthenticationFilter@20b42094, org.springframework.security.web.authentication.ui.DefaultLoginPageGeneratingFilter@35d472c1, org.springframework.security.web.authentication.ui.DefaultLogoutPageGeneratingFilter@1d0d4478, org.springframework.security.web.savedrequest.RequestCacheAwareFilter@3b887e2b, org.springframework.security.web.servletapi.SecurityContextHolderAwareRequestFilter@25215e78, org.springframework.security.web.authentication.AnonymousAuthenticationFilter@43918bef, org.springframework.security.web.session.SessionManagementFilter@7b04dba0, org.springframework.security.web.access.ExceptionTranslationFilter@387d2104, org.springframework.security.web.access.intercept.FilterSecurityInterceptor@230fbdf5]
[INFO ] 2023-11-16 22:47:43.258 [main] DispatcherServlet - Completed initialization in 13704 ms
[INFO ] 2023-11-16 22:48:09.641 [main] DispatcherServlet - Initializing Servlet 'dispatcher'
[INFO ] 2023-11-16 22:48:11.123 [main] Version - HHH000412: Hibernate ORM core version 5.6.15.Final
[INFO ] 2023-11-16 22:48:11.576 [main] Version - HCANN000001: Hibernate Commons Annotations {5.1.2.Final}
[INFO ] 2023-11-16 22:48:13.614 [main] Dialect - HHH000400: Using dialect: org.hibernate.dialect.Oracle12cDialect
[INFO ] 2023-11-16 22:48:20.860 [main] JtaPlatformInitiator - HHH000490: Using JtaPlatform implementation: [org.hibernate.engine.transaction.jta.platform.internal.NoJtaPlatform]
[INFO ] 2023-11-16 22:48:22.208 [main] DefaultSecurityFilterChain - Creating filter chain: any request, [org.springframework.security.web.context.request.async.WebAsyncManagerIntegrationFilter@26d78474, org.springframework.security.web.context.SecurityContextPersistenceFilter@ace257b, org.springframework.security.web.header.HeaderWriterFilter@2c107b94, org.springframework.security.web.authentication.logout.LogoutFilter@4acca937, org.springframework.security.web.authentication.UsernamePasswordAuthenticationFilter@fb8da51, org.springframework.security.web.authentication.ui.DefaultLoginPageGeneratingFilter@10b51115, org.springframework.security.web.authentication.ui.DefaultLogoutPageGeneratingFilter@d85a651, org.springframework.security.web.savedrequest.RequestCacheAwareFilter@36813933, org.springframework.security.web.servletapi.SecurityContextHolderAwareRequestFilter@3aba9252, org.springframework.security.web.authentication.AnonymousAuthenticationFilter@64b95cd7, org.springframework.security.web.session.SessionManagementFilter@57e86d0c, org.springframework.security.web.access.ExceptionTranslationFilter@3887b71, org.springframework.security.web.access.intercept.FilterSecurityInterceptor@5b7c79da]
[INFO ] 2023-11-16 22:48:22.235 [main] DispatcherServlet - Completed initialization in 12581 ms
[INFO ] 2023-11-16 22:54:12.404 [main] DispatcherServlet - Initializing Servlet 'dispatcher'
[INFO ] 2023-11-16 22:54:13.915 [main] Version - HHH000412: Hibernate ORM core version 5.6.15.Final
[INFO ] 2023-11-16 22:54:14.373 [main] Version - HCANN000001: Hibernate Commons Annotations {5.1.2.Final}
[INFO ] 2023-11-16 22:54:16.701 [main] Dialect - HHH000400: Using dialect: org.hibernate.dialect.Oracle12cDialect
[INFO ] 2023-11-16 22:54:23.906 [main] JtaPlatformInitiator - HHH000490: Using JtaPlatform implementation: [org.hibernate.engine.transaction.jta.platform.internal.NoJtaPlatform]
[INFO ] 2023-11-16 22:54:25.356 [main] DefaultSecurityFilterChain - Creating filter chain: any request, [org.springframework.security.web.context.request.async.WebAsyncManagerIntegrationFilter@4c9f28ac, org.springframework.security.web.context.SecurityContextPersistenceFilter@208c08d2, org.springframework.security.web.header.HeaderWriterFilter@417081c8, org.springframework.security.web.authentication.logout.LogoutFilter@1c7294c, org.springframework.security.web.authentication.UsernamePasswordAuthenticationFilter@231a475f, org.springframework.security.web.authentication.ui.DefaultLoginPageGeneratingFilter@ace257b, org.springframework.security.web.authentication.ui.DefaultLogoutPageGeneratingFilter@2694b6f6, org.springframework.security.web.savedrequest.RequestCacheAwareFilter@5bbc4f38, org.springframework.security.web.servletapi.SecurityContextHolderAwareRequestFilter@25ad3681, org.springframework.security.web.authentication.AnonymousAuthenticationFilter@25d44c7, org.springframework.security.web.session.SessionManagementFilter@7bde4c65, org.springframework.security.web.access.ExceptionTranslationFilter@796ca104, org.springframework.security.web.access.intercept.FilterSecurityInterceptor@64c94e8c]
[INFO ] 2023-11-16 22:54:25.389 [main] DispatcherServlet - Completed initialization in 12973 ms
[INFO ] 2023-11-16 23:02:32.507 [main] DispatcherServlet - Initializing Servlet 'dispatcher'
[INFO ] 2023-11-16 23:02:34.026 [main] Version - HHH000412: Hibernate ORM core version 5.6.15.Final
[INFO ] 2023-11-16 23:02:34.487 [main] Version - HCANN000001: Hibernate Commons Annotations {5.1.2.Final}
[INFO ] 2023-11-16 23:02:36.786 [main] Dialect - HHH000400: Using dialect: org.hibernate.dialect.Oracle12cDialect
[INFO ] 2023-11-16 23:02:38.811 [main] JtaPlatformInitiator - HHH000490: Using JtaPlatform implementation: [org.hibernate.engine.transaction.jta.platform.internal.NoJtaPlatform]
[INFO ] 2023-11-16 23:02:40.241 [main] DefaultSecurityFilterChain - Creating filter chain: any request, [org.springframework.security.web.context.request.async.WebAsyncManagerIntegrationFilter@720eae47, org.springframework.security.web.context.SecurityContextPersistenceFilter@469dfbf7, org.springframework.security.web.header.HeaderWriterFilter@b7e20f2, org.springframework.security.web.authentication.logout.LogoutFilter@208c08d2, org.springframework.security.web.authentication.UsernamePasswordAuthenticationFilter@4847fe15, org.springframework.security.web.authentication.ui.DefaultLoginPageGeneratingFilter@38207d19, org.springframework.security.web.authentication.ui.DefaultLogoutPageGeneratingFilter@45b97486, org.springframework.security.web.savedrequest.RequestCacheAwareFilter@72efffa4, org.springframework.security.web.servletapi.SecurityContextHolderAwareRequestFilter@98243dc, org.springframework.security.web.authentication.AnonymousAuthenticationFilter@6a4430d7, org.springframework.security.web.session.SessionManagementFilter@3968e955, org.springframework.security.web.access.ExceptionTranslationFilter@3703bc7e, org.springframework.security.web.access.intercept.FilterSecurityInterceptor@9d464e7]
[INFO ] 2023-11-16 23:02:40.281 [main] DispatcherServlet - Completed initialization in 7763 ms
[INFO ] 2023-11-16 23:21:51.438 [main] DispatcherServlet - Initializing Servlet 'dispatcher'
[INFO ] 2023-11-16 23:21:53.744 [main] Version - HHH000412: Hibernate ORM core version 5.6.15.Final
[INFO ] 2023-11-16 23:21:54.618 [main] Version - HCANN000001: Hibernate Commons Annotations {5.1.2.Final}
[INFO ] 2023-11-16 23:21:57.625 [main] Dialect - HHH000400: Using dialect: org.hibernate.dialect.Oracle12cDialect
[INFO ] 2023-11-16 23:22:00.544 [main] JtaPlatformInitiator - HHH000490: Using JtaPlatform implementation: [org.hibernate.engine.transaction.jta.platform.internal.NoJtaPlatform]
[INFO ] 2023-11-16 23:22:02.402 [main] DefaultSecurityFilterChain - Creating filter chain: any request, [org.springframework.security.web.context.request.async.WebAsyncManagerIntegrationFilter@5cb3fff1, org.springframework.security.web.context.SecurityContextPersistenceFilter@57b03187, org.springframework.security.web.header.HeaderWriterFilter@2bda778a, org.springframework.security.web.authentication.logout.LogoutFilter@68073c8d, org.springframework.security.web.authentication.UsernamePasswordAuthenticationFilter@284d1c98, org.springframework.security.web.authentication.ui.DefaultLoginPageGeneratingFilter@6d6a20f7, org.springframework.security.web.authentication.ui.DefaultLogoutPageGeneratingFilter@1ad1a318, org.springframework.security.web.savedrequest.RequestCacheAwareFilter@7d9c8c61, org.springframework.security.web.servletapi.SecurityContextHolderAwareRequestFilter@1d17945d, org.springframework.security.web.authentication.AnonymousAuthenticationFilter@8381edd, org.springframework.security.web.session.SessionManagementFilter@7a51ba06, org.springframework.security.web.access.ExceptionTranslationFilter@be706e2, org.springframework.security.web.access.intercept.FilterSecurityInterceptor@4005dc6b]
[INFO ] 2023-11-16 23:22:02.440 [main] DispatcherServlet - Completed initialization in 10987 ms
[INFO ] 2023-11-16 23:23:27.991 [http-nio-8080-exec-2] AopImpl - Exception while entering a new Assessment 
[INFO ] 2023-11-16 23:25:21.799 [main] DispatcherServlet - Initializing Servlet 'dispatcher'
[INFO ] 2023-11-16 23:25:23.905 [main] Version - HHH000412: Hibernate ORM core version 5.6.15.Final
[INFO ] 2023-11-16 23:25:24.617 [main] Version - HCANN000001: Hibernate Commons Annotations {5.1.2.Final}
[INFO ] 2023-11-16 23:25:27.448 [main] Dialect - HHH000400: Using dialect: org.hibernate.dialect.Oracle12cDialect
[INFO ] 2023-11-16 23:25:30.445 [main] JtaPlatformInitiator - HHH000490: Using JtaPlatform implementation: [org.hibernate.engine.transaction.jta.platform.internal.NoJtaPlatform]
[INFO ] 2023-11-16 23:25:32.282 [main] DefaultSecurityFilterChain - Creating filter chain: any request, [org.springframework.security.web.context.request.async.WebAsyncManagerIntegrationFilter@5cb3fff1, org.springframework.security.web.context.SecurityContextPersistenceFilter@57b03187, org.springframework.security.web.header.HeaderWriterFilter@2bda778a, org.springframework.security.web.authentication.logout.LogoutFilter@68073c8d, org.springframework.security.web.authentication.UsernamePasswordAuthenticationFilter@284d1c98, org.springframework.security.web.authentication.ui.DefaultLoginPageGeneratingFilter@6d6a20f7, org.springframework.security.web.authentication.ui.DefaultLogoutPageGeneratingFilter@1ad1a318, org.springframework.security.web.savedrequest.RequestCacheAwareFilter@7d9c8c61, org.springframework.security.web.servletapi.SecurityContextHolderAwareRequestFilter@1d17945d, org.springframework.security.web.authentication.AnonymousAuthenticationFilter@8381edd, org.springframework.security.web.session.SessionManagementFilter@7a51ba06, org.springframework.security.web.access.ExceptionTranslationFilter@be706e2, org.springframework.security.web.access.intercept.FilterSecurityInterceptor@4005dc6b]
[INFO ] 2023-11-16 23:25:32.329 [main] DispatcherServlet - Completed initialization in 10515 ms
[INFO ] 2023-11-16 23:28:25.685 [main] DispatcherServlet - Initializing Servlet 'dispatcher'
[INFO ] 2023-11-16 23:28:28.261 [main] Version - HHH000412: Hibernate ORM core version 5.6.15.Final
[INFO ] 2023-11-16 23:28:29.094 [main] Version - HCANN000001: Hibernate Commons Annotations {5.1.2.Final}
[INFO ] 2023-11-16 23:28:31.992 [main] Dialect - HHH000400: Using dialect: org.hibernate.dialect.Oracle12cDialect
[INFO ] 2023-11-16 23:28:35.026 [main] JtaPlatformInitiator - HHH000490: Using JtaPlatform implementation: [org.hibernate.engine.transaction.jta.platform.internal.NoJtaPlatform]
[INFO ] 2023-11-16 23:28:36.964 [main] DefaultSecurityFilterChain - Creating filter chain: any request, [org.springframework.security.web.context.request.async.WebAsyncManagerIntegrationFilter@57916acc, org.springframework.security.web.context.SecurityContextPersistenceFilter@66efaca, org.springframework.security.web.header.HeaderWriterFilter@1472308f, org.springframework.security.web.authentication.logout.LogoutFilter@401038b1, org.springframework.security.web.authentication.UsernamePasswordAuthenticationFilter@387d2104, org.springframework.security.web.authentication.ui.DefaultLoginPageGeneratingFilter@3968e955, org.springframework.security.web.authentication.ui.DefaultLogoutPageGeneratingFilter@9d464e7, org.springframework.security.web.savedrequest.RequestCacheAwareFilter@414dc3ca, org.springframework.security.web.servletapi.SecurityContextHolderAwareRequestFilter@68344a08, org.springframework.security.web.authentication.AnonymousAuthenticationFilter@660c6091, org.springframework.security.web.session.SessionManagementFilter@52afe9f2, org.springframework.security.web.access.ExceptionTranslationFilter@3249c81a, org.springframework.security.web.access.intercept.FilterSecurityInterceptor@6d1e558b]
[INFO ] 2023-11-16 23:28:37.004 [main] DispatcherServlet - Completed initialization in 11304 ms
[INFO ] 2023-11-16 23:35:43.660 [http-nio-8080-exec-9] AopImpl - Exception while entering a new Assessment 
[INFO ] 2023-11-16 23:47:14.818 [main] DispatcherServlet - Initializing Servlet 'dispatcher'
[INFO ] 2023-11-16 23:47:16.934 [main] Version - HHH000412: Hibernate ORM core version 5.6.15.Final
[INFO ] 2023-11-16 23:47:17.592 [main] Version - HCANN000001: Hibernate Commons Annotations {5.1.2.Final}
[INFO ] 2023-11-16 23:47:20.237 [main] Dialect - HHH000400: Using dialect: org.hibernate.dialect.Oracle12cDialect
[INFO ] 2023-11-16 23:47:28.390 [main] JtaPlatformInitiator - HHH000490: Using JtaPlatform implementation: [org.hibernate.engine.transaction.jta.platform.internal.NoJtaPlatform]
[INFO ] 2023-11-16 23:47:30.194 [main] DefaultSecurityFilterChain - Creating filter chain: any request, [org.springframework.security.web.context.request.async.WebAsyncManagerIntegrationFilter@53a8059, org.springframework.security.web.context.SecurityContextPersistenceFilter@41334af0, org.springframework.security.web.header.HeaderWriterFilter@292be875, org.springframework.security.web.authentication.logout.LogoutFilter@5953465a, org.springframework.security.web.authentication.UsernamePasswordAuthenticationFilter@8381edd, org.springframework.security.web.authentication.ui.DefaultLoginPageGeneratingFilter@5df01ff5, org.springframework.security.web.authentication.ui.DefaultLogoutPageGeneratingFilter@3e4bbada, org.springframework.security.web.savedrequest.RequestCacheAwareFilter@6d6a20f7, org.springframework.security.web.servletapi.SecurityContextHolderAwareRequestFilter@629b5b96, org.springframework.security.web.authentication.AnonymousAuthenticationFilter@630d7bce, org.springframework.security.web.session.SessionManagementFilter@15dcaa32, org.springframework.security.web.access.ExceptionTranslationFilter@aea96b0, org.springframework.security.web.access.intercept.FilterSecurityInterceptor@26bc130c]
[INFO ] 2023-11-16 23:47:30.229 [main] DispatcherServlet - Completed initialization in 15396 ms
[INFO ] 2023-11-16 23:49:59.322 [http-nio-8080-exec-5] AopImpl - Exception while entering a new Assessment 
[INFO ] 2023-11-16 23:50:43.859 [http-nio-8080-exec-8] AopImpl - Exception while entering a new Assessment 
[INFO ] 2023-11-16 23:52:51.953 [http-nio-8080-exec-4] AopImpl - Exception while entering a new Assessment 
[INFO ] 2023-11-16 23:55:34.789 [main] DispatcherServlet - Initializing Servlet 'dispatcher'
[INFO ] 2023-11-16 23:55:37.362 [main] Version - HHH000412: Hibernate ORM core version 5.6.15.Final
[INFO ] 2023-11-16 23:55:38.146 [main] Version - HCANN000001: Hibernate Commons Annotations {5.1.2.Final}
[INFO ] 2023-11-16 23:55:40.996 [main] Dialect - HHH000400: Using dialect: org.hibernate.dialect.Oracle12cDialect
[INFO ] 2023-11-16 23:55:44.081 [main] JtaPlatformInitiator - HHH000490: Using JtaPlatform implementation: [org.hibernate.engine.transaction.jta.platform.internal.NoJtaPlatform]
[INFO ] 2023-11-16 23:55:46.158 [main] DefaultSecurityFilterChain - Creating filter chain: any request, [org.springframework.security.web.context.request.async.WebAsyncManagerIntegrationFilter@98243dc, org.springframework.security.web.context.SecurityContextPersistenceFilter@5ca64b79, org.springframework.security.web.header.HeaderWriterFilter@30d0e28e, org.springframework.security.web.authentication.logout.LogoutFilter@52ac57e7, org.springframework.security.web.authentication.UsernamePasswordAuthenticationFilter@3f1543ca, org.springframework.security.web.authentication.ui.DefaultLoginPageGeneratingFilter@2e4382e5, org.springframework.security.web.authentication.ui.DefaultLogoutPageGeneratingFilter@38207d19, org.springframework.security.web.savedrequest.RequestCacheAwareFilter@2a447744, org.springframework.security.web.servletapi.SecurityContextHolderAwareRequestFilter@6ad6484, org.springframework.security.web.authentication.AnonymousAuthenticationFilter@5ec4d81b, org.springframework.security.web.session.SessionManagementFilter@73536bcc, org.springframework.security.web.access.ExceptionTranslationFilter@17778985, org.springframework.security.web.access.intercept.FilterSecurityInterceptor@3968e955]
[INFO ] 2023-11-16 23:55:46.196 [main] DispatcherServlet - Completed initialization in 11388 ms
[INFO ] 2023-11-16 23:57:46.018 [main] DispatcherServlet - Initializing Servlet 'dispatcher'
[INFO ] 2023-11-16 23:57:48.719 [main] Version - HHH000412: Hibernate ORM core version 5.6.15.Final
[INFO ] 2023-11-16 23:57:49.467 [main] Version - HCANN000001: Hibernate Commons Annotations {5.1.2.Final}
[INFO ] 2023-11-16 23:57:52.144 [main] Dialect - HHH000400: Using dialect: org.hibernate.dialect.Oracle12cDialect
[INFO ] 2023-11-16 23:57:55.033 [main] JtaPlatformInitiator - HHH000490: Using JtaPlatform implementation: [org.hibernate.engine.transaction.jta.platform.internal.NoJtaPlatform]
[INFO ] 2023-11-16 23:57:57.025 [main] DefaultSecurityFilterChain - Creating filter chain: any request, [org.springframework.security.web.context.request.async.WebAsyncManagerIntegrationFilter@21c09e90, org.springframework.security.web.context.SecurityContextPersistenceFilter@5b64bc02, org.springframework.security.web.header.HeaderWriterFilter@182711f5, org.springframework.security.web.authentication.logout.LogoutFilter@38f183e9, org.springframework.security.web.authentication.UsernamePasswordAuthenticationFilter@2bda778a, org.springframework.security.web.authentication.ui.DefaultLoginPageGeneratingFilter@b625b00, org.springframework.security.web.authentication.ui.DefaultLogoutPageGeneratingFilter@77aabf26, org.springframework.security.web.savedrequest.RequestCacheAwareFilter@6814fe0e, org.springframework.security.web.servletapi.SecurityContextHolderAwareRequestFilter@4ff10cfa, org.springframework.security.web.authentication.AnonymousAuthenticationFilter@292be875, org.springframework.security.web.session.SessionManagementFilter@5e02753c, org.springframework.security.web.access.ExceptionTranslationFilter@27129ef5, org.springframework.security.web.access.intercept.FilterSecurityInterceptor@720907c9]
[INFO ] 2023-11-16 23:57:57.078 [main] DispatcherServlet - Completed initialization in 11040 ms
