[INFO ] 2023-11-08 12:20:06.197 [main] DispatcherServlet - Initializing Servlet 'dispatcher'
[INFO ] 2023-11-08 12:20:08.211 [main] Version - HHH000412: Hibernate ORM core version 5.6.15.Final
[INFO ] 2023-11-08 12:20:08.868 [main] Version - HCANN000001: Hibernate Commons Annotations {5.1.2.Final}
[INFO ] 2023-11-08 12:20:10.489 [main] Dialect - HHH000400: Using dialect: org.hibernate.dialect.Oracle12cDialect
[INFO ] 2023-11-08 12:20:12.610 [main] JtaPlatformInitiator - HHH000490: Using JtaPlatform implementation: [org.hibernate.engine.transaction.jta.platform.internal.NoJtaPlatform]
[INFO ] 2023-11-08 12:20:13.650 [main] DefaultSecurityFilterChain - Creating filter chain: any request, [org.springframework.security.web.context.request.async.WebAsyncManagerIntegrationFilter@76ba2139, org.springframework.security.web.context.SecurityContextPersistenceFilter@5cfed4ee, org.springframework.security.web.header.HeaderWriterFilter@4f1179e7, org.springframework.security.web.authentication.logout.LogoutFilter@70ea72e, org.springframework.security.web.authentication.UsernamePasswordAuthenticationFilter@4a2eb2e, org.springframework.security.web.authentication.ui.DefaultLoginPageGeneratingFilter@62c95d73, org.springframework.security.web.authentication.ui.DefaultLogoutPageGeneratingFilter@ec4e9e4, org.springframework.security.web.savedrequest.RequestCacheAwareFilter@167c0e2e, org.springframework.security.web.servletapi.SecurityContextHolderAwareRequestFilter@54707af8, org.springframework.security.web.authentication.AnonymousAuthenticationFilter@53a49745, org.springframework.security.web.session.SessionManagementFilter@79620fed, org.springframework.security.web.access.ExceptionTranslationFilter@7d6406c8, org.springframework.security.web.access.intercept.FilterSecurityInterceptor@58f6f3e8]
[INFO ] 2023-11-08 12:20:14.378 [main] DispatcherServlet - Completed initialization in 8133 ms
[WARN ] 2023-11-08 12:20:21.398 [http-nio-8080-exec-3] ResourceBundleMessageSource - ResourceBundle [message] not found for MessageSource: Can't find bundle for base name message, locale en_IN
[WARN ] 2023-11-08 12:54:28.613 [http-nio-8080-exec-2] PageNotFound - No mapping for GET /brdMaker_Checker/submitTrainee
[WARN ] 2023-11-08 12:55:12.359 [http-nio-8080-exec-5] PageNotFound - No mapping for GET /brdMaker_Checker/submitTrainee
[INFO ] 2023-11-08 14:11:41.870 [main] DispatcherServlet - Initializing Servlet 'dispatcher'
[INFO ] 2023-11-08 14:11:43.179 [main] Version - HHH000412: Hibernate ORM core version 5.6.15.Final
[INFO ] 2023-11-08 14:11:43.624 [main] Version - HCANN000001: Hibernate Commons Annotations {5.1.2.Final}
[INFO ] 2023-11-08 14:11:44.969 [main] Dialect - HHH000400: Using dialect: org.hibernate.dialect.Oracle12cDialect
[INFO ] 2023-11-08 14:11:46.583 [main] JtaPlatformInitiator - HHH000490: Using JtaPlatform implementation: [org.hibernate.engine.transaction.jta.platform.internal.NoJtaPlatform]
[INFO ] 2023-11-08 14:11:47.243 [main] DefaultSecurityFilterChain - Creating filter chain: any request, [org.springframework.security.web.context.request.async.WebAsyncManagerIntegrationFilter@1cc73bb1, org.springframework.security.web.context.SecurityContextPersistenceFilter@32a2da8c, org.springframework.security.web.header.HeaderWriterFilter@5ca32d1a, org.springframework.security.web.authentication.logout.LogoutFilter@472bcf53, org.springframework.security.web.authentication.UsernamePasswordAuthenticationFilter@11f237b3, org.springframework.security.web.authentication.ui.DefaultLoginPageGeneratingFilter@30360716, org.springframework.security.web.authentication.ui.DefaultLogoutPageGeneratingFilter@7782b3c5, org.springframework.security.web.savedrequest.RequestCacheAwareFilter@3861f2c9, org.springframework.security.web.servletapi.SecurityContextHolderAwareRequestFilter@366ed5c7, org.springframework.security.web.authentication.AnonymousAuthenticationFilter@37b98741, org.springframework.security.web.session.SessionManagementFilter@153d5d5b, org.springframework.security.web.access.ExceptionTranslationFilter@a54ab55, org.springframework.security.web.access.intercept.FilterSecurityInterceptor@a73b3c4]
[INFO ] 2023-11-08 14:11:47.763 [main] DispatcherServlet - Completed initialization in 5877 ms
[WARN ] 2023-11-08 14:12:22.288 [http-nio-8080-exec-5] ResourceBundleMessageSource - ResourceBundle [message] not found for MessageSource: Can't find bundle for base name message, locale en_IN
[WARN ] 2023-11-08 14:26:03.500 [http-nio-8080-exec-8] PageNotFound - No mapping for GET /brdMaker_Checker/submitTrainee
[INFO ] 2023-11-08 14:57:36.310 [main] DispatcherServlet - Initializing Servlet 'dispatcher'
[INFO ] 2023-11-08 14:57:37.631 [main] Version - HHH000412: Hibernate ORM core version 5.6.15.Final
[INFO ] 2023-11-08 14:57:38.095 [main] Version - HCANN000001: Hibernate Commons Annotations {5.1.2.Final}
[INFO ] 2023-11-08 14:57:39.450 [main] Dialect - HHH000400: Using dialect: org.hibernate.dialect.Oracle12cDialect
[INFO ] 2023-11-08 14:57:41.108 [main] JtaPlatformInitiator - HHH000490: Using JtaPlatform implementation: [org.hibernate.engine.transaction.jta.platform.internal.NoJtaPlatform]
[INFO ] 2023-11-08 14:57:41.783 [main] DefaultSecurityFilterChain - Creating filter chain: any request, [org.springframework.security.web.context.request.async.WebAsyncManagerIntegrationFilter@28394e41, org.springframework.security.web.context.SecurityContextPersistenceFilter@7de47f81, org.springframework.security.web.header.HeaderWriterFilter@66da2007, org.springframework.security.web.authentication.logout.LogoutFilter@27564996, org.springframework.security.web.authentication.UsernamePasswordAuthenticationFilter@731a1399, org.springframework.security.web.authentication.ui.DefaultLoginPageGeneratingFilter@2b686050, org.springframework.security.web.authentication.ui.DefaultLogoutPageGeneratingFilter@60f6aa4b, org.springframework.security.web.savedrequest.RequestCacheAwareFilter@3f745640, org.springframework.security.web.servletapi.SecurityContextHolderAwareRequestFilter@75adbfae, org.springframework.security.web.authentication.AnonymousAuthenticationFilter@5c7ba702, org.springframework.security.web.session.SessionManagementFilter@7054edda, org.springframework.security.web.access.ExceptionTranslationFilter@d2ce743, org.springframework.security.web.access.intercept.FilterSecurityInterceptor@65e0d9de]
[INFO ] 2023-11-08 14:57:42.307 [main] DispatcherServlet - Completed initialization in 5985 ms
[WARN ] 2023-11-08 14:58:36.539 [http-nio-8080-exec-8] DefaultHandlerExceptionResolver - Resolved [org.springframework.web.HttpRequestMethodNotSupportedException: Request method 'GET' not supported]
[WARN ] 2023-11-08 14:59:24.345 [http-nio-8080-exec-2] DefaultHandlerExceptionResolver - Resolved [org.springframework.web.HttpRequestMethodNotSupportedException: Request method 'GET' not supported]
[WARN ] 2023-11-08 14:59:44.402 [http-nio-8080-exec-4] DefaultHandlerExceptionResolver - Resolved [org.springframework.web.HttpRequestMethodNotSupportedException: Request method 'GET' not supported]
[WARN ] 2023-11-08 14:59:45.201 [http-nio-8080-exec-5] DefaultHandlerExceptionResolver - Resolved [org.springframework.web.HttpRequestMethodNotSupportedException: Request method 'GET' not supported]
[WARN ] 2023-11-08 15:00:24.126 [http-nio-8080-exec-6] DefaultHandlerExceptionResolver - Resolved [org.springframework.web.HttpRequestMethodNotSupportedException: Request method 'GET' not supported]
[WARN ] 2023-11-08 15:04:52.577 [http-nio-8080-exec-2] DefaultHandlerExceptionResolver - Resolved [org.springframework.web.HttpRequestMethodNotSupportedException: Request method 'GET' not supported]
[WARN ] 2023-11-08 15:04:53.265 [http-nio-8080-exec-3] DefaultHandlerExceptionResolver - Resolved [org.springframework.web.HttpRequestMethodNotSupportedException: Request method 'GET' not supported]
[WARN ] 2023-11-08 15:04:53.386 [http-nio-8080-exec-4] DefaultHandlerExceptionResolver - Resolved [org.springframework.web.HttpRequestMethodNotSupportedException: Request method 'GET' not supported]
[WARN ] 2023-11-08 15:04:53.515 [http-nio-8080-exec-5] DefaultHandlerExceptionResolver - Resolved [org.springframework.web.HttpRequestMethodNotSupportedException: Request method 'GET' not supported]
[WARN ] 2023-11-08 15:04:53.634 [http-nio-8080-exec-9] DefaultHandlerExceptionResolver - Resolved [org.springframework.web.HttpRequestMethodNotSupportedException: Request method 'GET' not supported]
[WARN ] 2023-11-08 15:04:53.750 [http-nio-8080-exec-7] DefaultHandlerExceptionResolver - Resolved [org.springframework.web.HttpRequestMethodNotSupportedException: Request method 'GET' not supported]
[WARN ] 2023-11-08 15:04:53.883 [http-nio-8080-exec-8] DefaultHandlerExceptionResolver - Resolved [org.springframework.web.HttpRequestMethodNotSupportedException: Request method 'GET' not supported]
[WARN ] 2023-11-08 15:05:00.987 [http-nio-8080-exec-10] DefaultHandlerExceptionResolver - Resolved [org.springframework.web.HttpMediaTypeNotSupportedException: Content type 'application/x-www-form-urlencoded' not supported]
[INFO ] 2023-11-08 15:06:57.469 [main] DispatcherServlet - Initializing Servlet 'dispatcher'
[INFO ] 2023-11-08 15:06:59.011 [main] Version - HHH000412: Hibernate ORM core version 5.6.15.Final
[INFO ] 2023-11-08 15:06:59.467 [main] Version - HCANN000001: Hibernate Commons Annotations {5.1.2.Final}
[INFO ] 2023-11-08 15:07:00.777 [main] Dialect - HHH000400: Using dialect: org.hibernate.dialect.Oracle12cDialect
[INFO ] 2023-11-08 15:07:02.450 [main] JtaPlatformInitiator - HHH000490: Using JtaPlatform implementation: [org.hibernate.engine.transaction.jta.platform.internal.NoJtaPlatform]
[INFO ] 2023-11-08 15:07:03.769 [main] DefaultSecurityFilterChain - Creating filter chain: any request, [org.springframework.security.web.context.request.async.WebAsyncManagerIntegrationFilter@45b97486, org.springframework.security.web.context.SecurityContextPersistenceFilter@cb38d26, org.springframework.security.web.header.HeaderWriterFilter@68344a08, org.springframework.security.web.authentication.logout.LogoutFilter@52889c68, org.springframework.security.web.authentication.UsernamePasswordAuthenticationFilter@30c6a810, org.springframework.security.web.authentication.ui.DefaultLoginPageGeneratingFilter@5ec4d81b, org.springframework.security.web.authentication.ui.DefaultLogoutPageGeneratingFilter@6a4430d7, org.springframework.security.web.savedrequest.RequestCacheAwareFilter@3f1543ca, org.springframework.security.web.servletapi.SecurityContextHolderAwareRequestFilter@38207d19, org.springframework.security.web.authentication.AnonymousAuthenticationFilter@7c900524, org.springframework.security.web.session.SessionManagementFilter@3c9e2526, org.springframework.security.web.access.ExceptionTranslationFilter@187f6ac7, org.springframework.security.web.access.intercept.FilterSecurityInterceptor@660c6091]
[INFO ] 2023-11-08 15:07:03.803 [main] DispatcherServlet - Completed initialization in 6322 ms
[WARN ] 2023-11-08 15:07:33.179 [http-nio-8080-exec-1] DefaultHandlerExceptionResolver - Resolved [org.springframework.web.HttpMediaTypeNotSupportedException: Content type 'application/x-www-form-urlencoded' not supported]
[WARN ] 2023-11-08 15:07:54.713 [http-nio-8080-exec-6] DefaultHandlerExceptionResolver - Resolved [org.springframework.web.HttpMediaTypeNotSupportedException: Content type 'application/x-www-form-urlencoded' not supported]
[WARN ] 2023-11-08 15:08:03.774 [http-nio-8080-exec-4] DefaultHandlerExceptionResolver - Resolved [org.springframework.web.HttpMediaTypeNotSupportedException: Content type 'application/x-www-form-urlencoded' not supported]
[INFO ] 2023-11-08 15:09:55.671 [main] DispatcherServlet - Initializing Servlet 'dispatcher'
[INFO ] 2023-11-08 15:09:57.213 [main] Version - HHH000412: Hibernate ORM core version 5.6.15.Final
[INFO ] 2023-11-08 15:09:57.718 [main] Version - HCANN000001: Hibernate Commons Annotations {5.1.2.Final}
[INFO ] 2023-11-08 15:09:59.199 [main] Dialect - HHH000400: Using dialect: org.hibernate.dialect.Oracle12cDialect
[INFO ] 2023-11-08 15:10:00.856 [main] JtaPlatformInitiator - HHH000490: Using JtaPlatform implementation: [org.hibernate.engine.transaction.jta.platform.internal.NoJtaPlatform]
[INFO ] 2023-11-08 15:10:02.091 [main] DefaultSecurityFilterChain - Creating filter chain: any request, [org.springframework.security.web.context.request.async.WebAsyncManagerIntegrationFilter@541d5c48, org.springframework.security.web.context.SecurityContextPersistenceFilter@64845c40, org.springframework.security.web.header.HeaderWriterFilter@77e86a53, org.springframework.security.web.authentication.logout.LogoutFilter@38207d19, org.springframework.security.web.authentication.UsernamePasswordAuthenticationFilter@6bf6dc1d, org.springframework.security.web.authentication.ui.DefaultLoginPageGeneratingFilter@3703bc7e, org.springframework.security.web.authentication.ui.DefaultLogoutPageGeneratingFilter@3c01d268, org.springframework.security.web.savedrequest.RequestCacheAwareFilter@1472308f, org.springframework.security.web.servletapi.SecurityContextHolderAwareRequestFilter@5953465a, org.springframework.security.web.authentication.AnonymousAuthenticationFilter@26415f0b, org.springframework.security.web.session.SessionManagementFilter@3249c81a, org.springframework.security.web.access.ExceptionTranslationFilter@47c5ad11, org.springframework.security.web.access.intercept.FilterSecurityInterceptor@7e471ad]
[INFO ] 2023-11-08 15:10:02.142 [main] DispatcherServlet - Completed initialization in 6459 ms
[WARN ] 2023-11-08 15:11:42.699 [http-nio-8080-exec-10] DefaultHandlerExceptionResolver - Resolved [org.springframework.web.HttpMediaTypeNotSupportedException: Content type 'application/x-www-form-urlencoded' not supported]
[INFO ] 2023-11-08 15:17:30.207 [main] DispatcherServlet - Initializing Servlet 'dispatcher'
[INFO ] 2023-11-08 15:17:31.724 [main] Version - HHH000412: Hibernate ORM core version 5.6.15.Final
[INFO ] 2023-11-08 15:17:32.205 [main] Version - HCANN000001: Hibernate Commons Annotations {5.1.2.Final}
[INFO ] 2023-11-08 15:17:33.580 [main] Dialect - HHH000400: Using dialect: org.hibernate.dialect.Oracle12cDialect
[INFO ] 2023-11-08 15:17:35.196 [main] JtaPlatformInitiator - HHH000490: Using JtaPlatform implementation: [org.hibernate.engine.transaction.jta.platform.internal.NoJtaPlatform]
[INFO ] 2023-11-08 15:17:36.460 [main] DefaultSecurityFilterChain - Creating filter chain: any request, [org.springframework.security.web.context.request.async.WebAsyncManagerIntegrationFilter@6b6829b1, org.springframework.security.web.context.SecurityContextPersistenceFilter@57f1cb96, org.springframework.security.web.header.HeaderWriterFilter@37df3dee, org.springframework.security.web.authentication.logout.LogoutFilter@7d9c8c61, org.springframework.security.web.authentication.UsernamePasswordAuthenticationFilter@ace257b, org.springframework.security.web.authentication.ui.DefaultLoginPageGeneratingFilter@72bf66c7, org.springframework.security.web.authentication.ui.DefaultLogoutPageGeneratingFilter@3a8f9d53, org.springframework.security.web.savedrequest.RequestCacheAwareFilter@9e3c653, org.springframework.security.web.servletapi.SecurityContextHolderAwareRequestFilter@15fa043, org.springframework.security.web.authentication.AnonymousAuthenticationFilter@2984638a, org.springframework.security.web.session.SessionManagementFilter@7c9a5397, org.springframework.security.web.access.ExceptionTranslationFilter@52ac57e7, org.springframework.security.web.access.intercept.FilterSecurityInterceptor@6c83c686]
[INFO ] 2023-11-08 15:17:36.491 [main] DispatcherServlet - Completed initialization in 6272 ms
[INFO ] 2023-11-08 15:35:36.048 [main] DispatcherServlet - Initializing Servlet 'dispatcher'
[INFO ] 2023-11-08 15:35:38.845 [main] Version - HHH000412: Hibernate ORM core version 5.6.15.Final
[INFO ] 2023-11-08 15:35:39.649 [main] Version - HCANN000001: Hibernate Commons Annotations {5.1.2.Final}
[INFO ] 2023-11-08 15:35:41.500 [main] Dialect - HHH000400: Using dialect: org.hibernate.dialect.Oracle12cDialect
[INFO ] 2023-11-08 15:35:44.109 [main] JtaPlatformInitiator - HHH000490: Using JtaPlatform implementation: [org.hibernate.engine.transaction.jta.platform.internal.NoJtaPlatform]
[INFO ] 2023-11-08 15:35:45.807 [main] DefaultSecurityFilterChain - Creating filter chain: any request, [org.springframework.security.web.context.request.async.WebAsyncManagerIntegrationFilter@2c107b94, org.springframework.security.web.context.SecurityContextPersistenceFilter@228a6823, org.springframework.security.web.header.HeaderWriterFilter@197d38a, org.springframework.security.web.authentication.logout.LogoutFilter@720907c9, org.springframework.security.web.authentication.UsernamePasswordAuthenticationFilter@208c08d2, org.springframework.security.web.authentication.ui.DefaultLoginPageGeneratingFilter@57f1cb96, org.springframework.security.web.authentication.ui.DefaultLogoutPageGeneratingFilter@7e0adf35, org.springframework.security.web.savedrequest.RequestCacheAwareFilter@38e4697d, org.springframework.security.web.servletapi.SecurityContextHolderAwareRequestFilter@198fb504, org.springframework.security.web.authentication.AnonymousAuthenticationFilter@57e86d0c, org.springframework.security.web.session.SessionManagementFilter@343f01c7, org.springframework.security.web.access.ExceptionTranslationFilter@2169e311, org.springframework.security.web.access.intercept.FilterSecurityInterceptor@5d887ffc]
[INFO ] 2023-11-08 15:35:45.861 [main] DispatcherServlet - Completed initialization in 9795 ms
[WARN ] 2023-11-08 15:36:41.859 [http-nio-8081-exec-8] DefaultHandlerExceptionResolver - Resolved [org.springframework.web.HttpMediaTypeNotSupportedException: Content type 'application/x-www-form-urlencoded' not supported]
[WARN ] 2023-11-08 15:52:42.745 [http-nio-8081-exec-1] DefaultHandlerExceptionResolver - Resolved [org.springframework.web.HttpMediaTypeNotSupportedException: Content type 'application/x-www-form-urlencoded' not supported]
[INFO ] 2023-11-08 15:53:40.952 [main] DispatcherServlet - Initializing Servlet 'dispatcher'
[INFO ] 2023-11-08 15:53:43.796 [main] Version - HHH000412: Hibernate ORM core version 5.6.15.Final
[INFO ] 2023-11-08 15:53:44.678 [main] Version - HCANN000001: Hibernate Commons Annotations {5.1.2.Final}
[INFO ] 2023-11-08 15:53:46.684 [main] Dialect - HHH000400: Using dialect: org.hibernate.dialect.Oracle12cDialect
[INFO ] 2023-11-08 15:53:49.254 [main] JtaPlatformInitiator - HHH000490: Using JtaPlatform implementation: [org.hibernate.engine.transaction.jta.platform.internal.NoJtaPlatform]
[INFO ] 2023-11-08 15:53:51.242 [main] DefaultSecurityFilterChain - Creating filter chain: any request, [org.springframework.security.web.context.request.async.WebAsyncManagerIntegrationFilter@6389e793, org.springframework.security.web.context.SecurityContextPersistenceFilter@be706e2, org.springframework.security.web.header.HeaderWriterFilter@5d548872, org.springframework.security.web.authentication.logout.LogoutFilter@7882f2e2, org.springframework.security.web.authentication.UsernamePasswordAuthenticationFilter@1b4d6eff, org.springframework.security.web.authentication.ui.DefaultLoginPageGeneratingFilter@21c09e90, org.springframework.security.web.authentication.ui.DefaultLogoutPageGeneratingFilter@284d1c98, org.springframework.security.web.savedrequest.RequestCacheAwareFilter@22b4ceb9, org.springframework.security.web.servletapi.SecurityContextHolderAwareRequestFilter@7d9c8c61, org.springframework.security.web.authentication.AnonymousAuthenticationFilter@4b6a7362, org.springframework.security.web.session.SessionManagementFilter@2eb82c04, org.springframework.security.web.access.ExceptionTranslationFilter@11f505e8, org.springframework.security.web.access.intercept.FilterSecurityInterceptor@a47611a]
[INFO ] 2023-11-08 15:53:51.291 [main] DispatcherServlet - Completed initialization in 10318 ms
[WARN ] 2023-11-08 15:53:56.334 [http-nio-8081-exec-4] ResourceBundleMessageSource - ResourceBundle [message] not found for MessageSource: Can't find bundle for base name message, locale en_IN
[WARN ] 2023-11-08 15:59:03.635 [http-nio-8081-exec-6] DefaultHandlerExceptionResolver - Resolved [org.springframework.web.HttpMediaTypeNotSupportedException: Content type 'application/x-www-form-urlencoded' not supported]
[WARN ] 2023-11-08 16:02:47.337 [http-nio-8081-exec-9] DefaultHandlerExceptionResolver - Resolved [org.springframework.web.HttpMediaTypeNotSupportedException: Content type 'application/x-www-form-urlencoded' not supported]
[WARN ] 2023-11-08 16:02:58.711 [http-nio-8081-exec-1] DefaultHandlerExceptionResolver - Resolved [org.springframework.web.HttpMediaTypeNotSupportedException: Content type 'application/x-www-form-urlencoded' not supported]
[WARN ] 2023-11-08 16:03:08.578 [http-nio-8081-exec-3] DefaultHandlerExceptionResolver - Resolved [org.springframework.web.HttpMediaTypeNotSupportedException: Content type 'application/x-www-form-urlencoded' not supported]
[WARN ] 2023-11-08 16:07:36.273 [http-nio-8081-exec-9] DefaultHandlerExceptionResolver - Resolved [org.springframework.web.HttpMediaTypeNotSupportedException: Content type 'application/x-www-form-urlencoded' not supported]
[WARN ] 2023-11-08 16:08:13.595 [http-nio-8081-exec-1] DefaultHandlerExceptionResolver - Resolved [org.springframework.web.HttpMediaTypeNotSupportedException: Content type 'application/x-www-form-urlencoded' not supported]
[WARN ] 2023-11-08 16:08:22.490 [http-nio-8081-exec-3] DefaultHandlerExceptionResolver - Resolved [org.springframework.web.HttpMediaTypeNotSupportedException: Content type 'application/x-www-form-urlencoded' not supported]
[WARN ] 2023-11-08 16:10:47.461 [http-nio-8081-exec-7] DefaultHandlerExceptionResolver - Resolved [org.springframework.web.HttpMediaTypeNotSupportedException: Content type 'application/x-www-form-urlencoded' not supported]
[INFO ] 2023-11-08 16:13:08.664 [main] DispatcherServlet - Initializing Servlet 'dispatcher'
[INFO ] 2023-11-08 16:13:11.659 [main] Version - HHH000412: Hibernate ORM core version 5.6.15.Final
[INFO ] 2023-11-08 16:13:12.553 [main] Version - HCANN000001: Hibernate Commons Annotations {5.1.2.Final}
[INFO ] 2023-11-08 16:13:14.811 [main] Dialect - HHH000400: Using dialect: org.hibernate.dialect.Oracle12cDialect
[INFO ] 2023-11-08 16:13:17.477 [main] JtaPlatformInitiator - HHH000490: Using JtaPlatform implementation: [org.hibernate.engine.transaction.jta.platform.internal.NoJtaPlatform]
[INFO ] 2023-11-08 16:13:19.213 [main] DefaultSecurityFilterChain - Creating filter chain: any request, [org.springframework.security.web.context.request.async.WebAsyncManagerIntegrationFilter@68344a08, org.springframework.security.web.context.SecurityContextPersistenceFilter@2f6b60ee, org.springframework.security.web.header.HeaderWriterFilter@4dc1c3a8, org.springframework.security.web.authentication.logout.LogoutFilter@24d7df03, org.springframework.security.web.authentication.UsernamePasswordAuthenticationFilter@281a5139, org.springframework.security.web.authentication.ui.DefaultLoginPageGeneratingFilter@73536bcc, org.springframework.security.web.authentication.ui.DefaultLogoutPageGeneratingFilter@3968e955, org.springframework.security.web.savedrequest.RequestCacheAwareFilter@c56ea7b, org.springframework.security.web.servletapi.SecurityContextHolderAwareRequestFilter@5119e01a, org.springframework.security.web.authentication.AnonymousAuthenticationFilter@3c9e2526, org.springframework.security.web.session.SessionManagementFilter@7e9e125f, org.springframework.security.web.access.ExceptionTranslationFilter@50b1aea, org.springframework.security.web.access.intercept.FilterSecurityInterceptor@52afe9f2]
[INFO ] 2023-11-08 16:13:19.246 [main] DispatcherServlet - Completed initialization in 10564 ms
[INFO ] 2023-11-08 16:14:10.147 [main] DispatcherServlet - Initializing Servlet 'dispatcher'
[INFO ] 2023-11-08 16:14:13.019 [main] Version - HHH000412: Hibernate ORM core version 5.6.15.Final
[INFO ] 2023-11-08 16:14:13.711 [main] Version - HCANN000001: Hibernate Commons Annotations {5.1.2.Final}
[INFO ] 2023-11-08 16:15:01.287 [main] Dialect - HHH000400: Using dialect: org.hibernate.dialect.Oracle12cDialect
[INFO ] 2023-11-08 16:15:09.540 [main] JtaPlatformInitiator - HHH000490: Using JtaPlatform implementation: [org.hibernate.engine.transaction.jta.platform.internal.NoJtaPlatform]
[INFO ] 2023-11-08 16:15:15.196 [main] DefaultSecurityFilterChain - Creating filter chain: any request, [org.springframework.security.web.context.request.async.WebAsyncManagerIntegrationFilter@3e5595da, org.springframework.security.web.context.SecurityContextPersistenceFilter@7a51ba06, org.springframework.security.web.header.HeaderWriterFilter@22b4ceb9, org.springframework.security.web.authentication.logout.LogoutFilter@508a1ef0, org.springframework.security.web.authentication.UsernamePasswordAuthenticationFilter@d8194cc, org.springframework.security.web.authentication.ui.DefaultLoginPageGeneratingFilter@41334af0, org.springframework.security.web.authentication.ui.DefaultLogoutPageGeneratingFilter@117f1636, org.springframework.security.web.savedrequest.RequestCacheAwareFilter@57b03187, org.springframework.security.web.servletapi.SecurityContextHolderAwareRequestFilter@372d7420, org.springframework.security.web.authentication.AnonymousAuthenticationFilter@5cb3fff1, org.springframework.security.web.session.SessionManagementFilter@2bda778a, org.springframework.security.web.access.ExceptionTranslationFilter@2eb82c04, org.springframework.security.web.access.intercept.FilterSecurityInterceptor@6786016]
[INFO ] 2023-11-08 16:15:15.234 [main] DispatcherServlet - Completed initialization in 65064 ms
[WARN ] 2023-11-08 16:17:05.617 [http-nio-8081-exec-9] DefaultHandlerExceptionResolver - Resolved [org.springframework.web.HttpMediaTypeNotSupportedException: Content type 'application/x-www-form-urlencoded' not supported]
[WARN ] 2023-11-08 16:17:40.005 [http-nio-8081-exec-3] DefaultHandlerExceptionResolver - Resolved [org.springframework.web.HttpMediaTypeNotSupportedException: Content type 'application/x-www-form-urlencoded' not supported]
[WARN ] 2023-11-08 16:32:10.713 [http-nio-8081-exec-7] DefaultHandlerExceptionResolver - Resolved [org.springframework.web.HttpMediaTypeNotSupportedException: Content type 'application/x-www-form-urlencoded' not supported]
[WARN ] 2023-11-08 16:40:18.133 [http-nio-8081-exec-1] DefaultHandlerExceptionResolver - Resolved [org.springframework.web.HttpMediaTypeNotSupportedException: Content type 'application/x-www-form-urlencoded' not supported]
[WARN ] 2023-11-08 16:54:33.007 [http-nio-8081-exec-6] DefaultHandlerExceptionResolver - Resolved [org.springframework.web.HttpMediaTypeNotSupportedException: Content type 'application/x-www-form-urlencoded' not supported]
[WARN ] 2023-11-08 16:54:33.682 [http-nio-8081-exec-4] DefaultHandlerExceptionResolver - Resolved [org.springframework.http.converter.HttpMessageNotReadableException: JSON parse error: Cannot deserialize value of type `com.nucleus.project.bean.TraineeDTO` from Array value (token `JsonToken.START_ARRAY`); nested exception is com.fasterxml.jackson.databind.exc.MismatchedInputException: Cannot deserialize value of type `com.nucleus.project.bean.TraineeDTO` from Array value (token `JsonToken.START_ARRAY`)<EOL> at [Source: (org.springframework.util.StreamUtils$NonClosingInputStream); line: 1, column: 1]]
[WARN ] 2023-11-08 16:57:26.406 [http-nio-8081-exec-2] DefaultHandlerExceptionResolver - Resolved [org.springframework.http.converter.HttpMessageNotReadableException: JSON parse error: Cannot deserialize value of type `com.nucleus.project.bean.TraineeDTO` from Array value (token `JsonToken.START_ARRAY`); nested exception is com.fasterxml.jackson.databind.exc.MismatchedInputException: Cannot deserialize value of type `com.nucleus.project.bean.TraineeDTO` from Array value (token `JsonToken.START_ARRAY`)<EOL> at [Source: (org.springframework.util.StreamUtils$NonClosingInputStream); line: 1, column: 1]]
[WARN ] 2023-11-08 16:57:26.458 [http-nio-8081-exec-10] DefaultHandlerExceptionResolver - Resolved [org.springframework.web.HttpMediaTypeNotSupportedException: Content type 'application/x-www-form-urlencoded' not supported]
[WARN ] 2023-11-08 16:59:22.593 [http-nio-8081-exec-5] DefaultHandlerExceptionResolver - Resolved [org.springframework.web.HttpMediaTypeNotSupportedException: Content type 'application/x-www-form-urlencoded' not supported]
[WARN ] 2023-11-08 16:59:28.068 [http-nio-8081-exec-4] DefaultHandlerExceptionResolver - Resolved [org.springframework.http.converter.HttpMessageNotReadableException: JSON parse error: Cannot deserialize value of type `com.nucleus.project.bean.TraineeDTO` from Array value (token `JsonToken.START_ARRAY`); nested exception is com.fasterxml.jackson.databind.exc.MismatchedInputException: Cannot deserialize value of type `com.nucleus.project.bean.TraineeDTO` from Array value (token `JsonToken.START_ARRAY`)<EOL> at [Source: (org.springframework.util.StreamUtils$NonClosingInputStream); line: 1, column: 1]]
[WARN ] 2023-11-08 16:59:28.120 [http-nio-8081-exec-7] DefaultHandlerExceptionResolver - Resolved [org.springframework.web.HttpMediaTypeNotSupportedException: Content type 'application/x-www-form-urlencoded' not supported]
[WARN ] 2023-11-08 17:00:23.207 [http-nio-8081-exec-10] DefaultHandlerExceptionResolver - Resolved [org.springframework.http.converter.HttpMessageNotReadableException: JSON parse error: Cannot deserialize value of type `com.nucleus.project.bean.TraineeDTO` from Array value (token `JsonToken.START_ARRAY`); nested exception is com.fasterxml.jackson.databind.exc.MismatchedInputException: Cannot deserialize value of type `com.nucleus.project.bean.TraineeDTO` from Array value (token `JsonToken.START_ARRAY`)<EOL> at [Source: (org.springframework.util.StreamUtils$NonClosingInputStream); line: 1, column: 1]]
[WARN ] 2023-11-08 17:00:23.241 [http-nio-8081-exec-3] DefaultHandlerExceptionResolver - Resolved [org.springframework.web.HttpMediaTypeNotSupportedException: Content type 'application/x-www-form-urlencoded' not supported]
[INFO ] 2023-11-08 17:16:44.358 [main] DispatcherServlet - Initializing Servlet 'dispatcher'
[INFO ] 2023-11-08 17:16:50.952 [main] Version - HHH000412: Hibernate ORM core version 5.6.15.Final
[INFO ] 2023-11-08 17:16:53.345 [main] Version - HCANN000001: Hibernate Commons Annotations {5.1.2.Final}
[INFO ] 2023-11-08 17:17:07.589 [main] Dialect - HHH000400: Using dialect: org.hibernate.dialect.Oracle12cDialect
[INFO ] 2023-11-08 17:17:10.271 [main] JtaPlatformInitiator - HHH000490: Using JtaPlatform implementation: [org.hibernate.engine.transaction.jta.platform.internal.NoJtaPlatform]
[INFO ] 2023-11-08 17:17:12.142 [main] DefaultSecurityFilterChain - Creating filter chain: any request, [org.springframework.security.web.context.request.async.WebAsyncManagerIntegrationFilter@3e5595da, org.springframework.security.web.context.SecurityContextPersistenceFilter@7a51ba06, org.springframework.security.web.header.HeaderWriterFilter@22b4ceb9, org.springframework.security.web.authentication.logout.LogoutFilter@508a1ef0, org.springframework.security.web.authentication.UsernamePasswordAuthenticationFilter@d8194cc, org.springframework.security.web.authentication.ui.DefaultLoginPageGeneratingFilter@41334af0, org.springframework.security.web.authentication.ui.DefaultLogoutPageGeneratingFilter@117f1636, org.springframework.security.web.savedrequest.RequestCacheAwareFilter@57b03187, org.springframework.security.web.servletapi.SecurityContextHolderAwareRequestFilter@372d7420, org.springframework.security.web.authentication.AnonymousAuthenticationFilter@5cb3fff1, org.springframework.security.web.session.SessionManagementFilter@2bda778a, org.springframework.security.web.access.ExceptionTranslationFilter@2eb82c04, org.springframework.security.web.access.intercept.FilterSecurityInterceptor@6786016]
[INFO ] 2023-11-08 17:17:12.179 [main] DispatcherServlet - Completed initialization in 27813 ms
[WARN ] 2023-11-08 17:20:05.215 [http-nio-8081-exec-5] DefaultHandlerExceptionResolver - Resolved [org.springframework.web.HttpMediaTypeNotSupportedException: Content type 'text/plain;charset=UTF-8' not supported]
[WARN ] 2023-11-08 17:26:08.571 [http-nio-8081-exec-9] DefaultHandlerExceptionResolver - Resolved [org.springframework.http.converter.HttpMessageNotReadableException: JSON parse error: Cannot deserialize value of type `com.nucleus.project.bean.TraineeDTO` from Array value (token `JsonToken.START_ARRAY`); nested exception is com.fasterxml.jackson.databind.exc.MismatchedInputException: Cannot deserialize value of type `com.nucleus.project.bean.TraineeDTO` from Array value (token `JsonToken.START_ARRAY`)<EOL> at [Source: (org.springframework.util.StreamUtils$NonClosingInputStream); line: 1, column: 1]]
[WARN ] 2023-11-08 17:29:15.505 [http-nio-8081-exec-4] DefaultHandlerExceptionResolver - Resolved [org.springframework.http.converter.HttpMessageNotReadableException: JSON parse error: Cannot deserialize value of type `com.nucleus.project.bean.TraineeDTO` from Array value (token `JsonToken.START_ARRAY`); nested exception is com.fasterxml.jackson.databind.exc.MismatchedInputException: Cannot deserialize value of type `com.nucleus.project.bean.TraineeDTO` from Array value (token `JsonToken.START_ARRAY`)<EOL> at [Source: (org.springframework.util.StreamUtils$NonClosingInputStream); line: 1, column: 1]]
[WARN ] 2023-11-08 17:35:42.286 [http-nio-8081-exec-7] DefaultHandlerExceptionResolver - Resolved [org.springframework.http.converter.HttpMessageNotReadableException: JSON parse error: Cannot deserialize value of type `com.nucleus.project.bean.TraineeDTO` from Array value (token `JsonToken.START_ARRAY`); nested exception is com.fasterxml.jackson.databind.exc.MismatchedInputException: Cannot deserialize value of type `com.nucleus.project.bean.TraineeDTO` from Array value (token `JsonToken.START_ARRAY`)<EOL> at [Source: (org.springframework.util.StreamUtils$NonClosingInputStream); line: 1, column: 1]]
[WARN ] 2023-11-08 17:37:16.699 [http-nio-8081-exec-10] DefaultHandlerExceptionResolver - Resolved [org.springframework.web.HttpMediaTypeNotSupportedException: Invalid mime type "json": does not contain '/']
[WARN ] 2023-11-08 17:38:14.503 [http-nio-8081-exec-2] DefaultHandlerExceptionResolver - Resolved [org.springframework.web.HttpMediaTypeNotSupportedException: Invalid mime type "json": does not contain '/']
[WARN ] 2023-11-08 17:38:16.365 [http-nio-8081-exec-5] DefaultHandlerExceptionResolver - Resolved [org.springframework.web.HttpRequestMethodNotSupportedException: Request method 'GET' not supported]
[WARN ] 2023-11-08 17:38:22.536 [http-nio-8081-exec-3] DefaultHandlerExceptionResolver - Resolved [org.springframework.web.HttpRequestMethodNotSupportedException: Request method 'GET' not supported]
[WARN ] 2023-11-08 17:49:54.439 [http-nio-8081-exec-3] DefaultHandlerExceptionResolver - Resolved [org.springframework.web.HttpMediaTypeNotSupportedException: Invalid mime type "json": does not contain '/']
[WARN ] 2023-11-08 17:51:25.205 [http-nio-8081-exec-7] DefaultHandlerExceptionResolver - Resolved [org.springframework.web.HttpMediaTypeNotSupportedException: Invalid mime type "json": does not contain '/']
[WARN ] 2023-11-08 17:51:55.991 [http-nio-8081-exec-4] DefaultHandlerExceptionResolver - Resolved [org.springframework.web.HttpMediaTypeNotSupportedException: Invalid mime type "json": does not contain '/']
