[INFO ] 2023-11-30 11:25:38.014 [main] DispatcherServlet - Initializing Servlet 'dispatcher'
[INFO ] 2023-11-30 11:25:41.775 [main] Version - HHH000412: Hibernate ORM core version 5.6.15.Final
[INFO ] 2023-11-30 11:25:42.701 [main] Version - HCANN000001: Hibernate Commons Annotations {5.1.2.Final}
[WARN ] 2023-11-30 11:25:44.049 [main] JdbcEnvironmentInitiator - HHH000342: Could not obtain connection to query metadata
java.sql.SQLRecoverableException: IO Error: An existing connection was forcibly closed by the remote host, Authentication lapse 0 ms.
	at oracle.jdbc.driver.T4CConnection.logon(T4CConnection.java:878) ~[ojdbc8-19.8.0.0.jar:19.8.0.0.0]
	at oracle.jdbc.driver.PhysicalConnection.connect(PhysicalConnection.java:793) ~[ojdbc8-19.8.0.0.jar:19.8.0.0.0]
	at oracle.jdbc.driver.T4CDriverExtension.getConnection(T4CDriverExtension.java:57) ~[ojdbc8-19.8.0.0.jar:19.8.0.0.0]
	at oracle.jdbc.driver.OracleDriver.connect(OracleDriver.java:747) ~[ojdbc8-19.8.0.0.jar:19.8.0.0.0]
	at oracle.jdbc.driver.OracleDriver.connect(OracleDriver.java:562) ~[ojdbc8-19.8.0.0.jar:19.8.0.0.0]
	at java.sql.DriverManager.getConnection(DriverManager.java:677) ~[java.sql:?]
	at java.sql.DriverManager.getConnection(DriverManager.java:189) ~[java.sql:?]
	at org.springframework.jdbc.datasource.DriverManagerDataSource.getConnectionFromDriverManager(DriverManagerDataSource.java:155) ~[spring-jdbc-5.3.26.jar:5.3.26]
	at org.springframework.jdbc.datasource.DriverManagerDataSource.getConnectionFromDriver(DriverManagerDataSource.java:146) ~[spring-jdbc-5.3.26.jar:5.3.26]
	at org.springframework.jdbc.datasource.AbstractDriverBasedDataSource.getConnectionFromDriver(AbstractDriverBasedDataSource.java:205) ~[spring-jdbc-5.3.26.jar:5.3.26]
	at org.springframework.jdbc.datasource.AbstractDriverBasedDataSource.getConnection(AbstractDriverBasedDataSource.java:169) ~[spring-jdbc-5.3.26.jar:5.3.26]
	at org.hibernate.engine.jdbc.connections.internal.DatasourceConnectionProviderImpl.getConnection(DatasourceConnectionProviderImpl.java:122) ~[hibernate-core-5.6.15.Final.jar:5.6.15.Final]
	at org.hibernate.engine.jdbc.env.internal.JdbcEnvironmentInitiator$ConnectionProviderJdbcConnectionAccess.obtainConnection(JdbcEnvironmentInitiator.java:181) ~[hibernate-core-5.6.15.Final.jar:5.6.15.Final]
	at org.hibernate.engine.jdbc.env.internal.JdbcEnvironmentInitiator.initiateService(JdbcEnvironmentInitiator.java:68) ~[hibernate-core-5.6.15.Final.jar:5.6.15.Final]
	at org.hibernate.engine.jdbc.env.internal.JdbcEnvironmentInitiator.initiateService(JdbcEnvironmentInitiator.java:35) ~[hibernate-core-5.6.15.Final.jar:5.6.15.Final]
	at org.hibernate.boot.registry.internal.StandardServiceRegistryImpl.initiateService(StandardServiceRegistryImpl.java:101) ~[hibernate-core-5.6.15.Final.jar:5.6.15.Final]
	at org.hibernate.service.internal.AbstractServiceRegistryImpl.createService(AbstractServiceRegistryImpl.java:272) ~[hibernate-core-5.6.15.Final.jar:5.6.15.Final]
	at org.hibernate.service.internal.AbstractServiceRegistryImpl.initializeService(AbstractServiceRegistryImpl.java:246) ~[hibernate-core-5.6.15.Final.jar:5.6.15.Final]
	at org.hibernate.service.internal.AbstractServiceRegistryImpl.getService(AbstractServiceRegistryImpl.java:223) ~[hibernate-core-5.6.15.Final.jar:5.6.15.Final]
	at org.hibernate.id.factory.internal.DefaultIdentifierGeneratorFactory.injectServices(DefaultIdentifierGeneratorFactory.java:175) ~[hibernate-core-5.6.15.Final.jar:5.6.15.Final]
	at org.hibernate.service.internal.AbstractServiceRegistryImpl.injectDependencies(AbstractServiceRegistryImpl.java:295) ~[hibernate-core-5.6.15.Final.jar:5.6.15.Final]
	at org.hibernate.service.internal.AbstractServiceRegistryImpl.initializeService(AbstractServiceRegistryImpl.java:252) ~[hibernate-core-5.6.15.Final.jar:5.6.15.Final]
	at org.hibernate.service.internal.AbstractServiceRegistryImpl.getService(AbstractServiceRegistryImpl.java:223) ~[hibernate-core-5.6.15.Final.jar:5.6.15.Final]
	at org.hibernate.boot.internal.InFlightMetadataCollectorImpl.<init>(InFlightMetadataCollectorImpl.java:173) ~[hibernate-core-5.6.15.Final.jar:5.6.15.Final]
	at org.hibernate.boot.model.process.spi.MetadataBuildingProcess.complete(MetadataBuildingProcess.java:127) ~[hibernate-core-5.6.15.Final.jar:5.6.15.Final]
	at org.hibernate.boot.model.process.spi.MetadataBuildingProcess.build(MetadataBuildingProcess.java:86) ~[hibernate-core-5.6.15.Final.jar:5.6.15.Final]
	at org.hibernate.boot.internal.MetadataBuilderImpl.build(MetadataBuilderImpl.java:479) ~[hibernate-core-5.6.15.Final.jar:5.6.15.Final]
	at org.hibernate.boot.internal.MetadataBuilderImpl.build(MetadataBuilderImpl.java:85) ~[hibernate-core-5.6.15.Final.jar:5.6.15.Final]
	at org.hibernate.cfg.Configuration.buildSessionFactory(Configuration.java:709) ~[hibernate-core-5.6.15.Final.jar:5.6.15.Final]
	at org.hibernate.cfg.Configuration.buildSessionFactory(Configuration.java:746) ~[hibernate-core-5.6.15.Final.jar:5.6.15.Final]
	at org.springframework.orm.hibernate5.LocalSessionFactoryBean.buildSessionFactory(LocalSessionFactoryBean.java:616) ~[spring-orm-5.3.26.jar:5.3.26]
	at org.springframework.orm.hibernate5.LocalSessionFactoryBean.afterPropertiesSet(LocalSessionFactoryBean.java:600) ~[spring-orm-5.3.26.jar:5.3.26]
	at org.springframework.beans.factory.support.AbstractAutowireCapableBeanFactory.invokeInitMethods(AbstractAutowireCapableBeanFactory.java:1863) ~[spring-beans-5.3.26.jar:5.3.26]
	at org.springframework.beans.factory.support.AbstractAutowireCapableBeanFactory.initializeBean(AbstractAutowireCapableBeanFactory.java:1800) ~[spring-beans-5.3.26.jar:5.3.26]
	at org.springframework.beans.factory.support.AbstractAutowireCapableBeanFactory.doCreateBean(AbstractAutowireCapableBeanFactory.java:620) ~[spring-beans-5.3.26.jar:5.3.26]
	at org.springframework.beans.factory.support.AbstractAutowireCapableBeanFactory.createBean(AbstractAutowireCapableBeanFactory.java:542) ~[spring-beans-5.3.26.jar:5.3.26]
	at org.springframework.beans.factory.support.AbstractBeanFactory.lambda$doGetBean$0(AbstractBeanFactory.java:335) ~[spring-beans-5.3.26.jar:5.3.26]
	at org.springframework.beans.factory.support.DefaultSingletonBeanRegistry.getSingleton(DefaultSingletonBeanRegistry.java:234) ~[spring-beans-5.3.26.jar:5.3.26]
	at org.springframework.beans.factory.support.AbstractBeanFactory.doGetBean(AbstractBeanFactory.java:333) ~[spring-beans-5.3.26.jar:5.3.26]
	at org.springframework.beans.factory.support.AbstractBeanFactory.getBean(AbstractBeanFactory.java:208) ~[spring-beans-5.3.26.jar:5.3.26]
	at org.springframework.beans.factory.config.DependencyDescriptor.resolveCandidate(DependencyDescriptor.java:276) ~[spring-beans-5.3.26.jar:5.3.26]
	at org.springframework.beans.factory.support.DefaultListableBeanFactory.doResolveDependency(DefaultListableBeanFactory.java:1391) ~[spring-beans-5.3.26.jar:5.3.26]
	at org.springframework.beans.factory.support.DefaultListableBeanFactory.resolveDependency(DefaultListableBeanFactory.java:1311) ~[spring-beans-5.3.26.jar:5.3.26]
	at org.springframework.beans.factory.annotation.AutowiredAnnotationBeanPostProcessor$AutowiredFieldElement.resolveFieldValue(AutowiredAnnotationBeanPostProcessor.java:657) ~[spring-beans-5.3.26.jar:5.3.26]
	at org.springframework.beans.factory.annotation.AutowiredAnnotationBeanPostProcessor$AutowiredFieldElement.inject(AutowiredAnnotationBeanPostProcessor.java:640) ~[spring-beans-5.3.26.jar:5.3.26]
	at org.springframework.beans.factory.annotation.InjectionMetadata.inject(InjectionMetadata.java:119) ~[spring-beans-5.3.26.jar:5.3.26]
	at org.springframework.beans.factory.annotation.AutowiredAnnotationBeanPostProcessor.postProcessProperties(AutowiredAnnotationBeanPostProcessor.java:399) ~[spring-beans-5.3.26.jar:5.3.26]
	at org.springframework.beans.factory.support.AbstractAutowireCapableBeanFactory.populateBean(AbstractAutowireCapableBeanFactory.java:1431) ~[spring-beans-5.3.26.jar:5.3.26]
	at org.springframework.beans.factory.support.AbstractAutowireCapableBeanFactory.doCreateBean(AbstractAutowireCapableBeanFactory.java:619) ~[spring-beans-5.3.26.jar:5.3.26]
	at org.springframework.beans.factory.support.AbstractAutowireCapableBeanFactory.createBean(AbstractAutowireCapableBeanFactory.java:542) ~[spring-beans-5.3.26.jar:5.3.26]
	at org.springframework.beans.factory.support.AbstractBeanFactory.lambda$doGetBean$0(AbstractBeanFactory.java:335) ~[spring-beans-5.3.26.jar:5.3.26]
	at org.springframework.beans.factory.support.DefaultSingletonBeanRegistry.getSingleton(DefaultSingletonBeanRegistry.java:234) ~[spring-beans-5.3.26.jar:5.3.26]
	at org.springframework.beans.factory.support.AbstractBeanFactory.doGetBean(AbstractBeanFactory.java:333) ~[spring-beans-5.3.26.jar:5.3.26]
	at org.springframework.beans.factory.support.AbstractBeanFactory.getBean(AbstractBeanFactory.java:208) ~[spring-beans-5.3.26.jar:5.3.26]
	at org.springframework.beans.factory.config.DependencyDescriptor.resolveCandidate(DependencyDescriptor.java:276) ~[spring-beans-5.3.26.jar:5.3.26]
	at org.springframework.beans.factory.support.DefaultListableBeanFactory.doResolveDependency(DefaultListableBeanFactory.java:1391) ~[spring-beans-5.3.26.jar:5.3.26]
	at org.springframework.beans.factory.support.DefaultListableBeanFactory.resolveDependency(DefaultListableBeanFactory.java:1311) ~[spring-beans-5.3.26.jar:5.3.26]
	at org.springframework.beans.factory.annotation.AutowiredAnnotationBeanPostProcessor$AutowiredFieldElement.resolveFieldValue(AutowiredAnnotationBeanPostProcessor.java:657) ~[spring-beans-5.3.26.jar:5.3.26]
	at org.springframework.beans.factory.annotation.AutowiredAnnotationBeanPostProcessor$AutowiredFieldElement.inject(AutowiredAnnotationBeanPostProcessor.java:640) ~[spring-beans-5.3.26.jar:5.3.26]
	at org.springframework.beans.factory.annotation.InjectionMetadata.inject(InjectionMetadata.java:119) ~[spring-beans-5.3.26.jar:5.3.26]
	at org.springframework.beans.factory.annotation.AutowiredAnnotationBeanPostProcessor.postProcessProperties(AutowiredAnnotationBeanPostProcessor.java:399) ~[spring-beans-5.3.26.jar:5.3.26]
	at org.springframework.beans.factory.support.AbstractAutowireCapableBeanFactory.populateBean(AbstractAutowireCapableBeanFactory.java:1431) ~[spring-beans-5.3.26.jar:5.3.26]
	at org.springframework.beans.factory.support.AbstractAutowireCapableBeanFactory.doCreateBean(AbstractAutowireCapableBeanFactory.java:619) ~[spring-beans-5.3.26.jar:5.3.26]
	at org.springframework.beans.factory.support.AbstractAutowireCapableBeanFactory.createBean(AbstractAutowireCapableBeanFactory.java:542) ~[spring-beans-5.3.26.jar:5.3.26]
	at org.springframework.beans.factory.support.AbstractBeanFactory.lambda$doGetBean$0(AbstractBeanFactory.java:335) ~[spring-beans-5.3.26.jar:5.3.26]
	at org.springframework.beans.factory.support.DefaultSingletonBeanRegistry.getSingleton(DefaultSingletonBeanRegistry.java:234) ~[spring-beans-5.3.26.jar:5.3.26]
	at org.springframework.beans.factory.support.AbstractBeanFactory.doGetBean(AbstractBeanFactory.java:333) ~[spring-beans-5.3.26.jar:5.3.26]
	at org.springframework.beans.factory.support.AbstractBeanFactory.getBean(AbstractBeanFactory.java:208) ~[spring-beans-5.3.26.jar:5.3.26]
	at org.springframework.beans.factory.config.DependencyDescriptor.resolveCandidate(DependencyDescriptor.java:276) ~[spring-beans-5.3.26.jar:5.3.26]
	at org.springframework.beans.factory.support.DefaultListableBeanFactory.doResolveDependency(DefaultListableBeanFactory.java:1391) ~[spring-beans-5.3.26.jar:5.3.26]
	at org.springframework.beans.factory.support.DefaultListableBeanFactory.resolveDependency(DefaultListableBeanFactory.java:1311) ~[spring-beans-5.3.26.jar:5.3.26]
	at org.springframework.beans.factory.annotation.AutowiredAnnotationBeanPostProcessor$AutowiredFieldElement.resolveFieldValue(AutowiredAnnotationBeanPostProcessor.java:657) ~[spring-beans-5.3.26.jar:5.3.26]
	at org.springframework.beans.factory.annotation.AutowiredAnnotationBeanPostProcessor$AutowiredFieldElement.inject(AutowiredAnnotationBeanPostProcessor.java:640) ~[spring-beans-5.3.26.jar:5.3.26]
	at org.springframework.beans.factory.annotation.InjectionMetadata.inject(InjectionMetadata.java:119) ~[spring-beans-5.3.26.jar:5.3.26]
	at org.springframework.beans.factory.annotation.AutowiredAnnotationBeanPostProcessor.postProcessProperties(AutowiredAnnotationBeanPostProcessor.java:399) ~[spring-beans-5.3.26.jar:5.3.26]
	at org.springframework.beans.factory.support.AbstractAutowireCapableBeanFactory.populateBean(AbstractAutowireCapableBeanFactory.java:1431) ~[spring-beans-5.3.26.jar:5.3.26]
	at org.springframework.beans.factory.support.AbstractAutowireCapableBeanFactory.doCreateBean(AbstractAutowireCapableBeanFactory.java:619) ~[spring-beans-5.3.26.jar:5.3.26]
	at org.springframework.beans.factory.support.AbstractAutowireCapableBeanFactory.createBean(AbstractAutowireCapableBeanFactory.java:542) ~[spring-beans-5.3.26.jar:5.3.26]
	at org.springframework.beans.factory.support.AbstractBeanFactory.lambda$doGetBean$0(AbstractBeanFactory.java:335) ~[spring-beans-5.3.26.jar:5.3.26]
	at org.springframework.beans.factory.support.DefaultSingletonBeanRegistry.getSingleton(DefaultSingletonBeanRegistry.java:234) ~[spring-beans-5.3.26.jar:5.3.26]
	at org.springframework.beans.factory.support.AbstractBeanFactory.doGetBean(AbstractBeanFactory.java:333) ~[spring-beans-5.3.26.jar:5.3.26]
	at org.springframework.beans.factory.support.AbstractBeanFactory.getBean(AbstractBeanFactory.java:208) ~[spring-beans-5.3.26.jar:5.3.26]
	at org.springframework.beans.factory.support.DefaultListableBeanFactory.preInstantiateSingletons(DefaultListableBeanFactory.java:955) ~[spring-beans-5.3.26.jar:5.3.26]
	at org.springframework.context.support.AbstractApplicationContext.finishBeanFactoryInitialization(AbstractApplicationContext.java:920) ~[spring-context-5.3.26.jar:5.3.26]
	at org.springframework.context.support.AbstractApplicationContext.refresh(AbstractApplicationContext.java:583) ~[spring-context-5.3.26.jar:5.3.26]
	at org.springframework.web.servlet.FrameworkServlet.configureAndRefreshWebApplicationContext(FrameworkServlet.java:702) ~[spring-webmvc-5.3.26.jar:5.3.26]
	at org.springframework.web.servlet.FrameworkServlet.createWebApplicationContext(FrameworkServlet.java:668) ~[spring-webmvc-5.3.26.jar:5.3.26]
	at org.springframework.web.servlet.FrameworkServlet.createWebApplicationContext(FrameworkServlet.java:716) ~[spring-webmvc-5.3.26.jar:5.3.26]
	at org.springframework.web.servlet.FrameworkServlet.initWebApplicationContext(FrameworkServlet.java:591) ~[spring-webmvc-5.3.26.jar:5.3.26]
	at org.springframework.web.servlet.FrameworkServlet.initServletBean(FrameworkServlet.java:530) ~[spring-webmvc-5.3.26.jar:5.3.26]
	at org.springframework.web.servlet.HttpServletBean.init(HttpServletBean.java:170) ~[spring-webmvc-5.3.26.jar:5.3.26]
	at javax.servlet.GenericServlet.init(GenericServlet.java:143) ~[servlet-api.jar:4.0.FR]
	at org.apache.catalina.core.StandardWrapper.initServlet(StandardWrapper.java:1106) ~[catalina.jar:9.0.80]
	at org.apache.catalina.core.StandardWrapper.loadServlet(StandardWrapper.java:1063) ~[catalina.jar:9.0.80]
	at org.apache.catalina.core.StandardWrapper.load(StandardWrapper.java:960) ~[catalina.jar:9.0.80]
	at org.apache.catalina.core.StandardContext.loadOnStartup(StandardContext.java:4641) ~[catalina.jar:9.0.80]
	at org.apache.catalina.core.StandardContext.startInternal(StandardContext.java:4948) ~[catalina.jar:9.0.80]
	at org.apache.catalina.util.LifecycleBase.start(LifecycleBase.java:171) ~[catalina.jar:9.0.80]
	at org.apache.catalina.core.ContainerBase.addChildInternal(ContainerBase.java:683) ~[catalina.jar:9.0.80]
	at org.apache.catalina.core.ContainerBase.addChild(ContainerBase.java:658) ~[catalina.jar:9.0.80]
	at org.apache.catalina.core.StandardHost.addChild(StandardHost.java:662) ~[catalina.jar:9.0.80]
	at org.apache.catalina.startup.HostConfig.deployDescriptor(HostConfig.java:689) ~[catalina.jar:9.0.80]
	at org.apache.catalina.startup.HostConfig$DeployDescriptor.run(HostConfig.java:1888) ~[catalina.jar:9.0.80]
	at java.util.concurrent.Executors$RunnableAdapter.call(Executors.java:515) ~[?:?]
	at java.util.concurrent.FutureTask.run(FutureTask.java:264) ~[?:?]
	at org.apache.tomcat.util.threads.InlineExecutorService.execute(InlineExecutorService.java:75) ~[tomcat-util.jar:9.0.80]
	at java.util.concurrent.AbstractExecutorService.submit(AbstractExecutorService.java:118) ~[?:?]
	at org.apache.catalina.startup.HostConfig.deployDescriptors(HostConfig.java:582) ~[catalina.jar:9.0.80]
	at org.apache.catalina.startup.HostConfig.deployApps(HostConfig.java:472) ~[catalina.jar:9.0.80]
	at org.apache.catalina.startup.HostConfig.start(HostConfig.java:1617) ~[catalina.jar:9.0.80]
	at org.apache.catalina.startup.HostConfig.lifecycleEvent(HostConfig.java:318) ~[catalina.jar:9.0.80]
	at org.apache.catalina.util.LifecycleBase.fireLifecycleEvent(LifecycleBase.java:114) ~[catalina.jar:9.0.80]
	at org.apache.catalina.util.LifecycleBase.setStateInternal(LifecycleBase.java:402) ~[catalina.jar:9.0.80]
	at org.apache.catalina.util.LifecycleBase.setState(LifecycleBase.java:345) ~[catalina.jar:9.0.80]
	at org.apache.catalina.core.ContainerBase.startInternal(ContainerBase.java:893) ~[catalina.jar:9.0.80]
	at org.apache.catalina.core.StandardHost.startInternal(StandardHost.java:795) ~[catalina.jar:9.0.80]
	at org.apache.catalina.util.LifecycleBase.start(LifecycleBase.java:171) ~[catalina.jar:9.0.80]
	at org.apache.catalina.core.ContainerBase$StartChild.call(ContainerBase.java:1332) ~[catalina.jar:9.0.80]
	at org.apache.catalina.core.ContainerBase$StartChild.call(ContainerBase.java:1322) ~[catalina.jar:9.0.80]
	at java.util.concurrent.FutureTask.run(FutureTask.java:264) ~[?:?]
	at org.apache.tomcat.util.threads.InlineExecutorService.execute(InlineExecutorService.java:75) ~[tomcat-util.jar:9.0.80]
	at java.util.concurrent.AbstractExecutorService.submit(AbstractExecutorService.java:140) ~[?:?]
	at org.apache.catalina.core.ContainerBase.startInternal(ContainerBase.java:866) ~[catalina.jar:9.0.80]
	at org.apache.catalina.core.StandardEngine.startInternal(StandardEngine.java:249) ~[catalina.jar:9.0.80]
	at org.apache.catalina.util.LifecycleBase.start(LifecycleBase.java:171) ~[catalina.jar:9.0.80]
	at org.apache.catalina.core.StandardService.startInternal(StandardService.java:433) ~[catalina.jar:9.0.80]
	at org.apache.catalina.util.LifecycleBase.start(LifecycleBase.java:171) ~[catalina.jar:9.0.80]
	at org.apache.catalina.core.StandardServer.startInternal(StandardServer.java:922) ~[catalina.jar:9.0.80]
	at org.apache.catalina.util.LifecycleBase.start(LifecycleBase.java:171) ~[catalina.jar:9.0.80]
	at org.apache.catalina.startup.Catalina.start(Catalina.java:772) ~[catalina.jar:9.0.80]
	at jdk.internal.reflect.NativeMethodAccessorImpl.invoke0(Native Method) ~[?:?]
	at jdk.internal.reflect.NativeMethodAccessorImpl.invoke(NativeMethodAccessorImpl.java:62) ~[?:?]
	at jdk.internal.reflect.DelegatingMethodAccessorImpl.invoke(DelegatingMethodAccessorImpl.java:43) ~[?:?]
	at java.lang.reflect.Method.invoke(Method.java:566) ~[?:?]
	at org.apache.catalina.startup.Bootstrap.start(Bootstrap.java:347) ~[bootstrap.jar:9.0.80]
	at org.apache.catalina.startup.Bootstrap.main(Bootstrap.java:478) ~[bootstrap.jar:9.0.80]
Caused by: java.io.IOException: An existing connection was forcibly closed by the remote host, Authentication lapse 0 ms.
	at oracle.jdbc.driver.T4CConnection.logon(T4CConnection.java:874) ~[ojdbc8-19.8.0.0.jar:19.8.0.0.0]
	... 135 more
Caused by: java.io.IOException: An existing connection was forcibly closed by the remote host
	at sun.nio.ch.SocketDispatcher.read0(Native Method) ~[?:?]
	at sun.nio.ch.SocketDispatcher.read(SocketDispatcher.java:43) ~[?:?]
	at sun.nio.ch.IOUtil.readIntoNativeBuffer(IOUtil.java:276) ~[?:?]
	at sun.nio.ch.IOUtil.read(IOUtil.java:245) ~[?:?]
	at sun.nio.ch.IOUtil.read(IOUtil.java:223) ~[?:?]
	at sun.nio.ch.SocketChannelImpl.read(SocketChannelImpl.java:355) ~[?:?]
	at oracle.net.nt.TimeoutSocketChannel.read(TimeoutSocketChannel.java:174) ~[ojdbc8-19.8.0.0.jar:19.8.0.0.0]
	at oracle.net.ns.NSProtocolNIO.doSocketRead(NSProtocolNIO.java:555) ~[ojdbc8-19.8.0.0.jar:19.8.0.0.0]
	at oracle.net.ns.NIOPacket.readNIOPacket(NIOPacket.java:403) ~[ojdbc8-19.8.0.0.jar:19.8.0.0.0]
	at oracle.net.ns.NSProtocolNIO.negotiateConnection(NSProtocolNIO.java:127) ~[ojdbc8-19.8.0.0.jar:19.8.0.0.0]
	at oracle.net.ns.NSProtocol.connect(NSProtocol.java:340) ~[ojdbc8-19.8.0.0.jar:19.8.0.0.0]
	at oracle.jdbc.driver.T4CConnection.connect(T4CConnection.java:1600) ~[ojdbc8-19.8.0.0.jar:19.8.0.0.0]
	at oracle.jdbc.driver.T4CConnection.logon(T4CConnection.java:591) ~[ojdbc8-19.8.0.0.jar:19.8.0.0.0]
	... 135 more
[INFO ] 2023-11-30 11:25:44.160 [main] Dialect - HHH000400: Using dialect: org.hibernate.dialect.Oracle12cDialect
[INFO ] 2023-11-30 11:25:46.472 [main] JtaPlatformInitiator - HHH000490: Using JtaPlatform implementation: [org.hibernate.engine.transaction.jta.platform.internal.NoJtaPlatform]
[INFO ] 2023-11-30 11:25:49.126 [main] DefaultSecurityFilterChain - Creating filter chain: any request, [org.springframework.security.web.context.request.async.WebAsyncManagerIntegrationFilter@2e3e587, org.springframework.security.web.context.SecurityContextPersistenceFilter@27d58238, org.springframework.security.web.header.HeaderWriterFilter@24ba43e0, org.springframework.security.web.authentication.logout.LogoutFilter@1d5e16a9, org.springframework.security.web.authentication.UsernamePasswordAuthenticationFilter@121bc70a, org.springframework.security.web.authentication.ui.DefaultLoginPageGeneratingFilter@1e9d97ff, org.springframework.security.web.authentication.ui.DefaultLogoutPageGeneratingFilter@65514a3d, org.springframework.security.web.savedrequest.RequestCacheAwareFilter@29cf36fb, org.springframework.security.web.servletapi.SecurityContextHolderAwareRequestFilter@27447e9f, org.springframework.security.web.authentication.AnonymousAuthenticationFilter@3776a2f2, org.springframework.security.web.session.SessionManagementFilter@591f4316, org.springframework.security.web.access.ExceptionTranslationFilter@207d6c18, org.springframework.security.web.access.intercept.FilterSecurityInterceptor@343f54c7]
[INFO ] 2023-11-30 11:25:49.191 [main] DispatcherServlet - Completed initialization in 11002 ms
[WARN ] 2023-11-30 11:25:56.955 [http-nio-8080-exec-4] ResourceBundleMessageSource - ResourceBundle [message] not found for MessageSource: Can't find bundle for base name message, locale en_IN
[WARN ] 2023-11-30 11:30:25.181 [http-nio-8080-exec-10] ResourceBundleMessageSource - ResourceBundle [message] not found for MessageSource: Can't find bundle for base name message, locale en_IN
[WARN ] 2023-11-30 11:30:28.906 [http-nio-8080-exec-3] SqlExceptionHelper - SQL Error: 17002, SQLState: 08006
[ERROR] 2023-11-30 11:30:28.907 [http-nio-8080-exec-3] SqlExceptionHelper - IO Error: An existing connection was forcibly closed by the remote host, Authentication lapse 0 ms.
[INFO ] 2023-11-30 11:31:06.542 [http-nio-8080-exec-5] AopImpl - Retrieving all trainee records  : getAllTrainees
 Returned Trainee List : 
[com.nucleus.project.bean.Trainee@7c81a33b, com.nucleus.project.bean.Trainee@908ba72, com.nucleus.project.bean.Trainee@35b87645]
[INFO ] 2023-11-30 11:31:10.393 [http-nio-8080-exec-6] AopImpl - Retrieving all batches  :  getAllBatch
 Returned Customer List : 
[com.nucleus.project.bean.Batch@5ad2d022]
[INFO ] 2023-11-30 11:34:32.485 [http-nio-8080-exec-10] AopImpl - Retrieving all trainee records  : getAllTrainees
 Returned Trainee List : 
[com.nucleus.project.bean.Trainee@329baf80, com.nucleus.project.bean.Trainee@70f63908, com.nucleus.project.bean.Trainee@63fdf605]
[INFO ] 2023-11-30 11:35:51.036 [http-nio-8080-exec-7] AopImpl - Retrieving all batches  :  getAllBatch
 Returned Customer List : 
[com.nucleus.project.bean.Batch@147df3ba, com.nucleus.project.bean.Batch@36ed9446]
[INFO ] 2023-11-30 11:35:53.517 [http-nio-8080-exec-8] AopImpl - Retrieving all trainee records  : getAllTrainees
 Returned Trainee List : 
[com.nucleus.project.bean.Trainee@31c03c87, com.nucleus.project.bean.Trainee@5aa16d91, com.nucleus.project.bean.Trainee@62aa8f54]
[INFO ] 2023-11-30 11:35:55.590 [http-nio-8080-exec-10] AopImpl - Retrieving all batches  :  getAllBatch
 Returned Customer List : 
[com.nucleus.project.bean.Batch@305dae46, com.nucleus.project.bean.Batch@145d9721]
[INFO ] 2023-11-30 11:42:19.824 [http-nio-8080-exec-2] AopImpl - Retrieving all trainee records  : getAllTrainees
 Returned Trainee List : 
[com.nucleus.project.bean.Trainee@35ad93e3, com.nucleus.project.bean.Trainee@5db2bd6c, com.nucleus.project.bean.Trainee@79a4852f]
[INFO ] 2023-11-30 11:42:27.206 [http-nio-8080-exec-4] AopImpl - Retrieving all trainee records  : getAllTrainees
 Returned Trainee List : 
[com.nucleus.project.bean.Trainee@4cf6888b, com.nucleus.project.bean.Trainee@9aba15, com.nucleus.project.bean.Trainee@47b1d9a8]
[WARN ] 2023-11-30 11:43:07.561 [http-nio-8080-exec-8] SqlExceptionHelper - SQL Error: 904, SQLState: 42000
[ERROR] 2023-11-30 11:43:07.561 [http-nio-8080-exec-8] SqlExceptionHelper - ORA-00904: "QUESTIONNAME": invalid identifier

[WARN ] 2023-11-30 11:43:07.577 [http-nio-8080-exec-9] SqlExceptionHelper - SQL Error: 904, SQLState: 42000
[ERROR] 2023-11-30 11:43:07.577 [http-nio-8080-exec-9] SqlExceptionHelper - ORA-00904: "QUESTIONNAME": invalid identifier

[WARN ] 2023-11-30 11:43:07.593 [http-nio-8080-exec-8] SqlExceptionHelper - SQL Error: 904, SQLState: 42000
[ERROR] 2023-11-30 11:43:07.593 [http-nio-8080-exec-8] SqlExceptionHelper - ORA-00904: "QUESTIONNAME": invalid identifier

[WARN ] 2023-11-30 11:43:07.624 [http-nio-8080-exec-9] SqlExceptionHelper - SQL Error: 904, SQLState: 42000
[ERROR] 2023-11-30 11:43:07.624 [http-nio-8080-exec-9] SqlExceptionHelper - ORA-00904: "QUESTIONNAME": invalid identifier

[WARN ] 2023-11-30 11:43:08.692 [http-nio-8080-exec-10] SqlExceptionHelper - SQL Error: 904, SQLState: 42000
[ERROR] 2023-11-30 11:43:08.692 [http-nio-8080-exec-10] SqlExceptionHelper - ORA-00904: "QUESTIONNAME": invalid identifier

[WARN ] 2023-11-30 11:43:08.707 [http-nio-8080-exec-10] SqlExceptionHelper - SQL Error: 904, SQLState: 42000
[ERROR] 2023-11-30 11:43:08.707 [http-nio-8080-exec-10] SqlExceptionHelper - ORA-00904: "QUESTIONNAME": invalid identifier

[WARN ] 2023-11-30 11:43:09.978 [http-nio-8080-exec-1] SqlExceptionHelper - SQL Error: 904, SQLState: 42000
[ERROR] 2023-11-30 11:43:09.978 [http-nio-8080-exec-1] SqlExceptionHelper - ORA-00904: "QUESTIONNAME": invalid identifier

[WARN ] 2023-11-30 11:43:10.020 [http-nio-8080-exec-1] SqlExceptionHelper - SQL Error: 904, SQLState: 42000
[ERROR] 2023-11-30 11:43:10.020 [http-nio-8080-exec-1] SqlExceptionHelper - ORA-00904: "QUESTIONNAME": invalid identifier

[WARN ] 2023-11-30 11:43:10.439 [http-nio-8080-exec-2] SqlExceptionHelper - SQL Error: 904, SQLState: 42000
[ERROR] 2023-11-30 11:43:10.439 [http-nio-8080-exec-2] SqlExceptionHelper - ORA-00904: "QUESTIONNAME": invalid identifier

[WARN ] 2023-11-30 11:43:10.486 [http-nio-8080-exec-2] SqlExceptionHelper - SQL Error: 904, SQLState: 42000
[ERROR] 2023-11-30 11:43:10.486 [http-nio-8080-exec-2] SqlExceptionHelper - ORA-00904: "QUESTIONNAME": invalid identifier

[WARN ] 2023-11-30 11:43:11.602 [http-nio-8080-exec-3] SqlExceptionHelper - SQL Error: 904, SQLState: 42000
[ERROR] 2023-11-30 11:43:11.602 [http-nio-8080-exec-3] SqlExceptionHelper - ORA-00904: "QUESTIONNAME": invalid identifier

[WARN ] 2023-11-30 11:43:11.619 [http-nio-8080-exec-3] SqlExceptionHelper - SQL Error: 904, SQLState: 42000
[ERROR] 2023-11-30 11:43:11.619 [http-nio-8080-exec-3] SqlExceptionHelper - ORA-00904: "QUESTIONNAME": invalid identifier

[WARN ] 2023-11-30 11:43:14.652 [http-nio-8080-exec-4] SqlExceptionHelper - SQL Error: 904, SQLState: 42000
[ERROR] 2023-11-30 11:43:14.652 [http-nio-8080-exec-4] SqlExceptionHelper - ORA-00904: "QUESTIONNAME": invalid identifier

[WARN ] 2023-11-30 11:43:14.681 [http-nio-8080-exec-4] SqlExceptionHelper - SQL Error: 904, SQLState: 42000
[ERROR] 2023-11-30 11:43:14.681 [http-nio-8080-exec-4] SqlExceptionHelper - ORA-00904: "QUESTIONNAME": invalid identifier

[WARN ] 2023-11-30 11:43:14.823 [http-nio-8080-exec-5] SqlExceptionHelper - SQL Error: 904, SQLState: 42000
[ERROR] 2023-11-30 11:43:14.823 [http-nio-8080-exec-5] SqlExceptionHelper - ORA-00904: "QUESTIONNAME": invalid identifier

[WARN ] 2023-11-30 11:43:14.839 [http-nio-8080-exec-5] SqlExceptionHelper - SQL Error: 904, SQLState: 42000
[ERROR] 2023-11-30 11:43:14.839 [http-nio-8080-exec-5] SqlExceptionHelper - ORA-00904: "QUESTIONNAME": invalid identifier

[WARN ] 2023-11-30 11:43:14.868 [http-nio-8080-exec-6] SqlExceptionHelper - SQL Error: 904, SQLState: 42000
[ERROR] 2023-11-30 11:43:14.868 [http-nio-8080-exec-6] SqlExceptionHelper - ORA-00904: "QUESTIONNAME": invalid identifier

[WARN ] 2023-11-30 11:43:14.888 [http-nio-8080-exec-6] SqlExceptionHelper - SQL Error: 904, SQLState: 42000
[ERROR] 2023-11-30 11:43:14.888 [http-nio-8080-exec-6] SqlExceptionHelper - ORA-00904: "QUESTIONNAME": invalid identifier

[WARN ] 2023-11-30 11:43:15.140 [http-nio-8080-exec-7] SqlExceptionHelper - SQL Error: 904, SQLState: 42000
[ERROR] 2023-11-30 11:43:15.140 [http-nio-8080-exec-7] SqlExceptionHelper - ORA-00904: "QUESTIONNAME": invalid identifier

[WARN ] 2023-11-30 11:43:15.155 [http-nio-8080-exec-7] SqlExceptionHelper - SQL Error: 904, SQLState: 42000
[ERROR] 2023-11-30 11:43:15.155 [http-nio-8080-exec-7] SqlExceptionHelper - ORA-00904: "QUESTIONNAME": invalid identifier

[WARN ] 2023-11-30 11:43:15.295 [http-nio-8080-exec-8] SqlExceptionHelper - SQL Error: 904, SQLState: 42000
[ERROR] 2023-11-30 11:43:15.295 [http-nio-8080-exec-8] SqlExceptionHelper - ORA-00904: "QUESTIONNAME": invalid identifier

[WARN ] 2023-11-30 11:43:15.311 [http-nio-8080-exec-8] SqlExceptionHelper - SQL Error: 904, SQLState: 42000
[ERROR] 2023-11-30 11:43:15.311 [http-nio-8080-exec-8] SqlExceptionHelper - ORA-00904: "QUESTIONNAME": invalid identifier

[WARN ] 2023-11-30 11:43:15.988 [http-nio-8080-exec-9] SqlExceptionHelper - SQL Error: 904, SQLState: 42000
[ERROR] 2023-11-30 11:43:15.988 [http-nio-8080-exec-9] SqlExceptionHelper - ORA-00904: "QUESTIONNAME": invalid identifier

[WARN ] 2023-11-30 11:43:16.004 [http-nio-8080-exec-9] SqlExceptionHelper - SQL Error: 904, SQLState: 42000
[ERROR] 2023-11-30 11:43:16.006 [http-nio-8080-exec-9] SqlExceptionHelper - ORA-00904: "QUESTIONNAME": invalid identifier

[WARN ] 2023-11-30 11:43:16.141 [http-nio-8080-exec-10] SqlExceptionHelper - SQL Error: 904, SQLState: 42000
[ERROR] 2023-11-30 11:43:16.141 [http-nio-8080-exec-10] SqlExceptionHelper - ORA-00904: "QUESTIONNAME": invalid identifier

[WARN ] 2023-11-30 11:43:16.156 [http-nio-8080-exec-10] SqlExceptionHelper - SQL Error: 904, SQLState: 42000
[ERROR] 2023-11-30 11:43:16.156 [http-nio-8080-exec-10] SqlExceptionHelper - ORA-00904: "QUESTIONNAME": invalid identifier

[WARN ] 2023-11-30 11:43:16.320 [http-nio-8080-exec-1] SqlExceptionHelper - SQL Error: 904, SQLState: 42000
[ERROR] 2023-11-30 11:43:16.320 [http-nio-8080-exec-1] SqlExceptionHelper - ORA-00904: "QUESTIONNAME": invalid identifier

[WARN ] 2023-11-30 11:43:16.358 [http-nio-8080-exec-1] SqlExceptionHelper - SQL Error: 904, SQLState: 42000
[ERROR] 2023-11-30 11:43:16.358 [http-nio-8080-exec-1] SqlExceptionHelper - ORA-00904: "QUESTIONNAME": invalid identifier

[WARN ] 2023-11-30 11:43:16.437 [http-nio-8080-exec-2] SqlExceptionHelper - SQL Error: 904, SQLState: 42000
[ERROR] 2023-11-30 11:43:16.437 [http-nio-8080-exec-2] SqlExceptionHelper - ORA-00904: "QUESTIONNAME": invalid identifier

[WARN ] 2023-11-30 11:43:16.475 [http-nio-8080-exec-2] SqlExceptionHelper - SQL Error: 904, SQLState: 42000
[ERROR] 2023-11-30 11:43:16.475 [http-nio-8080-exec-2] SqlExceptionHelper - ORA-00904: "QUESTIONNAME": invalid identifier

[WARN ] 2023-11-30 11:43:16.668 [http-nio-8080-exec-3] SqlExceptionHelper - SQL Error: 904, SQLState: 42000
[ERROR] 2023-11-30 11:43:16.668 [http-nio-8080-exec-3] SqlExceptionHelper - ORA-00904: "QUESTIONNAME": invalid identifier

[WARN ] 2023-11-30 11:43:16.686 [http-nio-8080-exec-4] SqlExceptionHelper - SQL Error: 904, SQLState: 42000
[ERROR] 2023-11-30 11:43:16.686 [http-nio-8080-exec-4] SqlExceptionHelper - ORA-00904: "QUESTIONNAME": invalid identifier

[WARN ] 2023-11-30 11:43:16.697 [http-nio-8080-exec-3] SqlExceptionHelper - SQL Error: 904, SQLState: 42000
[ERROR] 2023-11-30 11:43:16.697 [http-nio-8080-exec-3] SqlExceptionHelper - ORA-00904: "QUESTIONNAME": invalid identifier

[WARN ] 2023-11-30 11:43:16.738 [http-nio-8080-exec-4] SqlExceptionHelper - SQL Error: 904, SQLState: 42000
[ERROR] 2023-11-30 11:43:16.738 [http-nio-8080-exec-4] SqlExceptionHelper - ORA-00904: "QUESTIONNAME": invalid identifier

[WARN ] 2023-11-30 11:43:16.954 [http-nio-8080-exec-5] SqlExceptionHelper - SQL Error: 904, SQLState: 42000
[ERROR] 2023-11-30 11:43:16.954 [http-nio-8080-exec-5] SqlExceptionHelper - ORA-00904: "QUESTIONNAME": invalid identifier

[WARN ] 2023-11-30 11:43:16.979 [http-nio-8080-exec-6] SqlExceptionHelper - SQL Error: 904, SQLState: 42000
[ERROR] 2023-11-30 11:43:16.979 [http-nio-8080-exec-6] SqlExceptionHelper - ORA-00904: "QUESTIONNAME": invalid identifier

[WARN ] 2023-11-30 11:43:16.979 [http-nio-8080-exec-5] SqlExceptionHelper - SQL Error: 904, SQLState: 42000
[ERROR] 2023-11-30 11:43:16.979 [http-nio-8080-exec-5] SqlExceptionHelper - ORA-00904: "QUESTIONNAME": invalid identifier

[WARN ] 2023-11-30 11:43:16.999 [http-nio-8080-exec-6] SqlExceptionHelper - SQL Error: 904, SQLState: 42000
[ERROR] 2023-11-30 11:43:16.999 [http-nio-8080-exec-6] SqlExceptionHelper - ORA-00904: "QUESTIONNAME": invalid identifier

[WARN ] 2023-11-30 11:43:17.003 [http-nio-8080-exec-7] SqlExceptionHelper - SQL Error: 904, SQLState: 42000
[ERROR] 2023-11-30 11:43:17.003 [http-nio-8080-exec-7] SqlExceptionHelper - ORA-00904: "QUESTIONNAME": invalid identifier

[WARN ] 2023-11-30 11:43:17.025 [http-nio-8080-exec-7] SqlExceptionHelper - SQL Error: 904, SQLState: 42000
[ERROR] 2023-11-30 11:43:17.025 [http-nio-8080-exec-7] SqlExceptionHelper - ORA-00904: "QUESTIONNAME": invalid identifier

[WARN ] 2023-11-30 11:43:22.993 [http-nio-8080-exec-8] SqlExceptionHelper - SQL Error: 904, SQLState: 42000
[ERROR] 2023-11-30 11:43:22.993 [http-nio-8080-exec-8] SqlExceptionHelper - ORA-00904: "QUESTIONNAME": invalid identifier

[WARN ] 2023-11-30 11:43:23.009 [http-nio-8080-exec-8] SqlExceptionHelper - SQL Error: 904, SQLState: 42000
[ERROR] 2023-11-30 11:43:23.009 [http-nio-8080-exec-8] SqlExceptionHelper - ORA-00904: "QUESTIONNAME": invalid identifier

[WARN ] 2023-11-30 11:43:23.248 [http-nio-8080-exec-9] SqlExceptionHelper - SQL Error: 904, SQLState: 42000
[ERROR] 2023-11-30 11:43:23.248 [http-nio-8080-exec-9] SqlExceptionHelper - ORA-00904: "QUESTIONNAME": invalid identifier

[WARN ] 2023-11-30 11:43:23.273 [http-nio-8080-exec-9] SqlExceptionHelper - SQL Error: 904, SQLState: 42000
[ERROR] 2023-11-30 11:43:23.273 [http-nio-8080-exec-9] SqlExceptionHelper - ORA-00904: "QUESTIONNAME": invalid identifier

[WARN ] 2023-11-30 11:43:23.318 [http-nio-8080-exec-10] SqlExceptionHelper - SQL Error: 904, SQLState: 42000
[ERROR] 2023-11-30 11:43:23.318 [http-nio-8080-exec-10] SqlExceptionHelper - ORA-00904: "QUESTIONNAME": invalid identifier

[WARN ] 2023-11-30 11:43:23.374 [http-nio-8080-exec-10] SqlExceptionHelper - SQL Error: 904, SQLState: 42000
[ERROR] 2023-11-30 11:43:23.374 [http-nio-8080-exec-10] SqlExceptionHelper - ORA-00904: "QUESTIONNAME": invalid identifier

[WARN ] 2023-11-30 11:43:23.542 [http-nio-8080-exec-1] SqlExceptionHelper - SQL Error: 904, SQLState: 42000
[ERROR] 2023-11-30 11:43:23.542 [http-nio-8080-exec-1] SqlExceptionHelper - ORA-00904: "QUESTIONNAME": invalid identifier

[WARN ] 2023-11-30 11:43:23.574 [http-nio-8080-exec-1] SqlExceptionHelper - SQL Error: 904, SQLState: 42000
[ERROR] 2023-11-30 11:43:23.574 [http-nio-8080-exec-1] SqlExceptionHelper - ORA-00904: "QUESTIONNAME": invalid identifier

[WARN ] 2023-11-30 11:43:23.668 [http-nio-8080-exec-9] SqlExceptionHelper - SQL Error: 904, SQLState: 42000
[ERROR] 2023-11-30 11:43:23.668 [http-nio-8080-exec-9] SqlExceptionHelper - ORA-00904: "QUESTIONNAME": invalid identifier

[WARN ] 2023-11-30 11:43:23.692 [http-nio-8080-exec-9] SqlExceptionHelper - SQL Error: 904, SQLState: 42000
[ERROR] 2023-11-30 11:43:23.700 [http-nio-8080-exec-9] SqlExceptionHelper - ORA-00904: "QUESTIONNAME": invalid identifier

[WARN ] 2023-11-30 11:43:23.805 [http-nio-8080-exec-3] SqlExceptionHelper - SQL Error: 904, SQLState: 42000
[ERROR] 2023-11-30 11:43:23.821 [http-nio-8080-exec-3] SqlExceptionHelper - ORA-00904: "QUESTIONNAME": invalid identifier

[WARN ] 2023-11-30 11:43:23.839 [http-nio-8080-exec-3] SqlExceptionHelper - SQL Error: 904, SQLState: 42000
[ERROR] 2023-11-30 11:43:23.839 [http-nio-8080-exec-3] SqlExceptionHelper - ORA-00904: "QUESTIONNAME": invalid identifier

[WARN ] 2023-11-30 11:43:23.992 [http-nio-8080-exec-4] SqlExceptionHelper - SQL Error: 904, SQLState: 42000
[ERROR] 2023-11-30 11:43:23.992 [http-nio-8080-exec-4] SqlExceptionHelper - ORA-00904: "QUESTIONNAME": invalid identifier

[WARN ] 2023-11-30 11:43:24.007 [http-nio-8080-exec-4] SqlExceptionHelper - SQL Error: 904, SQLState: 42000
[ERROR] 2023-11-30 11:43:24.007 [http-nio-8080-exec-4] SqlExceptionHelper - ORA-00904: "QUESTIONNAME": invalid identifier

[WARN ] 2023-11-30 11:43:24.932 [http-nio-8080-exec-5] SqlExceptionHelper - SQL Error: 904, SQLState: 42000
[ERROR] 2023-11-30 11:43:24.932 [http-nio-8080-exec-5] SqlExceptionHelper - ORA-00904: "QUESTIONNAME": invalid identifier

[WARN ] 2023-11-30 11:43:24.951 [http-nio-8080-exec-5] SqlExceptionHelper - SQL Error: 904, SQLState: 42000
[ERROR] 2023-11-30 11:43:24.951 [http-nio-8080-exec-5] SqlExceptionHelper - ORA-00904: "QUESTIONNAME": invalid identifier

[WARN ] 2023-11-30 11:43:25.833 [http-nio-8080-exec-6] SqlExceptionHelper - SQL Error: 904, SQLState: 42000
[ERROR] 2023-11-30 11:43:25.833 [http-nio-8080-exec-6] SqlExceptionHelper - ORA-00904: "QUESTIONNAME": invalid identifier

[WARN ] 2023-11-30 11:43:25.896 [http-nio-8080-exec-6] SqlExceptionHelper - SQL Error: 904, SQLState: 42000
[ERROR] 2023-11-30 11:43:25.896 [http-nio-8080-exec-6] SqlExceptionHelper - ORA-00904: "QUESTIONNAME": invalid identifier

[WARN ] 2023-11-30 11:43:25.957 [http-nio-8080-exec-7] SqlExceptionHelper - SQL Error: 904, SQLState: 42000
[ERROR] 2023-11-30 11:43:25.957 [http-nio-8080-exec-7] SqlExceptionHelper - ORA-00904: "QUESTIONNAME": invalid identifier

[WARN ] 2023-11-30 11:43:25.971 [http-nio-8080-exec-7] SqlExceptionHelper - SQL Error: 904, SQLState: 42000
[ERROR] 2023-11-30 11:43:25.971 [http-nio-8080-exec-7] SqlExceptionHelper - ORA-00904: "QUESTIONNAME": invalid identifier

[WARN ] 2023-11-30 11:43:26.085 [http-nio-8080-exec-8] SqlExceptionHelper - SQL Error: 904, SQLState: 42000
[ERROR] 2023-11-30 11:43:26.086 [http-nio-8080-exec-8] SqlExceptionHelper - ORA-00904: "QUESTIONNAME": invalid identifier

[WARN ] 2023-11-30 11:43:26.101 [http-nio-8080-exec-8] SqlExceptionHelper - SQL Error: 904, SQLState: 42000
[ERROR] 2023-11-30 11:43:26.101 [http-nio-8080-exec-8] SqlExceptionHelper - ORA-00904: "QUESTIONNAME": invalid identifier

[WARN ] 2023-11-30 11:43:26.228 [http-nio-8080-exec-2] SqlExceptionHelper - SQL Error: 904, SQLState: 42000
[ERROR] 2023-11-30 11:43:26.228 [http-nio-8080-exec-2] SqlExceptionHelper - ORA-00904: "QUESTIONNAME": invalid identifier

[WARN ] 2023-11-30 11:43:26.238 [http-nio-8080-exec-2] SqlExceptionHelper - SQL Error: 904, SQLState: 42000
[ERROR] 2023-11-30 11:43:26.252 [http-nio-8080-exec-2] SqlExceptionHelper - ORA-00904: "QUESTIONNAME": invalid identifier

[WARN ] 2023-11-30 11:43:27.976 [http-nio-8080-exec-10] SqlExceptionHelper - SQL Error: 904, SQLState: 42000
[ERROR] 2023-11-30 11:43:27.976 [http-nio-8080-exec-10] SqlExceptionHelper - ORA-00904: "QUESTIONNAME": invalid identifier

[WARN ] 2023-11-30 11:43:28.007 [http-nio-8080-exec-10] SqlExceptionHelper - SQL Error: 904, SQLState: 42000
[ERROR] 2023-11-30 11:43:28.007 [http-nio-8080-exec-10] SqlExceptionHelper - ORA-00904: "QUESTIONNAME": invalid identifier

[WARN ] 2023-11-30 11:43:29.607 [http-nio-8080-exec-1] SqlExceptionHelper - SQL Error: 904, SQLState: 42000
[ERROR] 2023-11-30 11:43:29.607 [http-nio-8080-exec-1] SqlExceptionHelper - ORA-00904: "QUESTIONNAME": invalid identifier

[WARN ] 2023-11-30 11:43:29.639 [http-nio-8080-exec-1] SqlExceptionHelper - SQL Error: 904, SQLState: 42000
[ERROR] 2023-11-30 11:43:29.639 [http-nio-8080-exec-1] SqlExceptionHelper - ORA-00904: "QUESTIONNAME": invalid identifier

[WARN ] 2023-11-30 11:43:29.661 [http-nio-8080-exec-3] SqlExceptionHelper - SQL Error: 904, SQLState: 42000
[ERROR] 2023-11-30 11:43:29.664 [http-nio-8080-exec-3] SqlExceptionHelper - ORA-00904: "QUESTIONNAME": invalid identifier

[WARN ] 2023-11-30 11:43:29.686 [http-nio-8080-exec-9] SqlExceptionHelper - SQL Error: 904, SQLState: 42000
[ERROR] 2023-11-30 11:43:29.686 [http-nio-8080-exec-9] SqlExceptionHelper - ORA-00904: "QUESTIONNAME": invalid identifier

[WARN ] 2023-11-30 11:43:29.796 [http-nio-8080-exec-3] SqlExceptionHelper - SQL Error: 904, SQLState: 42000
[ERROR] 2023-11-30 11:43:29.796 [http-nio-8080-exec-3] SqlExceptionHelper - ORA-00904: "QUESTIONNAME": invalid identifier

[WARN ] 2023-11-30 11:43:29.796 [http-nio-8080-exec-9] SqlExceptionHelper - SQL Error: 904, SQLState: 42000
[ERROR] 2023-11-30 11:43:29.796 [http-nio-8080-exec-9] SqlExceptionHelper - ORA-00904: "QUESTIONNAME": invalid identifier

[WARN ] 2023-11-30 11:43:30.973 [http-nio-8080-exec-4] SqlExceptionHelper - SQL Error: 904, SQLState: 42000
[ERROR] 2023-11-30 11:43:30.973 [http-nio-8080-exec-4] SqlExceptionHelper - ORA-00904: "QUESTIONNAME": invalid identifier

[WARN ] 2023-11-30 11:43:30.989 [http-nio-8080-exec-4] SqlExceptionHelper - SQL Error: 904, SQLState: 42000
[ERROR] 2023-11-30 11:43:30.989 [http-nio-8080-exec-4] SqlExceptionHelper - ORA-00904: "QUESTIONNAME": invalid identifier

[INFO ] 2023-11-30 11:43:35.356 [http-nio-8080-exec-5] AopImpl - Retrieving all trainee records  : getAllTrainees
 Returned Trainee List : 
[com.nucleus.project.bean.Trainee@7599d9d3, com.nucleus.project.bean.Trainee@15dd023a, com.nucleus.project.bean.Trainee@1b15ec76]
